#
# A fatal error has been detected by the Java Runtime Environment:
#
#  SIGSEGV (0xb) at pc=0x00000001096de871, pid=67926, tid=0x0000000000000307
#
# JRE version: Java(TM) SE Runtime Environment (8.0_161-b12) (build 1.8.0_161-b12)
# Java VM: Java HotSpot(TM) 64-Bit Server VM (25.161-b12 mixed mode bsd-amd64 compressed oops)
# Problematic frame:
# V  [libjvm.dylib+0x4de871]
#
# Failed to write core dump. Core dumps have been disabled. To enable core dumping, try "ulimit -c unlimited" before starting Java again
#
# If you would like to submit a bug report, please visit:
#   http://bugreport.java.com/bugreport/crash.jsp
#

---------------  T H R E A D  ---------------

Current thread is native thread

siginfo: si_signo: 11 (SIGSEGV), si_code: 1 (SEGV_MAPERR), si_addr: 0x0000000000000130

Registers:
RAX=0x0000000000000000, RBX=0x0000000000000000, RCX=0x00007fb387f10cf8, RDX=0x00007fb38bc20730
RSP=0x00007ffee731a420, RBP=0x00007ffee731a430, RSI=0x0000000000000000, RDI=0x0000000000000109
R8 =0x00007fb387ca6f60, R9 =0x00007ffee731a5e8, R10=0x0000000796be5218, R11=0x00007fb38d678801
R12=0x00007fb3899bf000, R13=0x00007ffee731a490, R14=0x0000000000000078, R15=0x000000000000000f
RIP=0x00000001096de871, EFLAGS=0x0000000000010246, ERR=0x0000000000000004
  TRAPNO=0x000000000000000e

Top of Stack: (sp=0x00007ffee731a420)
0x00007ffee731a420:   00007ffee731a490 000000000000000e
0x00007ffee731a430:   00007ffee731a460 0000000109475960
0x00007ffee731a440:   0000000000000030 00007ffee731a5e8
0x00007ffee731a450:   00000001643ec298 000000000000000e
0x00007ffee731a460:   00007ffee731a5d0 0000000109526a7b
0x00007ffee731a470:   00007ffee731a4d0 00007fb387d57be0
0x00007ffee731a480:   00007fb3899bf1f8 00007ffee731a628
0x00007ffee731a490:   0000000000000000 0000000000000000
0x00007ffee731a4a0:   00007ffee731a4d0 00007fb389006000
0x00007ffee731a4b0:   00007ffee731a4d0 0000000000003262
0x00007ffee731a4c0:   0000000796bcbf08 0000000000003262
0x00007ffee731a4d0:   00007ffee731a530 000000010939f92d
0x00007ffee731a4e0:   4095100000000000 00007fff7c012680
0x00007ffee731a4f0:   00000007c048b0e0 00007fb3899bf058
0x00007ffee731a500:   000000000000000a 00007fb38bc15a90
0x00007ffee731a510:   00007fb387f10910 00007fb387f10920
0x00007ffee731a520:   00007fb387f10cf8 00000000000003d8
0x00007ffee731a530:   00007ffee731a570 0000000a092b346d
0x00007ffee731a540:   0000000796bcbf08 00007fb3899bf000
0x00007ffee731a550:   0000000796bcbf08 00007fb3899bf000
0x00007ffee731a560:   00000007c048b0e0 000000000000000a
0x00007ffee731a570:   00007ffee731a5b0 00000001094c530a
0x00007ffee731a580:   0000000000000005 0000000000000000
0x00007ffee731a590:   00007fb3899bf000 00007fb3899bf1f8
0x00007ffee731a5a0:   00000001643ec298 00007ffee731a790
0x00007ffee731a5b0:   00007fb3899bf1f8 00007fb3899bf000
0x00007ffee731a5c0:   00007fb387ca6f60 00007fb387f271b0
0x00007ffee731a5d0:   00007ffee731a690 0000000109516721
0x00007ffee731a5e0:   00007fb3899bf000 0000000109a35da0
0x00007ffee731a5f0:   00007fb389068900 00000000e731a610
0x00007ffee731a600:   00007ffe00000063 0000000000000000
0x00007ffee731a610:   0000003000000010 00007ffee731a790 

Instructions: (pc=0x00000001096de871)
0x00000001096de851:   5b 41 5e 5d c3 55 48 89 e5 41 56 53 89 f3 49 89
0x00000001096de861:   fe 48 8d 05 a7 d9 35 00 48 63 38 e8 8b 0a 0f 00
0x00000001096de871:   48 8b b8 30 01 00 00 4c 89 f6 89 da 5b 41 5e 5d
0x00000001096de881:   e9 26 d2 c4 ff 55 48 89 e5 41 56 53 48 89 fb 49 

Register to memory mapping:

RAX=0x0000000000000000 is an unknown value
RBX=0x0000000000000000 is an unknown value
RCX=0x00007fb387f10cf8 is an unknown value
RDX=0x00007fb38bc20730 is an unknown value
RSP=0x00007ffee731a420 is an unknown value
RBP=0x00007ffee731a430 is an unknown value
RSI=0x0000000000000000 is an unknown value
RDI=0x0000000000000109 is an unknown value
R8 =0x00007fb387ca6f60 is an unknown value
R9 =0x00007ffee731a5e8 is an unknown value
R10=0x0000000796be5218 is an oop

[error occurred during error reporting (printing register info), id 0xb]

Stack: [0x00007ffee6b1e000,0x00007ffee731e000],  sp=0x00007ffee731a420,  free space=8177k
Native frames: (J=compiled Java code, j=interpreted, Vv=VM code, C=native code)
V  [libjvm.dylib+0x4de871]
V  [libjvm.dylib+0x275960]
V  [libjvm.dylib+0x326a7b]
V  [libjvm.dylib+0x316721]
C  [JavaNativeFoundation+0x4b86]  JNFNewObject+0xb0
C  [libawt_lwawt.dylib+0x7b34]  -[AWTView deliverJavaMouseEvent:]+0x357
C  [libawt_lwawt.dylib+0x9865]  +[AWTWindow synthesizeMouseEnteredExitedEventsForAllWindows]+0x10c
C  [libawt_lwawt.dylib+0xc1e8]  __Java_sun_lwawt_macosx_CPlatformWindow_nativeSynthesizeMouseEnteredExitedEvents___block_invoke_1+0x65
C  [JavaNativeFoundation+0x6fce]  +[JNFRunLoop _performCopiedBlock:]+0x11
C  [Foundation+0xb0972]  __NSThreadPerformPerform+0x148
C  [CoreFoundation+0x575e3]  __CFRUNLOOP_IS_CALLING_OUT_TO_A_SOURCE0_PERFORM_FUNCTION__+0x11
C  [CoreFoundation+0x57589]  __CFRunLoopDoSource0+0x6c
C  [CoreFoundation+0x3af3b]  __CFRunLoopDoSources0+0xc3
C  [CoreFoundation+0x3a505]  __CFRunLoopRun+0x4a5
C  [CoreFoundation+0x39e0e]  CFRunLoopRunSpecific+0x1c7
C  [java+0x647a]  CreateExecutionEnvironment+0x367
C  [java+0x212c]  JLI_Launch+0x7a0
C  [java+0x84d7]  main+0x65
C  [java+0x1984]  start+0x34


---------------  P R O C E S S  ---------------

VM state:not at safepoint (normal execution)

VM Mutex/Monitor currently owned by a thread: None

Heap:
 PSYoungGen      total 41472K, used 27593K [0x0000000795580000, 0x0000000798900000, 0x00000007c0000000)
  eden space 30208K, 75% used [0x0000000795580000,0x0000000796bea530,0x0000000797300000)
  from space 11264K, 41% used [0x0000000797e00000,0x0000000798288000,0x0000000798900000)
  to   space 11264K, 0% used [0x0000000797300000,0x0000000797300000,0x0000000797e00000)
 ParOldGen       total 93696K, used 26072K [0x0000000740000000, 0x0000000745b80000, 0x0000000795580000)
  object space 93696K, 27% used [0x0000000740000000,0x00000007419760e0,0x0000000745b80000)
 Metaspace       used 36458K, capacity 37879K, committed 38064K, reserved 1081344K
  class space    used 4976K, capacity 5291K, committed 5296K, reserved 1048576K

Card table byte_map: [0x000000010a56e000,0x000000010a96f000] byte_map_base: 0x0000000106b6e000

Marking Bits: (ParMarkBitMap*) 0x0000000109af76c0
 Begin Bits: [0x000000011af71000, 0x000000011cf71000)
 End Bits:   [0x000000011cf71000, 0x000000011ef71000)

Polling page: 0x000000010895b000

CodeCache: size=245760Kb used=20889Kb max_used=22542Kb free=224870Kb
 bounds [0x000000010bf71000, 0x000000010d621000, 0x000000011af71000]
 total_blobs=6912 nmethods=6003 adapters=822
 compilation: enabled

Compilation events (10 events):
Event: 4909.425 Thread 0x00007fb389842800 nmethod 7526 0x000000010c89c510 code [0x000000010c89c660, 0x000000010c89c750]
Event: 4909.425 Thread 0x00007fb389842800 7527  s    3       java.util.Hashtable::remove (133 bytes)
Event: 4909.426 Thread 0x00007fb389842800 nmethod 7527 0x000000010cfde190 code [0x000000010cfde340, 0x000000010cfdeb98]
Event: 4909.427 Thread 0x00007fb389842800 7528       1       jade.core.ServiceDescriptor::getService (5 bytes)
Event: 4909.427 Thread 0x00007fb389842800 nmethod 7528 0x000000010d1d83d0 code [0x000000010d1d8520, 0x000000010d1d8630]
Event: 4909.429 Thread 0x00007fb389842000 7529   !   4       jade.core.management.AgentManagementService$CommandSourceSink::handleInformStateChanged (212 bytes)
Event: 4909.430 Thread 0x00007fb389842800 7530       3       java.awt.EventQueue::getAccessControlContextFrom (53 bytes)
Event: 4909.430 Thread 0x00007fb389842800 nmethod 7530 0x000000010d189bd0 code [0x000000010d189dc0, 0x000000010d18a8e8]
Event: 4909.435 Thread 0x00007fb389842000 nmethod 7529 0x000000010cac8250 code [0x000000010cac8420, 0x000000010cac8938]
Event: 4909.437 Thread 0x00007fb389842800 7531       3       java.awt.Container::createHierarchyEvents (75 bytes)

GC Heap History (10 events):
Event: 2748.715 GC heap before
{Heap before GC invocations=46 (full 2):
 PSYoungGen      total 41472K, used 37728K [0x0000000795580000, 0x0000000798900000, 0x00000007c0000000)
  eden space 30208K, 100% used [0x0000000795580000,0x0000000797300000,0x0000000797300000)
  from space 11264K, 66% used [0x0000000797300000,0x0000000797a58000,0x0000000797e00000)
  to   space 11264K, 0% used [0x0000000797e00000,0x0000000797e00000,0x0000000798900000)
 ParOldGen       total 93696K, used 23080K [0x0000000740000000, 0x0000000745b80000, 0x0000000795580000)
  object space 93696K, 24% used [0x0000000740000000,0x000000074168a0e0,0x0000000745b80000)
 Metaspace       used 36293K, capacity 37723K, committed 37808K, reserved 1081344K
  class space    used 4950K, capacity 5245K, committed 5296K, reserved 1048576K
Event: 2748.723 GC heap after
Heap after GC invocations=46 (full 2):
 PSYoungGen      total 41472K, used 6976K [0x0000000795580000, 0x0000000798900000, 0x00000007c0000000)
  eden space 30208K, 0% used [0x0000000795580000,0x0000000795580000,0x0000000797300000)
  from space 11264K, 61% used [0x0000000797e00000,0x00000007984d0000,0x0000000798900000)
  to   space 11264K, 0% used [0x0000000797300000,0x0000000797300000,0x0000000797e00000)
 ParOldGen       total 93696K, used 23664K [0x0000000740000000, 0x0000000745b80000, 0x0000000795580000)
  object space 93696K, 25% used [0x0000000740000000,0x000000074171c0e0,0x0000000745b80000)
 Metaspace       used 36293K, capacity 37723K, committed 37808K, reserved 1081344K
  class space    used 4950K, capacity 5245K, committed 5296K, reserved 1048576K
}
Event: 3167.325 GC heap before
{Heap before GC invocations=47 (full 2):
 PSYoungGen      total 41472K, used 37184K [0x0000000795580000, 0x0000000798900000, 0x00000007c0000000)
  eden space 30208K, 100% used [0x0000000795580000,0x0000000797300000,0x0000000797300000)
  from space 11264K, 61% used [0x0000000797e00000,0x00000007984d0000,0x0000000798900000)
  to   space 11264K, 0% used [0x0000000797300000,0x0000000797300000,0x0000000797e00000)
 ParOldGen       total 93696K, used 23664K [0x0000000740000000, 0x0000000745b80000, 0x0000000795580000)
  object space 93696K, 25% used [0x0000000740000000,0x000000074171c0e0,0x0000000745b80000)
 Metaspace       used 36293K, capacity 37723K, committed 37808K, reserved 1081344K
  class space    used 4950K, capacity 5245K, committed 5296K, reserved 1048576K
Event: 3167.331 GC heap after
Heap after GC invocations=47 (full 2):
 PSYoungGen      total 41472K, used 6368K [0x0000000795580000, 0x0000000798900000, 0x00000007c0000000)
  eden space 30208K, 0% used [0x0000000795580000,0x0000000795580000,0x0000000797300000)
  from space 11264K, 56% used [0x0000000797300000,0x0000000797938000,0x0000000797e00000)
  to   space 11264K, 0% used [0x0000000797e00000,0x0000000797e00000,0x0000000798900000)
 ParOldGen       total 93696K, used 24256K [0x0000000740000000, 0x0000000745b80000, 0x0000000795580000)
  object space 93696K, 25% used [0x0000000740000000,0x00000007417b00e0,0x0000000745b80000)
 Metaspace       used 36293K, capacity 37723K, committed 37808K, reserved 1081344K
  class space    used 4950K, capacity 5245K, committed 5296K, reserved 1048576K
}
Event: 3687.785 GC heap before
{Heap before GC invocations=48 (full 2):
 PSYoungGen      total 41472K, used 36576K [0x0000000795580000, 0x0000000798900000, 0x00000007c0000000)
  eden space 30208K, 100% used [0x0000000795580000,0x0000000797300000,0x0000000797300000)
  from space 11264K, 56% used [0x0000000797300000,0x0000000797938000,0x0000000797e00000)
  to   space 11264K, 0% used [0x0000000797e00000,0x0000000797e00000,0x0000000798900000)
 ParOldGen       total 93696K, used 24256K [0x0000000740000000, 0x0000000745b80000, 0x0000000795580000)
  object space 93696K, 25% used [0x0000000740000000,0x00000007417b00e0,0x0000000745b80000)
 Metaspace       used 36293K, capacity 37723K, committed 37808K, reserved 1081344K
  class space    used 4950K, capacity 5245K, committed 5296K, reserved 1048576K
Event: 3687.792 GC heap after
Heap after GC invocations=48 (full 2):
 PSYoungGen      total 41472K, used 5792K [0x0000000795580000, 0x0000000798900000, 0x00000007c0000000)
  eden space 30208K, 0% used [0x0000000795580000,0x0000000795580000,0x0000000797300000)
  from space 11264K, 51% used [0x0000000797e00000,0x00000007983a8000,0x0000000798900000)
  to   space 11264K, 0% used [0x0000000797300000,0x0000000797300000,0x0000000797e00000)
 ParOldGen       total 93696K, used 24856K [0x0000000740000000, 0x0000000745b80000, 0x0000000795580000)
  object space 93696K, 26% used [0x0000000740000000,0x00000007418460e0,0x0000000745b80000)
 Metaspace       used 36293K, capacity 37723K, committed 37808K, reserved 1081344K
  class space    used 4950K, capacity 5245K, committed 5296K, reserved 1048576K
}
Event: 4159.460 GC heap before
{Heap before GC invocations=49 (full 2):
 PSYoungGen      total 41472K, used 36000K [0x0000000795580000, 0x0000000798900000, 0x00000007c0000000)
  eden space 30208K, 100% used [0x0000000795580000,0x0000000797300000,0x0000000797300000)
  from space 11264K, 51% used [0x0000000797e00000,0x00000007983a8000,0x0000000798900000)
  to   space 11264K, 0% used [0x0000000797300000,0x0000000797300000,0x0000000797e00000)
 ParOldGen       total 93696K, used 24856K [0x0000000740000000, 0x0000000745b80000, 0x0000000795580000)
  object space 93696K, 26% used [0x0000000740000000,0x00000007418460e0,0x0000000745b80000)
 Metaspace       used 36302K, capacity 37723K, committed 37808K, reserved 1081344K
  class space    used 4950K, capacity 5245K, committed 5296K, reserved 1048576K
Event: 4159.466 GC heap after
Heap after GC invocations=49 (full 2):
 PSYoungGen      total 41472K, used 5216K [0x0000000795580000, 0x0000000798900000, 0x00000007c0000000)
  eden space 30208K, 0% used [0x0000000795580000,0x0000000795580000,0x0000000797300000)
  from space 11264K, 46% used [0x0000000797300000,0x0000000797818000,0x0000000797e00000)
  to   space 11264K, 0% used [0x0000000797e00000,0x0000000797e00000,0x0000000798900000)
 ParOldGen       total 93696K, used 25472K [0x0000000740000000, 0x0000000745b80000, 0x0000000795580000)
  object space 93696K, 27% used [0x0000000740000000,0x00000007418e00e0,0x0000000745b80000)
 Metaspace       used 36302K, capacity 37723K, committed 37808K, reserved 1081344K
  class space    used 4950K, capacity 5245K, committed 5296K, reserved 1048576K
}
Event: 4549.868 GC heap before
{Heap before GC invocations=50 (full 2):
 PSYoungGen      total 41472K, used 35424K [0x0000000795580000, 0x0000000798900000, 0x00000007c0000000)
  eden space 30208K, 100% used [0x0000000795580000,0x0000000797300000,0x0000000797300000)
  from space 11264K, 46% used [0x0000000797300000,0x0000000797818000,0x0000000797e00000)
  to   space 11264K, 0% used [0x0000000797e00000,0x0000000797e00000,0x0000000798900000)
 ParOldGen       total 93696K, used 25472K [0x0000000740000000, 0x0000000745b80000, 0x0000000795580000)
  object space 93696K, 27% used [0x0000000740000000,0x00000007418e00e0,0x0000000745b80000)
 Metaspace       used 36303K, capacity 37723K, committed 37808K, reserved 1081344K
  class space    used 4950K, capacity 5245K, committed 5296K, reserved 1048576K
Event: 4549.874 GC heap after
Heap after GC invocations=50 (full 2):
 PSYoungGen      total 41472K, used 4640K [0x0000000795580000, 0x0000000798900000, 0x00000007c0000000)
  eden space 30208K, 0% used [0x0000000795580000,0x0000000795580000,0x0000000797300000)
  from space 11264K, 41% used [0x0000000797e00000,0x0000000798288000,0x0000000798900000)
  to   space 11264K, 0% used [0x0000000797300000,0x0000000797300000,0x0000000797e00000)
 ParOldGen       total 93696K, used 26072K [0x0000000740000000, 0x0000000745b80000, 0x0000000795580000)
  object space 93696K, 27% used [0x0000000740000000,0x00000007419760e0,0x0000000745b80000)
 Metaspace       used 36303K, capacity 37723K, committed 37808K, reserved 1081344K
  class space    used 4950K, capacity 5245K, committed 5296K, reserved 1048576K
}

Deoptimization events (10 events):
Event: 4867.843 Thread 0x00007fb3899bf000 Uncommon trap: reason=unstable_if action=reinterpret pc=0x000000010d1fb68c method=com.sun.javafx.event.EventUtil.fireEvent(Ljavafx/event/EventTarget;Ljavafx/event/Event;)Ljavafx/event/Event; @ 25
Event: 4867.843 Thread 0x00007fb3899bf000 Uncommon trap: reason=unstable_if action=reinterpret pc=0x000000010ca50844 method=com.sun.javafx.event.EventDispatchChainImpl.ensureCapacity(I)V @ 19
Event: 4867.882 Thread 0x00007fb3899bf000 Uncommon trap: reason=unstable_if action=reinterpret pc=0x000000010cc5daf8 method=com.sun.javafx.application.PlatformImpl.checkIdle()V @ 40
Event: 4867.889 Thread 0x00007fb38991b000 Uncommon trap: reason=unstable_if action=reinterpret pc=0x000000010ccf6f28 method=com.sun.javafx.application.PlatformImpl.runLater(Ljava/lang/Runnable;Z)V @ 48
Event: 4867.896 Thread 0x00007fb38826a800 Uncommon trap: reason=unstable_if action=reinterpret pc=0x000000010caecd9c method=java.util.concurrent.locks.AbstractQueuedSynchronizer$ConditionObject.checkInterruptWhileWaiting(Ljava/util/concurrent/locks/AbstractQueuedSynchronizer$Node;)I @ 3
Event: 4874.384 Thread 0x00007fb38d6f2800 Uncommon trap: reason=unstable_if action=reinterpret pc=0x000000010c9e8408 method=sun.util.calendar.BaseCalendar$Date.hit(J)Z @ 15
Event: 4909.416 Thread 0x00007fb38d6f2800 Uncommon trap: reason=unstable_if action=reinterpret pc=0x000000010c457550 method=jade.core.messaging.MessagingService$CommandTargetSink.consume(Ljade/core/VerticalCommand;)V @ 13
Event: 4909.424 Thread 0x00007fb3885b0800 Uncommon trap: reason=null_check action=make_not_entrant pc=0x000000010d19c1cc method=jade.core.CommandProcessor$SinksFilter.accept(Ljade/core/VerticalCommand;)Z @ 19
Event: 4909.425 Thread 0x00007fb3885b0800 Uncommon trap: reason=unstable_if action=reinterpret pc=0x000000010d4833b8 method=java.util.HashMap.removeNode(ILjava/lang/Object;Ljava/lang/Object;ZZ)Ljava/util/HashMap$Node; @ 121
Event: 4909.432 Thread 0x00007fb38d6f2800 Uncommon trap: reason=bimorphic action=maybe_recompile pc=0x000000010c4ad310 method=java.net.URL.<init>(Ljava/net/URL;Ljava/lang/String;Ljava/net/URLStreamHandler;)V @ 504

Classes redefined (0 events):
No events

Internal exceptions (10 events):
Event: 1598.721 Thread 0x00007fb389b78000 Exception <a 'java/lang/ArrayIndexOutOfBoundsException': 0> (0x000000079706a088) thrown at [/Users/java_re/workspace/8-2-build-macosx-x86_64/jdk8u161/10277/hotspot/src/share/vm/interpreter/interpreterRuntime.cpp, line 366]
Event: 1599.721 Thread 0x00007fb389124000 Implicit null exception at 0x000000010d55e57b to 0x000000010d560616
Event: 4867.832 Thread 0x00007fb3899bf000 Implicit null exception at 0x000000010c926750 to 0x000000010c926a41
Event: 4867.842 Thread 0x00007fb3899bf000 Implicit null exception at 0x000000010c96728a to 0x000000010c9677b5
Event: 4867.843 Thread 0x00007fb3899bf000 Implicit null exception at 0x000000010ca4f7a0 to 0x000000010ca50821
Event: 4909.428 Thread 0x00007fb389c3f000 Exception <a 'java/lang/InterruptedException'> (0x0000000796af06e0) thrown at [/Users/java_re/workspace/8-2-build-macosx-x86_64/jdk8u161/10277/hotspot/src/share/vm/runtime/objectMonitor.cpp, line 1684]
Event: 4909.430 Thread 0x00007fb389b78000 Exception <a 'java/lang/InterruptedException'> (0x0000000796af4860) thrown at [/Users/java_re/workspace/8-2-build-macosx-x86_64/jdk8u161/10277/hotspot/src/share/vm/runtime/objectMonitor.cpp, line 1684]
Event: 4909.434 Thread 0x00007fb389120800 Exception <a 'java/net/SocketException': Socket closed> (0x0000000796b96840) thrown at [/Users/java_re/workspace/8-2-build-macosx-x86_64/jdk8u161/10277/hotspot/src/share/vm/prims/jni.cpp, line 735]
Event: 4909.437 Thread 0x00007fb389c2e800 Exception <a 'java/lang/InterruptedException'> (0x0000000796ba59b8) thrown at [/Users/java_re/workspace/8-2-build-macosx-x86_64/jdk8u161/10277/hotspot/src/share/vm/runtime/objectMonitor.cpp, line 1684]
Event: 4909.438 Thread 0x00007fb38859f000 Exception <a 'java/lang/InterruptedException'> (0x0000000796b537b8) thrown at [/Users/java_re/workspace/8-2-build-macosx-x86_64/jdk8u161/10277/hotspot/src/share/vm/runtime/objectMonitor.cpp, line 1684]

Events (10 events):
Event: 4909.437 Thread 0x00007fb388a84000 Thread exited: 0x00007fb388a84000
Event: 4909.437 Executing VM operation: RevokeBias
Event: 4909.438 Executing VM operation: RevokeBias done
Event: 4909.438 Thread 0x00007fb388964800 Thread exited: 0x00007fb388964800
Event: 4909.438 Executing VM operation: RevokeBias
Event: 4909.438 Executing VM operation: RevokeBias done
Event: 4909.438 Thread 0x00007fb388a84800 Thread exited: 0x00007fb388a84800
Event: 4909.438 Thread 0x00007fb389124000 Thread exited: 0x00007fb389124000
Event: 4909.438 Thread 0x00007fb38840c800 Thread exited: 0x00007fb38840c800
Event: 4909.438 Thread 0x00007fb38859f000 Thread exited: 0x00007fb38859f000


Dynamic libraries:
0x0000000025db4000 	/System/Library/Frameworks/Cocoa.framework/Versions/A/Cocoa
0x0000000025db4000 	/System/Library/Frameworks/Security.framework/Versions/A/Security
0x0000000025db4000 	/System/Library/Frameworks/ApplicationServices.framework/Versions/A/ApplicationServices
0x0000000025db4000 	/usr/lib/libz.1.dylib
0x0000000025db4000 	/usr/lib/libSystem.B.dylib
0x0000000025db4000 	/usr/lib/libobjc.A.dylib
0x0000000025db4000 	/System/Library/Frameworks/CoreFoundation.framework/Versions/A/CoreFoundation
0x0000000025db4000 	/System/Library/Frameworks/Foundation.framework/Versions/C/Foundation
0x0000000025db4000 	/System/Library/Frameworks/AppKit.framework/Versions/C/AppKit
0x0000000025db4000 	/System/Library/Frameworks/CoreData.framework/Versions/A/CoreData
0x0000000025db4000 	/System/Library/PrivateFrameworks/RemoteViewServices.framework/Versions/A/RemoteViewServices
0x0000000025db4000 	/System/Library/PrivateFrameworks/UIFoundation.framework/Versions/A/UIFoundation
0x0000000025db4000 	/System/Library/PrivateFrameworks/XCTTargetBootstrap.framework/Versions/A/XCTTargetBootstrap
0x0000000025db4000 	/System/Library/PrivateFrameworks/IconServices.framework/Versions/A/IconServices
0x0000000025db4000 	/System/Library/Frameworks/Metal.framework/Versions/A/Metal
0x0000000025db4000 	/System/Library/PrivateFrameworks/DesktopServicesPriv.framework/Versions/A/DesktopServicesPriv
0x0000000025db4000 	/usr/lib/libenergytrace.dylib
0x0000000025db4000 	/System/Library/PrivateFrameworks/SkyLight.framework/Versions/A/SkyLight
0x0000000025db4000 	/System/Library/Frameworks/CoreGraphics.framework/Versions/A/CoreGraphics
0x0000000025db4000 	/System/Library/Frameworks/Accelerate.framework/Versions/A/Accelerate
0x0000000025db4000 	/System/Library/Frameworks/IOSurface.framework/Versions/A/IOSurface
0x0000000025db4000 	/System/Library/PrivateFrameworks/DFRFoundation.framework/Versions/A/DFRFoundation
0x0000000025db4000 	/System/Library/Frameworks/AudioToolbox.framework/Versions/A/AudioToolbox
0x0000000025db4000 	/System/Library/Frameworks/AudioUnit.framework/Versions/A/AudioUnit
0x0000000025db4000 	/System/Library/PrivateFrameworks/DataDetectorsCore.framework/Versions/A/DataDetectorsCore
0x0000000025db4000 	/System/Library/Frameworks/Carbon.framework/Versions/A/Frameworks/HIToolbox.framework/Versions/A/HIToolbox
0x0000000025db4000 	/usr/lib/libicucore.A.dylib
0x0000000025db4000 	/System/Library/Frameworks/QuartzCore.framework/Versions/A/QuartzCore
0x0000000025db4000 	/System/Library/Frameworks/Carbon.framework/Versions/A/Frameworks/SpeechRecognition.framework/Versions/A/SpeechRecognition
0x0000000025db4000 	/usr/lib/libauto.dylib
0x0000000025db4000 	/usr/lib/libxml2.2.dylib
0x0000000025db4000 	/System/Library/PrivateFrameworks/CoreUI.framework/Versions/A/CoreUI
0x0000000025db4000 	/System/Library/Frameworks/CoreAudio.framework/Versions/A/CoreAudio
0x0000000025db4000 	/System/Library/Frameworks/DiskArbitration.framework/Versions/A/DiskArbitration
0x0000000025db4000 	/usr/lib/liblangid.dylib
0x0000000025db4000 	/System/Library/PrivateFrameworks/MultitouchSupport.framework/Versions/A/MultitouchSupport
0x0000000025db4000 	/System/Library/Frameworks/IOKit.framework/Versions/A/IOKit
0x0000000025db4000 	/usr/lib/libDiagnosticMessagesClient.dylib
0x0000000025db4000 	/System/Library/Frameworks/CoreServices.framework/Versions/A/CoreServices
0x0000000025db4000 	/System/Library/PrivateFrameworks/PerformanceAnalysis.framework/Versions/A/PerformanceAnalysis
0x0000000025db4000 	/System/Library/Frameworks/OpenGL.framework/Versions/A/OpenGL
0x0000000025db4000 	/System/Library/Frameworks/ColorSync.framework/Versions/A/ColorSync
0x0000000025db4000 	/System/Library/Frameworks/CoreImage.framework/Versions/A/CoreImage
0x0000000025db4000 	/System/Library/Frameworks/CoreText.framework/Versions/A/CoreText
0x0000000025db4000 	/System/Library/Frameworks/ImageIO.framework/Versions/A/ImageIO
0x0000000025db4000 	/System/Library/PrivateFrameworks/Backup.framework/Versions/A/Backup
0x0000000025db4000 	/usr/lib/libarchive.2.dylib
0x0000000025db4000 	/System/Library/Frameworks/CFNetwork.framework/Versions/A/CFNetwork
0x0000000025db4000 	/System/Library/Frameworks/SystemConfiguration.framework/Versions/A/SystemConfiguration
0x0000000025db4000 	/usr/lib/libCRFSuite.dylib
0x0000000025db4000 	/usr/lib/libc++.1.dylib
0x0000000025db4000 	/usr/lib/libc++abi.dylib
0x0000000025db4000 	/usr/lib/system/libcache.dylib
0x0000000025db4000 	/usr/lib/system/libcommonCrypto.dylib
0x0000000025db4000 	/usr/lib/system/libcompiler_rt.dylib
0x0000000025db4000 	/usr/lib/system/libcopyfile.dylib
0x0000000025db4000 	/usr/lib/system/libcorecrypto.dylib
0x0000000025db4000 	/usr/lib/system/libdispatch.dylib
0x0000000025db4000 	/usr/lib/system/libdyld.dylib
0x0000000025db4000 	/usr/lib/system/libkeymgr.dylib
0x0000000025db4000 	/usr/lib/system/liblaunch.dylib
0x0000000025db4000 	/usr/lib/system/libmacho.dylib
0x0000000025db4000 	/usr/lib/system/libquarantine.dylib
0x0000000025db4000 	/usr/lib/system/libremovefile.dylib
0x0000000025db4000 	/usr/lib/system/libsystem_asl.dylib
0x0000000025db4000 	/usr/lib/system/libsystem_blocks.dylib
0x0000000025db4000 	/usr/lib/system/libsystem_c.dylib
0x0000000025db4000 	/usr/lib/system/libsystem_configuration.dylib
0x0000000025db4000 	/usr/lib/system/libsystem_coreservices.dylib
0x0000000025db4000 	/usr/lib/system/libsystem_darwin.dylib
0x0000000025db4000 	/usr/lib/system/libsystem_dnssd.dylib
0x0000000025db4000 	/usr/lib/system/libsystem_info.dylib
0x0000000025db4000 	/usr/lib/system/libsystem_m.dylib
0x0000000025db4000 	/usr/lib/system/libsystem_malloc.dylib
0x0000000025db4000 	/usr/lib/system/libsystem_networkextension.dylib
0x0000000025db4000 	/usr/lib/system/libsystem_notify.dylib
0x0000000025db4000 	/usr/lib/system/libsystem_sandbox.dylib
0x0000000025db4000 	/usr/lib/system/libsystem_secinit.dylib
0x0000000025db4000 	/usr/lib/system/libsystem_kernel.dylib
0x0000000025db4000 	/usr/lib/system/libsystem_platform.dylib
0x0000000025db4000 	/usr/lib/system/libsystem_pthread.dylib
0x0000000025db4000 	/usr/lib/system/libsystem_symptoms.dylib
0x0000000025db4000 	/usr/lib/system/libsystem_trace.dylib
0x0000000025db4000 	/usr/lib/system/libunwind.dylib
0x0000000025db4000 	/usr/lib/system/libxpc.dylib
0x0000000025db4000 	/usr/lib/libbsm.0.dylib
0x0000000025db4000 	/usr/lib/system/libkxld.dylib
0x0000000025db4000 	/System/Library/PrivateFrameworks/AppleFSCompression.framework/Versions/A/AppleFSCompression
0x0000000025db4000 	/usr/lib/libOpenScriptingUtil.dylib
0x0000000025db4000 	/usr/lib/libcoretls.dylib
0x0000000025db4000 	/usr/lib/libcoretls_cfhelpers.dylib
0x0000000025db4000 	/usr/lib/libpam.2.dylib
0x0000000025db4000 	/usr/lib/libsqlite3.dylib
0x0000000025db4000 	/usr/lib/libxar.1.dylib
0x0000000025db4000 	/usr/lib/libbz2.1.0.dylib
0x0000000025db4000 	/usr/lib/liblzma.5.dylib
0x0000000025db4000 	/usr/lib/libnetwork.dylib
0x0000000025db4000 	/usr/lib/libapple_nghttp2.dylib
0x0000000025db4000 	/usr/lib/libpcap.A.dylib
0x0000000025db4000 	/System/Library/Frameworks/CoreServices.framework/Versions/A/Frameworks/FSEvents.framework/Versions/A/FSEvents
0x0000000025db4000 	/System/Library/Frameworks/CoreServices.framework/Versions/A/Frameworks/CarbonCore.framework/Versions/A/CarbonCore
0x0000000025db4000 	/System/Library/Frameworks/CoreServices.framework/Versions/A/Frameworks/Metadata.framework/Versions/A/Metadata
0x0000000025db4000 	/System/Library/Frameworks/CoreServices.framework/Versions/A/Frameworks/OSServices.framework/Versions/A/OSServices
0x0000000025db4000 	/System/Library/Frameworks/CoreServices.framework/Versions/A/Frameworks/SearchKit.framework/Versions/A/SearchKit
0x0000000025db4000 	/System/Library/Frameworks/CoreServices.framework/Versions/A/Frameworks/AE.framework/Versions/A/AE
0x0000000025db4000 	/System/Library/Frameworks/CoreServices.framework/Versions/A/Frameworks/LaunchServices.framework/Versions/A/LaunchServices
0x0000000025db4000 	/System/Library/Frameworks/CoreServices.framework/Versions/A/Frameworks/DictionaryServices.framework/Versions/A/DictionaryServices
0x0000000025db4000 	/System/Library/Frameworks/CoreServices.framework/Versions/A/Frameworks/SharedFileList.framework/Versions/A/SharedFileList
0x0000000025db4000 	/System/Library/Frameworks/NetFS.framework/Versions/A/NetFS
0x0000000025db4000 	/System/Library/PrivateFrameworks/NetAuth.framework/Versions/A/NetAuth
0x0000000025db4000 	/System/Library/PrivateFrameworks/login.framework/Versions/A/Frameworks/loginsupport.framework/Versions/A/loginsupport
0x0000000025db4000 	/System/Library/PrivateFrameworks/TCC.framework/Versions/A/TCC
0x0000000025db4000 	/System/Library/PrivateFrameworks/CoreNLP.framework/Versions/A/CoreNLP
0x0000000025db4000 	/System/Library/PrivateFrameworks/MetadataUtilities.framework/Versions/A/MetadataUtilities
0x0000000025db4000 	/usr/lib/libmecabra.dylib
0x0000000025db4000 	/System/Library/Frameworks/ApplicationServices.framework/Versions/A/Frameworks/ATS.framework/Versions/A/ATS
0x0000000025db4000 	/System/Library/Frameworks/ApplicationServices.framework/Versions/A/Frameworks/ColorSyncLegacy.framework/Versions/A/ColorSyncLegacy
0x0000000025db4000 	/System/Library/Frameworks/ApplicationServices.framework/Versions/A/Frameworks/HIServices.framework/Versions/A/HIServices
0x0000000025db4000 	/System/Library/Frameworks/ApplicationServices.framework/Versions/A/Frameworks/LangAnalysis.framework/Versions/A/LangAnalysis
0x0000000025db4000 	/System/Library/Frameworks/ApplicationServices.framework/Versions/A/Frameworks/PrintCore.framework/Versions/A/PrintCore
0x0000000025db4000 	/System/Library/Frameworks/ApplicationServices.framework/Versions/A/Frameworks/QD.framework/Versions/A/QD
0x0000000025db4000 	/System/Library/Frameworks/ApplicationServices.framework/Versions/A/Frameworks/SpeechSynthesis.framework/Versions/A/SpeechSynthesis
0x0000000025db4000 	/usr/lib/libcompression.dylib
0x0000000025db4000 	/System/Library/Frameworks/CoreDisplay.framework/Versions/A/CoreDisplay
0x0000000025db4000 	/System/Library/Frameworks/MetalPerformanceShaders.framework/Versions/A/MetalPerformanceShaders
0x0000000025db4000 	/System/Library/Frameworks/Accelerate.framework/Versions/A/Frameworks/vImage.framework/Versions/A/vImage
0x0000000025db4000 	/System/Library/Frameworks/Accelerate.framework/Versions/A/Frameworks/vecLib.framework/Versions/A/vecLib
0x0000000025db4000 	/System/Library/Frameworks/Accelerate.framework/Versions/A/Frameworks/vecLib.framework/Versions/A/libvMisc.dylib
0x0000000025db4000 	/System/Library/Frameworks/Accelerate.framework/Versions/A/Frameworks/vecLib.framework/Versions/A/libvDSP.dylib
0x0000000025db4000 	/System/Library/Frameworks/Accelerate.framework/Versions/A/Frameworks/vecLib.framework/Versions/A/libBLAS.dylib
0x0000000025db4000 	/System/Library/Frameworks/Accelerate.framework/Versions/A/Frameworks/vecLib.framework/Versions/A/libLAPACK.dylib
0x0000000025db4000 	/System/Library/Frameworks/Accelerate.framework/Versions/A/Frameworks/vecLib.framework/Versions/A/libLinearAlgebra.dylib
0x0000000025db4000 	/System/Library/Frameworks/Accelerate.framework/Versions/A/Frameworks/vecLib.framework/Versions/A/libSparseBLAS.dylib
0x0000000025db4000 	/System/Library/Frameworks/Accelerate.framework/Versions/A/Frameworks/vecLib.framework/Versions/A/libQuadrature.dylib
0x0000000025db4000 	/System/Library/Frameworks/Accelerate.framework/Versions/A/Frameworks/vecLib.framework/Versions/A/libBNNS.dylib
0x0000000025db4000 	/System/Library/Frameworks/Accelerate.framework/Versions/A/Frameworks/vecLib.framework/Versions/A/libSparse.dylib
0x0000000025db4000 	/System/Library/PrivateFrameworks/GPUWrangler.framework/Versions/A/GPUWrangler
0x0000000025db4000 	/System/Library/PrivateFrameworks/IOAccelerator.framework/Versions/A/IOAccelerator
0x0000000025db4000 	/System/Library/PrivateFrameworks/IOPresentment.framework/Versions/A/IOPresentment
0x0000000025db4000 	/System/Library/PrivateFrameworks/DSExternalDisplay.framework/Versions/A/DSExternalDisplay
0x0000000025db4000 	/System/Library/Frameworks/OpenGL.framework/Versions/A/Libraries/libCoreFSCache.dylib
0x0000000025db4000 	/System/Library/Frameworks/MetalPerformanceShaders.framework/Frameworks/MPSCore.framework/Versions/A/MPSCore
0x0000000025db4000 	/System/Library/Frameworks/MetalPerformanceShaders.framework/Frameworks/MPSImage.framework/Versions/A/MPSImage
0x0000000025db4000 	/System/Library/Frameworks/MetalPerformanceShaders.framework/Frameworks/MPSNeuralNetwork.framework/Versions/A/MPSNeuralNetwork
0x0000000025db4000 	/System/Library/Frameworks/MetalPerformanceShaders.framework/Frameworks/MPSMatrix.framework/Versions/A/MPSMatrix
0x0000000025db4000 	/System/Library/Frameworks/MetalPerformanceShaders.framework/Frameworks/MPSRayIntersector.framework/Versions/A/MPSRayIntersector
0x0000000025db4000 	/System/Library/PrivateFrameworks/MetalTools.framework/Versions/A/MetalTools
0x0000000025db4000 	/System/Library/PrivateFrameworks/AggregateDictionary.framework/Versions/A/AggregateDictionary
0x0000000025db4000 	/usr/lib/libMobileGestalt.dylib
0x0000000025db4000 	/System/Library/Frameworks/CoreVideo.framework/Versions/A/CoreVideo
0x0000000025db4000 	/System/Library/PrivateFrameworks/GraphVisualizer.framework/Versions/A/GraphVisualizer
0x0000000025db4000 	/System/Library/PrivateFrameworks/FaceCore.framework/Versions/A/FaceCore
0x0000000025db4000 	/System/Library/Frameworks/OpenCL.framework/Versions/A/OpenCL
0x0000000025db4000 	/usr/lib/libFosl_dynamic.dylib
0x0000000025db4000 	/System/Library/PrivateFrameworks/OTSVG.framework/Versions/A/OTSVG
0x0000000025db4000 	/System/Library/Frameworks/ApplicationServices.framework/Versions/A/Frameworks/ATS.framework/Versions/A/Resources/libFontParser.dylib
0x0000000025db4000 	/System/Library/Frameworks/ApplicationServices.framework/Versions/A/Frameworks/ATS.framework/Versions/A/Resources/libFontRegistry.dylib
0x0000000025db4000 	/System/Library/Frameworks/ImageIO.framework/Versions/A/Resources/libJPEG.dylib
0x0000000025db4000 	/System/Library/Frameworks/ImageIO.framework/Versions/A/Resources/libTIFF.dylib
0x0000000025db4000 	/System/Library/Frameworks/ImageIO.framework/Versions/A/Resources/libPng.dylib
0x0000000025db4000 	/System/Library/Frameworks/ImageIO.framework/Versions/A/Resources/libGIF.dylib
0x0000000025db4000 	/System/Library/Frameworks/ImageIO.framework/Versions/A/Resources/libJP2.dylib
0x0000000025db4000 	/System/Library/Frameworks/ImageIO.framework/Versions/A/Resources/libRadiance.dylib
0x0000000025db4000 	/System/Library/PrivateFrameworks/AppleJPEG.framework/Versions/A/AppleJPEG
0x0000000025db4000 	/System/Library/Frameworks/OpenGL.framework/Versions/A/Libraries/libGFXShared.dylib
0x0000000025db4000 	/System/Library/Frameworks/OpenGL.framework/Versions/A/Libraries/libGLU.dylib
0x0000000025db4000 	/System/Library/Frameworks/OpenGL.framework/Versions/A/Libraries/libGL.dylib
0x0000000025db4000 	/System/Library/Frameworks/OpenGL.framework/Versions/A/Libraries/libGLImage.dylib
0x0000000025db4000 	/System/Library/Frameworks/OpenGL.framework/Versions/A/Libraries/libCVMSPluginSupport.dylib
0x0000000025db4000 	/System/Library/Frameworks/OpenGL.framework/Versions/A/Libraries/libCoreVMClient.dylib
0x0000000025db4000 	/usr/lib/libcups.2.dylib
0x0000000025db4000 	/System/Library/Frameworks/Kerberos.framework/Versions/A/Kerberos
0x0000000025db4000 	/System/Library/Frameworks/GSS.framework/Versions/A/GSS
0x0000000025db4000 	/usr/lib/libresolv.9.dylib
0x0000000025db4000 	/usr/lib/libiconv.2.dylib
0x0000000025db4000 	/System/Library/PrivateFrameworks/Heimdal.framework/Versions/A/Heimdal
0x0000000025db4000 	/usr/lib/libheimdal-asn1.dylib
0x0000000025db4000 	/System/Library/Frameworks/OpenDirectory.framework/Versions/A/OpenDirectory
0x0000000025db4000 	/System/Library/PrivateFrameworks/CommonAuth.framework/Versions/A/CommonAuth
0x0000000025db4000 	/System/Library/Frameworks/OpenDirectory.framework/Versions/A/Frameworks/CFOpenDirectory.framework/Versions/A/CFOpenDirectory
0x0000000025db4000 	/System/Library/Frameworks/SecurityFoundation.framework/Versions/A/SecurityFoundation
0x0000000025db4000 	/System/Library/PrivateFrameworks/APFS.framework/Versions/A/APFS
0x0000000025db4000 	/usr/lib/libutil.dylib
0x0000000025db4000 	/usr/lib/libcharset.1.dylib
0x0000000025db4000 	/System/Library/PrivateFrameworks/AppleSauce.framework/Versions/A/AppleSauce
0x0000000025db4000 	/System/Library/PrivateFrameworks/AssertionServices.framework/Versions/A/AssertionServices
0x0000000025db4000 	/System/Library/PrivateFrameworks/BaseBoard.framework/Versions/A/BaseBoard
0x0000000025db4000 	/usr/lib/libmecab.1.0.0.dylib
0x0000000025db4000 	/usr/lib/libgermantok.dylib
0x0000000025db4000 	/usr/lib/libThaiTokenizer.dylib
0x0000000025db4000 	/usr/lib/libChineseTokenizer.dylib
0x0000000025db4000 	/System/Library/PrivateFrameworks/LanguageModeling.framework/Versions/A/LanguageModeling
0x0000000025db4000 	/System/Library/PrivateFrameworks/CoreEmoji.framework/Versions/A/CoreEmoji
0x0000000025db4000 	/System/Library/PrivateFrameworks/Lexicon.framework/Versions/A/Lexicon
0x0000000025db4000 	/System/Library/PrivateFrameworks/LinguisticData.framework/Versions/A/LinguisticData
0x0000000025db4000 	/usr/lib/libcmph.dylib
0x0000000025db4000 	/System/Library/Frameworks/ServiceManagement.framework/Versions/A/ServiceManagement
0x0000000025db4000 	/System/Library/PrivateFrameworks/BackgroundTaskManagement.framework/Versions/A/BackgroundTaskManagement
0x0000000025db4000 	/usr/lib/libxslt.1.dylib
0x0000000025db4000 	/System/Library/Frameworks/Carbon.framework/Versions/A/Frameworks/Ink.framework/Versions/A/Ink
0x0000000025db4000 	/System/Library/PrivateFrameworks/TextureIO.framework/Versions/A/TextureIO
0x0000000025db4000 	/usr/lib/libate.dylib
0x0000000025db4000 	/System/Library/PrivateFrameworks/CrashReporterSupport.framework/Versions/A/CrashReporterSupport
0x0000000025db4000 	/System/Library/PrivateFrameworks/Sharing.framework/Versions/A/Sharing
0x0000000025db4000 	/System/Library/PrivateFrameworks/AuthKit.framework/Versions/A/AuthKit
0x0000000025db4000 	/System/Library/PrivateFrameworks/Apple80211.framework/Versions/A/Apple80211
0x0000000025db4000 	/System/Library/PrivateFrameworks/CoreUtils.framework/Versions/A/CoreUtils
0x0000000025db4000 	/System/Library/Frameworks/CoreWLAN.framework/Versions/A/CoreWLAN
0x0000000025db4000 	/System/Library/Frameworks/IOBluetooth.framework/Versions/A/IOBluetooth
0x0000000025db4000 	/System/Library/PrivateFrameworks/ProtocolBuffer.framework/Versions/A/ProtocolBuffer
0x0000000025db4000 	/System/Library/PrivateFrameworks/MobileKeyBag.framework/Versions/A/MobileKeyBag
0x0000000025db4000 	/System/Library/PrivateFrameworks/CorePhoneNumbers.framework/Versions/A/CorePhoneNumbers
0x0000000025db4000 	/System/Library/PrivateFrameworks/AppleIDAuthSupport.framework/Versions/A/AppleIDAuthSupport
0x0000000025db4000 	/System/Library/PrivateFrameworks/KeychainCircle.framework/Versions/A/KeychainCircle
0x0000000025db4000 	/System/Library/PrivateFrameworks/ROCKit.framework/Versions/A/ROCKit
0x0000000025db4000 	/System/Library/PrivateFrameworks/CoreWiFi.framework/Versions/A/CoreWiFi
0x0000000025db4000 	/System/Library/Frameworks/CoreBluetooth.framework/Versions/A/CoreBluetooth
0x0000000025db4000 	/System/Library/PrivateFrameworks/DebugSymbols.framework/Versions/A/DebugSymbols
0x0000000025db4000 	/System/Library/PrivateFrameworks/CoreSymbolication.framework/Versions/A/CoreSymbolication
0x0000000025db4000 	/System/Library/PrivateFrameworks/Symbolication.framework/Versions/A/Symbolication
0x0000000025db4000 	/System/Library/PrivateFrameworks/SpeechRecognitionCore.framework/Versions/A/SpeechRecognitionCore
0x0000000109200000 	/Library/Java/JavaVirtualMachines/jdk1.8.0_161.jdk/Contents/Home/jre/lib/server/libjvm.dylib
0x0000000025db4000 	/usr/lib/libstdc++.6.dylib
0x0000000108917000 	/Library/Java/JavaVirtualMachines/jdk1.8.0_161.jdk/Contents/Home/jre/lib/libverify.dylib
0x0000000108925000 	/Library/Java/JavaVirtualMachines/jdk1.8.0_161.jdk/Contents/Home/jre/lib/libjava.dylib
0x00000001089a5000 	/Library/Java/JavaVirtualMachines/jdk1.8.0_161.jdk/Contents/Home/jre/lib/libzip.dylib
0x000000011fe21000 	/Library/Java/JavaVirtualMachines/jdk1.8.0_161.jdk/Contents/Home/jre/lib/libprism_es2.dylib
0x0000000025db4000 	/System/Library/PrivateFrameworks/CoreServicesInternal.framework/Versions/A/CoreServicesInternal
0x0000000025db4000 	/System/Library/Frameworks/OpenGL.framework/Versions/A/Resources/GLEngine.bundle/GLEngine
0x0000000025db4000 	/System/Library/Frameworks/OpenGL.framework/Versions/A/Libraries/libGLProgrammability.dylib
0x0000000025db4000 	/System/Library/Extensions/AppleIntelKBLGraphicsGLDriver.bundle/Contents/MacOS/AppleIntelKBLGraphicsGLDriver
0x0000000025db4000 	/System/Library/PrivateFrameworks/GPUSupport.framework/Versions/A/Libraries/libGPUSupportMercury.dylib
0x0000000025db4000 	/System/Library/Frameworks/OpenGL.framework/Versions/A/Resources/GLRendererFloat.bundle/GLRendererFloat
0x0000000025db4000 	/System/Library/Frameworks/OpenCL.framework/Versions/A/Libraries/libcldcpuengine.dylib
0x0000000025db4000 	/usr/lib/libcrypto.35.dylib
0x0000000025db4000 	/System/Library/PrivateFrameworks/TrustEvaluationAgent.framework/Versions/A/TrustEvaluationAgent
0x0000000120878000 	/Library/Java/JavaVirtualMachines/jdk1.8.0_161.jdk/Contents/Home/jre/lib/libglass.dylib
0x0000000025db4000 	/System/Library/CoreServices/RawCamera.bundle/Contents/MacOS/RawCamera
0x0000000025db4000 	/System/Library/PrivateFrameworks/MobileAsset.framework/Versions/A/MobileAsset
0x0000000025db4000 	/System/Library/PrivateFrameworks/StreamingZip.framework/Versions/A/StreamingZip
0x0000000025db4000 	/System/Library/Frameworks/MediaToolbox.framework/Versions/A/MediaToolbox
0x0000000025db4000 	/System/Library/PrivateFrameworks/CoreAVCHD.framework/Versions/A/CoreAVCHD
0x0000000025db4000 	/System/Library/Frameworks/MediaAccessibility.framework/Versions/A/MediaAccessibility
0x0000000025db4000 	/System/Library/PrivateFrameworks/Mangrove.framework/Versions/A/Mangrove
0x0000000025db4000 	/System/Library/Frameworks/CoreMedia.framework/Versions/A/CoreMedia
0x0000000025db4000 	/System/Library/Frameworks/VideoToolbox.framework/Versions/A/VideoToolbox
0x0000000025db4000 	/System/Library/PrivateFrameworks/CoreAUC.framework/Versions/A/CoreAUC
0x0000000025db4000 	/usr/lib/libspindump.dylib
0x0000000025db4000 	/System/Library/PrivateFrameworks/AppleVA.framework/Versions/A/AppleVA
0x0000000025db4000 	/System/Library/Frameworks/Accelerate.framework/Versions/A/Frameworks/vImage.framework/Versions/A/Libraries/libCGInterfaces.dylib
0x0000000025db4000 	/System/Library/PrivateFrameworks/FamilyControls.framework/Versions/A/FamilyControls
0x0000000025db4000 	/System/Library/PrivateFrameworks/CommerceKit.framework/Versions/A/Frameworks/CommerceCore.framework/Versions/A/CommerceCore
0x0000000025db4000 	/System/Library/PrivateFrameworks/SystemAdministration.framework/Versions/A/SystemAdministration
0x0000000025db4000 	/System/Library/PrivateFrameworks/AppContainer.framework/Versions/A/AppContainer
0x0000000025db4000 	/System/Library/PrivateFrameworks/AppSandbox.framework/Versions/A/AppSandbox
0x0000000025db4000 	/System/Library/PrivateFrameworks/SecCodeWrapper.framework/Versions/A/SecCodeWrapper
0x0000000025db4000 	/usr/lib/libsandbox.1.dylib
0x0000000025db4000 	/usr/lib/libMatch.1.dylib
0x0000000025db4000 	/System/Library/PrivateFrameworks/DiskManagement.framework/Versions/A/DiskManagement
0x0000000025db4000 	/System/Library/Frameworks/DirectoryService.framework/Versions/A/DirectoryService
0x0000000025db4000 	/System/Library/PrivateFrameworks/DiskImages.framework/Versions/A/DiskImages
0x0000000025db4000 	/System/Library/PrivateFrameworks/LoginUIKit.framework/Versions/A/Frameworks/LoginUICore.framework/Versions/A/LoginUICore
0x0000000025db4000 	/usr/lib/libCoreStorage.dylib
0x0000000025db4000 	/usr/lib/libcsfde.dylib
0x0000000025db4000 	/usr/lib/libodfde.dylib
0x0000000025db4000 	/System/Library/PrivateFrameworks/MediaKit.framework/Versions/A/MediaKit
0x0000000025db4000 	/System/Library/Frameworks/DiscRecording.framework/Versions/A/DiscRecording
0x0000000025db4000 	/System/Library/PrivateFrameworks/EFILogin.framework/Versions/A/EFILogin
0x0000000025db4000 	/System/Library/PrivateFrameworks/ProtectedCloudStorage.framework/Versions/A/ProtectedCloudStorage
0x0000000025db4000 	/usr/lib/libcurl.4.dylib
0x0000000025db4000 	/usr/lib/libcrypto.42.dylib
0x0000000025db4000 	/usr/lib/libssl.44.dylib
0x0000000025db4000 	/System/Library/Frameworks/LDAP.framework/Versions/A/LDAP
0x0000000025db4000 	/usr/lib/libsasl2.2.dylib
0x0000000025db4000 	/System/Library/PrivateFrameworks/CoreDaemon.framework/Versions/B/CoreDaemon
0x0000000025db4000 	/System/Library/PrivateFrameworks/AppleSRP.framework/Versions/A/AppleSRP
0x0000000025db4000 	/System/Library/PrivateFrameworks/ViewBridge.framework/Versions/A/ViewBridge
0x000000011fbbc000 	/Library/Java/JavaVirtualMachines/jdk1.8.0_161.jdk/Contents/Home/jre/lib/libjavafx_font.dylib
0x0000000025db4000 	/System/Library/Frameworks/ApplicationServices.framework/Versions/A/Frameworks/ATS.framework/Versions/A/Resources/libTrueTypeScaler.dylib
0x0000000120226000 	/usr/lib/libobjc-trampolines.dylib
0x000000012496d000 	/Library/Java/JavaVirtualMachines/jdk1.8.0_161.jdk/Contents/Home/jre/lib/libnet.dylib
0x0000000025db4000 	/System/Library/Extensions/AppleIntelKBLGraphicsMTLDriver.bundle/Contents/MacOS/AppleIntelKBLGraphicsMTLDriver
0x0000000025db4000 	/System/Library/PrivateFrameworks/GPUCompiler.framework/Versions/3902/Libraries/libmetal_timestamp.dylib
0x0000000125fa5000 	/Library/Java/JavaVirtualMachines/jdk1.8.0_161.jdk/Contents/Home/jre/lib/libawt.dylib
0x000000012604f000 	/Library/Java/JavaVirtualMachines/jdk1.8.0_161.jdk/Contents/Home/jre/lib/./libmlib_image.dylib
0x0000000025db4000 	/System/Library/Frameworks/JavaVM.framework/Versions/A/Frameworks/JavaNativeFoundation.framework/Versions/A/JavaNativeFoundation
0x0000000025db4000 	/System/Library/Frameworks/JavaVM.framework/Versions/A/Frameworks/JavaRuntimeSupport.framework/Versions/A/JavaRuntimeSupport
0x0000000025db4000 	/System/Library/Frameworks/JavaVM.framework/Versions/A/JavaVM
0x0000000025db4000 	/System/Library/PrivateFrameworks/JavaLaunching.framework/Versions/A/JavaLaunching
0x0000000025db4000 	/System/Library/Frameworks/Carbon.framework/Versions/A/Carbon
0x0000000025db4000 	/System/Library/Frameworks/Carbon.framework/Versions/A/Frameworks/CommonPanels.framework/Versions/A/CommonPanels
0x0000000025db4000 	/System/Library/Frameworks/Carbon.framework/Versions/A/Frameworks/Help.framework/Versions/A/Help
0x0000000025db4000 	/System/Library/Frameworks/Carbon.framework/Versions/A/Frameworks/ImageCapture.framework/Versions/A/ImageCapture
0x0000000025db4000 	/System/Library/Frameworks/Carbon.framework/Versions/A/Frameworks/OpenScripting.framework/Versions/A/OpenScripting
0x0000000025db4000 	/System/Library/Frameworks/Carbon.framework/Versions/A/Frameworks/Print.framework/Versions/A/Print
0x0000000025db4000 	/System/Library/Frameworks/Carbon.framework/Versions/A/Frameworks/SecurityHI.framework/Versions/A/SecurityHI
0x000000012611b000 	/Library/Java/JavaVirtualMachines/jdk1.8.0_161.jdk/Contents/Home/jre/lib/libawt_lwawt.dylib
0x00000001203bd000 	/Library/Java/JavaVirtualMachines/jdk1.8.0_161.jdk/Contents/Home/jre/lib/./libosxapp.dylib
0x0000000025db4000 	/System/Library/Frameworks/ExceptionHandling.framework/Versions/A/ExceptionHandling
0x000000012036e000 	/Library/Java/JavaVirtualMachines/jdk1.8.0_161.jdk/Contents/Home/jre/lib/libprism_common.dylib
0x0000000130ec9000 	/Library/Java/JavaVirtualMachines/jdk1.8.0_161.jdk/Contents/Home/jre/lib/libfontmanager.dylib
0x0000000120254000 	/Library/Java/JavaVirtualMachines/jdk1.8.0_161.jdk/Contents/Home/jre/lib/libnio.dylib
0x0000000120264000 	/Library/Java/JavaVirtualMachines/jdk1.8.0_161.jdk/Contents/Home/jre/lib/libosxui.dylib
0x00000001332f6000 	/Library/Java/JavaVirtualMachines/jdk1.8.0_161.jdk/Contents/Home/jre/lib/libjpeg.dylib
0x0000000169ed6000 	/Library/Java/JavaVirtualMachines/jdk1.8.0_161.jdk/Contents/Home/jre/lib/libdcpr.dylib
0x0000000025db4000 	/System/Library/PrivateFrameworks/login.framework/Versions/A/login

VM Arguments:
jvm_args: -Dfile.encoding=UTF-8 
java_command: eu.su.mas.dedale.princ.BlobMain
java_class_path (initial): /Library/Java/JavaVirtualMachines/jdk1.8.0_161.jdk/Contents/Home/jre/lib/resources.jar:/Library/Java/JavaVirtualMachines/jdk1.8.0_161.jdk/Contents/Home/jre/lib/rt.jar:/Library/Java/JavaVirtualMachines/jdk1.8.0_161.jdk/Contents/Home/jre/lib/jsse.jar:/Library/Java/JavaVirtualMachines/jdk1.8.0_161.jdk/Contents/Home/jre/lib/jce.jar:/Library/Java/JavaVirtualMachines/jdk1.8.0_161.jdk/Contents/Home/jre/lib/charsets.jar:/Library/Java/JavaVirtualMachines/jdk1.8.0_161.jdk/Contents/Home/jre/lib/jfr.jar:/Library/Java/JavaVirtualMachines/jdk1.8.0_161.jdk/Contents/Home/jre/lib/ext/sunec.jar:/Library/Java/JavaVirtualMachines/jdk1.8.0_161.jdk/Contents/Home/jre/lib/ext/nashorn.jar:/Library/Java/JavaVirtualMachines/jdk1.8.0_161.jdk/Contents/Home/jre/lib/ext/cldrdata.jar:/Library/Java/JavaVirtualMachines/jdk1.8.0_161.jdk/Contents/Home/jre/lib/ext/jfxrt.jar:/Library/Java/JavaVirtualMachines/jdk1.8.0_161.jdk/Contents/Home/jre/lib/ext/dnsns.jar:/Library/Java/JavaVirtualMachines/jdk1.8.0_161.jdk/Contents/Home/jre/lib/ext/localedata.jar:/Library/Java/JavaVirtualMachines/jdk1.8.0_161.jdk/Contents/Home/jre/lib/ext/sunjce_provider.jar:/Library/Java/JavaVirtualMachines/jdk1.8.0_161.jdk/Contents/Home/jre/lib/ext/sunpkcs11.jar:/Library/Java/JavaVirtualMachines/jdk1.8.0_161.jdk/Contents/Home/jre/lib/ext/jaccess.jar:/Library/Java/JavaVirtualMachines/jdk1.8.0_161.jdk/Contents/Home/jre/lib/ext/zipfs.jar:/Library/gurobi810/mac64/lib/gurobi.jar:/System/Library/Java/Extensions/MRJToolkit.jar:/Users/antoninarberet/git/Blob/target/classes:/Users/antoninarberet/git/Blob/resources:/Users/antoninarberet/git/Blob/libs/mas-0.0.1.jar:/Users/antoninarberet/git/Blob/libs/tools-0.0.1.jar:/Users/antoninarberet/git/Blob/libs/jade-4.5.0.jar:/Users/antoninarberet/.m2/repository/junit/junit/4.12/junit-4.12.jar:/Users/antoninarberet/.m2/repository/org/hamcrest/hamcrest-core/1.3/hamcrest-core-1.3.jar:/Users/antoninarberet/.m2/repository/com/github/graphstream/gs-algo/2.0-alpha/gs-algo-2.0-al
Launcher Type: SUN_STANDARD

Environment Variables:
PATH=/usr/bin:/bin:/usr/sbin:/sbin
SHELL=/bin/zsh
DISPLAY=/private/tmp/com.apple.launchd.vxGEKRxvXD/org.macosforge.xquartz:0

Signal Handlers:
SIGSEGV: [libjvm.dylib+0x5b5439], sa_mask[0]=11111111011111110111111111111111, sa_flags=SA_ONSTACK|SA_RESTART|SA_SIGINFO
SIGBUS: [libjvm.dylib+0x5b5439], sa_mask[0]=11111111011111110111111111111111, sa_flags=SA_RESTART|SA_SIGINFO
SIGFPE: [libjvm.dylib+0x48ae24], sa_mask[0]=11111111011111110111111111111111, sa_flags=SA_RESTART|SA_SIGINFO
SIGPIPE: [libjvm.dylib+0x48ae24], sa_mask[0]=11111111011111110111111111111111, sa_flags=SA_RESTART|SA_SIGINFO
SIGXFSZ: [libjvm.dylib+0x48ae24], sa_mask[0]=11111111011111110111111111111111, sa_flags=SA_RESTART|SA_SIGINFO
SIGILL: [libjvm.dylib+0x48ae24], sa_mask[0]=11111111011111110111111111111111, sa_flags=SA_RESTART|SA_SIGINFO
SIGUSR1: SIG_DFL, sa_mask[0]=00000000000000000000000000000000, sa_flags=none
SIGUSR2: [libjvm.dylib+0x48a942], sa_mask[0]=00100000000000000000000000000000, sa_flags=SA_RESTART|SA_SIGINFO
SIGHUP: [libjvm.dylib+0x488f0d], sa_mask[0]=11111111011111110111111111111111, sa_flags=SA_RESTART|SA_SIGINFO
SIGINT: [libjvm.dylib+0x488f0d], sa_mask[0]=11111111011111110111111111111111, sa_flags=SA_RESTART|SA_SIGINFO
SIGTERM: [libjvm.dylib+0x488f0d], sa_mask[0]=11111111011111110111111111111111, sa_flags=SA_RESTART|SA_SIGINFO
SIGQUIT: [libjvm.dylib+0x488f0d], sa_mask[0]=11111111011111110111111111111111, sa_flags=SA_RESTART|SA_SIGINFO


---------------  S Y S T E M  ---------------

OS:Bsduname:Darwin 18.5.0 Darwin Kernel Version 18.5.0: Mon Mar 11 20:40:32 PDT 2019; root:xnu-4903.251.3~3/RELEASE_X86_64 x86_64
rlimit: STACK 8192k, CORE 0k, NPROC 709, NOFILE 10240, AS infinity
load average:1.93 2.18 2.23

CPU:total 4 (initial active 4) (2 cores per cpu, 2 threads per core) family 6 model 142 stepping 9, cmov, cx8, fxsr, mmx, sse, sse2, sse3, ssse3, sse4.1, sse4.2, popcnt, avx, avx2, aes, clmul, erms, rtm, 3dnowpref, lzcnt, ht, tsc, tscinvbit, bmi1, bmi2, adx

Memory: 4k page, physical 8388608k(1296088k free)

/proc/meminfo:


vm_info: Java HotSpot(TM) 64-Bit Server VM (25.161-b12) for bsd-amd64 JRE (1.8.0_161-b12), built on Dec 19 2017 16:22:20 by "java_re" with gcc 4.2.1 (Based on Apple Inc. build 5658) (LLVM build 2336.11.00)

time: Mon Sep  2 07:30:58 2019
elapsed time: 4909 seconds (0d 1h 21m 49s)

