#
# A fatal error has been detected by the Java Runtime Environment:
#
#  SIGSEGV (0xb) at pc=0x000000010dd6b166, pid=62469, tid=0x0000000000000307
#
# JRE version: Java(TM) SE Runtime Environment (8.0_161-b12) (build 1.8.0_161-b12)
# Java VM: Java HotSpot(TM) 64-Bit Server VM (25.161-b12 mixed mode bsd-amd64 compressed oops)
# Problematic frame:
# V  [libjvm.dylib+0x16b166]
#
# Failed to write core dump. Core dumps have been disabled. To enable core dumping, try "ulimit -c unlimited" before starting Java again
#
# If you would like to submit a bug report, please visit:
#   http://bugreport.java.com/bugreport/crash.jsp
#

---------------  T H R E A D  ---------------

Current thread is native thread

siginfo: si_signo: 11 (SIGSEGV), si_code: 1 (SEGV_MAPERR), si_addr: 0x0000000000000270

Registers:
RAX=0x0000000000000000, RBX=0x0000000000000000, RCX=0x000000010e4354a0, RDX=0x0000000000000000
RSP=0x00007ffee28e3290, RBP=0x00007ffee28e32a0, RSI=0x0000000000000006, RDI=0x00007ffee28e32b0
R8 =0x0000000000000000, R9 =0x0000000000000000, R10=0x00007fffa9b87ed8, R11=0x00007ff714bdae90
R12=0x00007ff7139659f8, R13=0x00007ff714802c20, R14=0x00007ff714bb4528, R15=0x00007ff7139659f8
RIP=0x000000010dd6b166, EFLAGS=0x0000000000010246, ERR=0x0000000000000006
  TRAPNO=0x000000000000000e

Top of Stack: (sp=0x00007ffee28e3290)
0x00007ffee28e3290:   0000000000000000 00007ff714bb4528
0x00007ffee28e32a0:   00007ffee28e32d0 000000010df161f2
0x00007ffee28e32b0:   0000000000000000 00007ff716112570
0x00007ffee28e32c0:   0000000000000008 00007ff7126d6500
0x00007ffee28e32d0:   00007ffee28e32f0 00007fff554efed1
0x00007ffee28e32e0:   00007ff7139659f8 00007ff713dff000
0x00007ffee28e32f0:   00007ffee28e3310 00007fff554efce4
0x00007ffee28e3300:   00007ff716112500 00007ff714e06f50
0x00007ffee28e3310:   00007ffee28e3370 0000000131706e73
0x00007ffee28e3320:   00007fff4f5e9b0d 0000000000000000
0x00007ffee28e3330:   4115a30a332bd3f7 00007ff713dff000
0x00007ffee28e3340:   00007ffee28e3370 00007fff7c012680
0x00007ffee28e3350:   00007ff7126d6500 00007ff714802c20
0x00007ffee28e3360:   00007ff71600fe60 00007ff713dff000
0x00007ffee28e3370:   00007ffee28e3420 00007fff5bec416e
0x00007ffee28e3380:   0000000000000000 0000000000000000
0x00007ffee28e3390:   00007ff7126d6500 0000000000000000
0x00007ffee28e33a0:   00000004139e1200 0000000000000000
0x00007ffee28e33b0:   4115a30a332bd3f7 00007ff7126d6500
0x00007ffee28e33c0:   00007ff7126d6500 0000000000000000
0x00007ffee28e33d0:   0000000000000000 00007ffee28e33f8
0x00007ffee28e33e0:   00007ffee28e3420 00007fff5bec3999
0x00007ffee28e33f0:   244ed47ec67400b4 00007fff7c012680
0x00007ffee28e3400:   0000000000000004 0000000000000000
0x00007ffee28e3410:   00007ff7126d6500 00007fff4f5e9b0d
0x00007ffee28e3420:   00007ffee28e34a0 00007fff5bec3766
0x00007ffee28e3430:   0000000000000000 407de00000000000
0x00007ffee28e3440:   4085e00000000000 4000000000000000
0x00007ffee28e3450:   0000000000000000 0000000000000000
0x00007ffee28e3460:   4085e00000000000 407de00000000000
0x00007ffee28e3470:   244ed47ec67400b4 00007ffee28e3570
0x00007ffee28e3480:   00007ff714901c10 00007fff7c012680 

Instructions: (pc=0x000000010dd6b166)
0x000000010dd6b146:   0e 48 8b 0b 49 8b 56 18 48 63 c0 48 89 0c c2 5b
0x000000010dd6b156:   41 5e 5d c3 90 90 55 48 89 e5 41 56 53 48 8b 1f
0x000000010dd6b166:   c7 83 70 02 00 00 05 00 00 00 48 8d 05 d1 ba 78
0x000000010dd6b176:   00 8b 00 83 f8 01 41 89 f6 75 0c 48 8d 0d 1e 26 

Register to memory mapping:

RAX=0x0000000000000000 is an unknown value
RBX=0x0000000000000000 is an unknown value
RCX=0x000000010e4354a0: jni_NativeInterface+0 in /Library/Java/JavaVirtualMachines/jdk1.8.0_161.jdk/Contents/Home/jre/lib/server/libjvm.dylib at 0x000000010dc00000
RDX=0x0000000000000000 is an unknown value
RSP=0x00007ffee28e3290 is an unknown value
RBP=0x00007ffee28e32a0 is an unknown value
RSI=0x0000000000000006 is an unknown value
RDI=0x00007ffee28e32b0 is an unknown value
R8 =0x0000000000000000 is an unknown value
R9 =0x0000000000000000 is an unknown value
R10=0x00007fffa9b87ed8: OBJC_CLASS_$_JNFWeakJObjectWrapper+0 in /System/Library/Frameworks/JavaVM.framework/Versions/A/Frameworks/JavaNativeFoundation.framework/Versions/A/JavaNativeFoundation at 0x00007fff554e9000
R11=0x00007ff714bdae90 is an unknown value
R12=0x00007ff7139659f8 is an unknown value
R13=0x00007ff714802c20 is an unknown value
R14=0x00007ff714bb4528 is a weak global jni handle
R15=0x00007ff7139659f8 is an unknown value


Stack: [0x00007ffee20e8000,0x00007ffee28e8000],  sp=0x00007ffee28e3290,  free space=8172k
Native frames: (J=compiled Java code, j=interpreted, Vv=VM code, C=native code)
V  [libjvm.dylib+0x16b166]
V  [libjvm.dylib+0x3161f2]
C  [JavaNativeFoundation+0x6ed1]  -[JNFWeakJObjectWrapper _getWithEnv:]+0x26
C  [JavaNativeFoundation+0x6ce4]  -[JNFJObjectWrapper jObjectWithEnv:]+0x16
C  [libawt_lwawt.dylib+0x1ae73]  -[CGLLayer drawInCGLContext:pixelFormat:forLayerTime:displayTime:]+0xa4
C  [QuartzCore+0xb316e]  _ZL17CAOpenGLLayerDrawP13CAOpenGLLayerdPK11CVTimeStampj+0x79d
C  [QuartzCore+0xb2766]  -[CAOpenGLLayer _display]+0x244
C  [QuartzCore+0x14d1d]  _ZN2CA5Layer17display_if_neededEPNS_11TransactionE+0x273
C  [QuartzCore+0x2f42]  _ZN2CA7Context18commit_transactionEPNS_11TransactionE+0x156
C  [QuartzCore+0x258a]  _ZN2CA11Transaction6commitEv+0x24c
C  [AppKit+0x11c0a1]  __65+[CATransaction(NSCATransaction) NS_setFlushesWithDisplayRefresh]_block_invoke+0x112
C  [CoreFoundation+0x97e88]  __CFRUNLOOP_IS_CALLING_OUT_TO_AN_OBSERVER_CALLBACK_FUNCTION__+0x17
C  [CoreFoundation+0x97dbd]  __CFRunLoopDoObservers+0x1c3
C  [CoreFoundation+0x3a4d0]  __CFRunLoopRun+0x470
C  [CoreFoundation+0x39e0e]  CFRunLoopRunSpecific+0x1c7
C  [java+0x647a]  CreateExecutionEnvironment+0x367
C  [java+0x212c]  JLI_Launch+0x7a0
C  [java+0x84d7]  main+0x65
C  [java+0x1984]  start+0x34


---------------  P R O C E S S  ---------------

VM state:not at safepoint (normal execution)

VM Mutex/Monitor currently owned by a thread: None

Heap:
 PSYoungGen      total 51200K, used 34292K [0x0000000795580000, 0x000000079a480000, 0x00000007c0000000)
  eden space 46080K, 72% used [0x0000000795580000,0x000000079763d170,0x0000000798280000)
  from space 5120K, 15% used [0x0000000798280000,0x0000000798340000,0x0000000798780000)
  to   space 10240K, 0% used [0x0000000799a80000,0x0000000799a80000,0x000000079a480000)
 ParOldGen       total 97792K, used 13050K [0x0000000740000000, 0x0000000745f80000, 0x0000000795580000)
  object space 97792K, 13% used [0x0000000740000000,0x0000000740cbea78,0x0000000745f80000)
 Metaspace       used 35965K, capacity 37367K, committed 37552K, reserved 1081344K
  class space    used 4940K, capacity 5221K, committed 5296K, reserved 1048576K

Card table byte_map: [0x000000010ef6e000,0x000000010f36f000] byte_map_base: 0x000000010b56e000

Marking Bits: (ParMarkBitMap*) 0x000000010e4f76c0
 Begin Bits: [0x000000011ed2b000, 0x0000000120d2b000)
 End Bits:   [0x0000000120d2b000, 0x0000000122d2b000)

Polling page: 0x000000010d391000

CodeCache: size=245760Kb used=19070Kb max_used=19070Kb free=226689Kb
 bounds [0x000000010fd2b000, 0x0000000110ffb000, 0x000000011ed2b000]
 total_blobs=6574 nmethods=5658 adapters=828
 compilation: enabled

Compilation events (10 events):
Event: 184.294 Thread 0x00007ff712822800 nmethod 6347 0x0000000110551fd0 code [0x0000000110552160, 0x0000000110552748]
Event: 184.312 Thread 0x00007ff712805800 6349       4       javafx.scene.transform.Affine::transform (267 bytes)
Event: 184.312 Thread 0x00007ff712822800 6350       3       java.awt.geom.Rectangle2D::setFrame (11 bytes)
Event: 184.312 Thread 0x00007ff712822800 nmethod 6350 0x00000001107d7e10 code [0x00000001107d7f80, 0x00000001107d8188]
Event: 184.312 Thread 0x00007ff712822000 6351       4       sun.java2d.SunGraphics2D::invalidatePipe (41 bytes)
Event: 184.313 Thread 0x00007ff712822000 nmethod 6351 0x000000010fea8b50 code [0x000000010fea8ca0, 0x000000010fea8d38]
Event: 184.319 Thread 0x00007ff712822800 6352  s    3       sun.awt.image.ToolkitImage::getImageRep (37 bytes)
Event: 184.320 Thread 0x00007ff712822800 nmethod 6352 0x00000001101cdb90 code [0x00000001101cdd40, 0x00000001101ce4c8]
Event: 184.320 Thread 0x00007ff712822800 6355       3       java.awt.Component::isMixingNeeded (269 bytes)
Event: 184.323 Thread 0x00007ff712805800 nmethod 6349 0x000000011055dd90 code [0x000000011055e080, 0x000000011055ea98]

GC Heap History (10 events):
Event: 1.440 GC heap before
{Heap before GC invocations=3 (full 1):
 PSYoungGen      total 38400K, used 5088K [0x0000000795580000, 0x000000079a080000, 0x00000007c0000000)
  eden space 33280K, 0% used [0x0000000795580000,0x0000000795580000,0x0000000797600000)
  from space 5120K, 99% used [0x0000000797b00000,0x0000000797ff8080,0x0000000798000000)
  to   space 5120K, 0% used [0x0000000797600000,0x0000000797600000,0x0000000797b00000)
 ParOldGen       total 87552K, used 2561K [0x0000000740000000, 0x0000000745580000, 0x0000000795580000)
  object space 87552K, 2% used [0x0000000740000000,0x0000000740280400,0x0000000745580000)
 Metaspace       used 20332K, capacity 21187K, committed 21296K, reserved 1067008K
  class space    used 2921K, capacity 3120K, committed 3120K, reserved 1048576K
Event: 1.465 GC heap after
Heap after GC invocations=3 (full 1):
 PSYoungGen      total 38400K, used 0K [0x0000000795580000, 0x000000079a080000, 0x00000007c0000000)
  eden space 33280K, 0% used [0x0000000795580000,0x0000000795580000,0x0000000797600000)
  from space 5120K, 0% used [0x0000000797b00000,0x0000000797b00000,0x0000000798000000)
  to   space 5120K, 0% used [0x0000000797600000,0x0000000797600000,0x0000000797b00000)
 ParOldGen       total 62464K, used 7493K [0x0000000740000000, 0x0000000743d00000, 0x0000000795580000)
  object space 62464K, 11% used [0x0000000740000000,0x0000000740751518,0x0000000743d00000)
 Metaspace       used 20332K, capacity 21187K, committed 21296K, reserved 1067008K
  class space    used 2921K, capacity 3120K, committed 3120K, reserved 1048576K
}
Event: 4.309 GC heap before
{Heap before GC invocations=4 (full 1):
 PSYoungGen      total 38400K, used 33280K [0x0000000795580000, 0x000000079a080000, 0x00000007c0000000)
  eden space 33280K, 100% used [0x0000000795580000,0x0000000797600000,0x0000000797600000)
  from space 5120K, 0% used [0x0000000797b00000,0x0000000797b00000,0x0000000798000000)
  to   space 5120K, 0% used [0x0000000797600000,0x0000000797600000,0x0000000797b00000)
 ParOldGen       total 62464K, used 7493K [0x0000000740000000, 0x0000000743d00000, 0x0000000795580000)
  object space 62464K, 11% used [0x0000000740000000,0x0000000740751518,0x0000000743d00000)
 Metaspace       used 32411K, capacity 33737K, committed 34096K, reserved 1079296K
  class space    used 4774K, capacity 5050K, committed 5168K, reserved 1048576K
Event: 4.315 GC heap after
Heap after GC invocations=4 (full 1):
 PSYoungGen      total 38400K, used 5097K [0x0000000795580000, 0x0000000798c80000, 0x00000007c0000000)
  eden space 33280K, 0% used [0x0000000795580000,0x0000000795580000,0x0000000797600000)
  from space 5120K, 99% used [0x0000000797600000,0x0000000797afa440,0x0000000797b00000)
  to   space 5120K, 0% used [0x0000000798780000,0x0000000798780000,0x0000000798c80000)
 ParOldGen       total 62464K, used 10246K [0x0000000740000000, 0x0000000743d00000, 0x0000000795580000)
  object space 62464K, 16% used [0x0000000740000000,0x0000000740a01948,0x0000000743d00000)
 Metaspace       used 32411K, capacity 33737K, committed 34096K, reserved 1079296K
  class space    used 4774K, capacity 5050K, committed 5168K, reserved 1048576K
}
Event: 24.261 GC heap before
{Heap before GC invocations=5 (full 1):
 PSYoungGen      total 38400K, used 19596K [0x0000000795580000, 0x0000000798c80000, 0x00000007c0000000)
  eden space 33280K, 43% used [0x0000000795580000,0x00000007963a8e48,0x0000000797600000)
  from space 5120K, 99% used [0x0000000797600000,0x0000000797afa440,0x0000000797b00000)
  to   space 5120K, 0% used [0x0000000798780000,0x0000000798780000,0x0000000798c80000)
 ParOldGen       total 62464K, used 10246K [0x0000000740000000, 0x0000000743d00000, 0x0000000795580000)
  object space 62464K, 16% used [0x0000000740000000,0x0000000740a01948,0x0000000743d00000)
 Metaspace       used 34095K, capacity 35479K, committed 35496K, reserved 1079296K
  class space    used 4892K, capacity 5167K, committed 5168K, reserved 1048576K
Event: 24.270 GC heap after
Heap after GC invocations=5 (full 1):
 PSYoungGen      total 49152K, used 5113K [0x0000000795580000, 0x0000000798c80000, 0x00000007c0000000)
  eden space 44032K, 0% used [0x0000000795580000,0x0000000795580000,0x0000000798080000)
  from space 5120K, 99% used [0x0000000798780000,0x0000000798c7e570,0x0000000798c80000)
  to   space 5120K, 0% used [0x0000000798280000,0x0000000798280000,0x0000000798780000)
 ParOldGen       total 62464K, used 11585K [0x0000000740000000, 0x0000000743d00000, 0x0000000795580000)
  object space 62464K, 18% used [0x0000000740000000,0x0000000740b50680,0x0000000743d00000)
 Metaspace       used 34095K, capacity 35479K, committed 35496K, reserved 1079296K
  class space    used 4892K, capacity 5167K, committed 5168K, reserved 1048576K
}
Event: 24.270 GC heap before
{Heap before GC invocations=6 (full 2):
 PSYoungGen      total 49152K, used 5113K [0x0000000795580000, 0x0000000798c80000, 0x00000007c0000000)
  eden space 44032K, 0% used [0x0000000795580000,0x0000000795580000,0x0000000798080000)
  from space 5120K, 99% used [0x0000000798780000,0x0000000798c7e570,0x0000000798c80000)
  to   space 5120K, 0% used [0x0000000798280000,0x0000000798280000,0x0000000798780000)
 ParOldGen       total 62464K, used 11585K [0x0000000740000000, 0x0000000743d00000, 0x0000000795580000)
  object space 62464K, 18% used [0x0000000740000000,0x0000000740b50680,0x0000000743d00000)
 Metaspace       used 34095K, capacity 35479K, committed 35496K, reserved 1079296K
  class space    used 4892K, capacity 5167K, committed 5168K, reserved 1048576K
Event: 24.349 GC heap after
Heap after GC invocations=6 (full 2):
 PSYoungGen      total 49152K, used 0K [0x0000000795580000, 0x0000000798c80000, 0x00000007c0000000)
  eden space 44032K, 0% used [0x0000000795580000,0x0000000795580000,0x0000000798080000)
  from space 5120K, 0% used [0x0000000798780000,0x0000000798780000,0x0000000798c80000)
  to   space 5120K, 0% used [0x0000000798280000,0x0000000798280000,0x0000000798780000)
 ParOldGen       total 97792K, used 13042K [0x0000000740000000, 0x0000000745f80000, 0x0000000795580000)
  object space 97792K, 13% used [0x0000000740000000,0x0000000740cbca78,0x0000000745f80000)
 Metaspace       used 34093K, capacity 35473K, committed 35496K, reserved 1079296K
  class space    used 4891K, capacity 5166K, committed 5168K, reserved 1048576K
}
Event: 126.287 GC heap before
{Heap before GC invocations=7 (full 2):
 PSYoungGen      total 49152K, used 44032K [0x0000000795580000, 0x0000000798c80000, 0x00000007c0000000)
  eden space 44032K, 100% used [0x0000000795580000,0x0000000798080000,0x0000000798080000)
  from space 5120K, 0% used [0x0000000798780000,0x0000000798780000,0x0000000798c80000)
  to   space 5120K, 0% used [0x0000000798280000,0x0000000798280000,0x0000000798780000)
 ParOldGen       total 97792K, used 13042K [0x0000000740000000, 0x0000000745f80000, 0x0000000795580000)
  object space 97792K, 13% used [0x0000000740000000,0x0000000740cbca78,0x0000000745f80000)
 Metaspace       used 35663K, capacity 37035K, committed 37296K, reserved 1081344K
  class space    used 4924K, capacity 5203K, committed 5296K, reserved 1048576K
Event: 126.290 GC heap after
Heap after GC invocations=7 (full 2):
 PSYoungGen      total 51200K, used 768K [0x0000000795580000, 0x000000079a480000, 0x00000007c0000000)
  eden space 46080K, 0% used [0x0000000795580000,0x0000000795580000,0x0000000798280000)
  from space 5120K, 15% used [0x0000000798280000,0x0000000798340000,0x0000000798780000)
  to   space 10240K, 0% used [0x0000000799a80000,0x0000000799a80000,0x000000079a480000)
 ParOldGen       total 97792K, used 13050K [0x0000000740000000, 0x0000000745f80000, 0x0000000795580000)
  object space 97792K, 13% used [0x0000000740000000,0x0000000740cbea78,0x0000000745f80000)
 Metaspace       used 35663K, capacity 37035K, committed 37296K, reserved 1081344K
  class space    used 4924K, capacity 5203K, committed 5296K, reserved 1048576K
}

Deoptimization events (10 events):
Event: 173.397 Thread 0x00007ff713972000 Uncommon trap: reason=unstable_if action=reinterpret pc=0x0000000110d96948 method=com.sun.javafx.sg.prism.NGNode.checkBoundsInQuad(Lcom/sun/javafx/geom/RectBounds;Lcom/sun/javafx/geom/RectBounds;Lcom/sun/javafx/geom/transform/BaseTransform;Lcom/sun/javafx
Event: 177.068 Thread 0x00007ff713972000 Uncommon trap: reason=unstable_if action=reinterpret pc=0x0000000110f81e94 method=com.sun.javafx.sg.prism.NGNode.checkBoundsInQuad(Lcom/sun/javafx/geom/RectBounds;Lcom/sun/javafx/geom/RectBounds;Lcom/sun/javafx/geom/transform/BaseTransform;Lcom/sun/javafx
Event: 177.918 Thread 0x00007ff713965800 Uncommon trap: reason=bimorphic action=maybe_recompile pc=0x00000001106927d4 method=com.sun.javafx.event.EventHandlerManager.dispatchCapturingEvent(Ljavafx/event/Event;)Ljavafx/event/Event; @ 1
Event: 177.918 Thread 0x00007ff713965800 Uncommon trap: reason=bimorphic action=maybe_recompile pc=0x00000001106927d4 method=com.sun.javafx.event.EventHandlerManager.dispatchCapturingEvent(Ljavafx/event/Event;)Ljavafx/event/Event; @ 1
Event: 177.918 Thread 0x00007ff713965800 Uncommon trap: reason=bimorphic action=maybe_recompile pc=0x00000001106927d4 method=com.sun.javafx.event.EventHandlerManager.dispatchCapturingEvent(Ljavafx/event/Event;)Ljavafx/event/Event; @ 1
Event: 177.918 Thread 0x00007ff713965800 Uncommon trap: reason=bimorphic action=maybe_recompile pc=0x00000001106927d4 method=com.sun.javafx.event.EventHandlerManager.dispatchCapturingEvent(Ljavafx/event/Event;)Ljavafx/event/Event; @ 1
Event: 184.291 Thread 0x00007ff713965800 Uncommon trap: reason=unstable_if action=reinterpret pc=0x0000000110f29ed4 method=com.sun.javafx.event.EventDispatchChainImpl.ensureCapacity(I)V @ 19
Event: 184.291 Thread 0x00007ff713965800 Uncommon trap: reason=unstable_if action=reinterpret pc=0x00000001103276d0 method=com.sun.javafx.tk.quantum.QuantumToolkit.runWithoutRenderLock(Ljava/util/function/Supplier;)Ljava/lang/Object; @ 8
Event: 184.319 Thread 0x00007ff713965800 Uncommon trap: reason=unstable_if action=reinterpret pc=0x0000000110e4fe90 method=java.util.concurrent.locks.AbstractQueuedSynchronizer.doReleaseShared()V @ 6
Event: 184.326 Thread 0x00007ff713972000 Uncommon trap: reason=unstable_if action=reinterpret pc=0x0000000110be6a20 method=java.util.concurrent.locks.AbstractQueuedSynchronizer$ConditionObject.checkInterruptWhileWaiting(Ljava/util/concurrent/locks/AbstractQueuedSynchronizer$Node;)I @ 3

Classes redefined (0 events):
No events

Internal exceptions (10 events):
Event: 4.324 Thread 0x00007ff713bda000 Exception <a 'java/lang/ArrayIndexOutOfBoundsException': 0> (0x000000079569ce08) thrown at [/Users/java_re/workspace/8-2-build-macosx-x86_64/jdk8u161/10277/hotspot/src/share/vm/interpreter/interpreterRuntime.cpp, line 366]
Event: 4.371 Thread 0x00007ff714435000 Exception <a 'java/lang/ArrayIndexOutOfBoundsException': 0> (0x0000000795957728) thrown at [/Users/java_re/workspace/8-2-build-macosx-x86_64/jdk8u161/10277/hotspot/src/share/vm/interpreter/interpreterRuntime.cpp, line 366]
Event: 4.373 Thread 0x00007ff714435000 Exception <a 'java/lang/ArrayIndexOutOfBoundsException': 0> (0x000000079596c508) thrown at [/Users/java_re/workspace/8-2-build-macosx-x86_64/jdk8u161/10277/hotspot/src/share/vm/interpreter/interpreterRuntime.cpp, line 366]
Event: 4.375 Thread 0x00007ff714435000 Exception <a 'java/lang/ArrayIndexOutOfBoundsException': 0> (0x0000000795995b88) thrown at [/Users/java_re/workspace/8-2-build-macosx-x86_64/jdk8u161/10277/hotspot/src/share/vm/interpreter/interpreterRuntime.cpp, line 366]
Event: 4.375 Thread 0x00007ff714435000 Exception <a 'java/lang/ArrayIndexOutOfBoundsException': 0> (0x0000000795996138) thrown at [/Users/java_re/workspace/8-2-build-macosx-x86_64/jdk8u161/10277/hotspot/src/share/vm/interpreter/interpreterRuntime.cpp, line 366]
Event: 11.850 Thread 0x00007ff714435000 Exception <a 'java/lang/InterruptedException'> (0x00000007959a82c0) thrown at [/Users/java_re/workspace/8-2-build-macosx-x86_64/jdk8u161/10277/hotspot/src/share/vm/runtime/objectMonitor.cpp, line 1684]
Event: 11.854 Thread 0x00007ff713bda000 Exception <a 'java/lang/ArrayIndexOutOfBoundsException': 0> (0x00000007956ac668) thrown at [/Users/java_re/workspace/8-2-build-macosx-x86_64/jdk8u161/10277/hotspot/src/share/vm/interpreter/interpreterRuntime.cpp, line 366]
Event: 22.170 Thread 0x00007ff713965800 Implicit null exception at 0x00000001107686ce to 0x0000000110768725
Event: 41.297 Thread 0x00007ff713bbe000 Implicit null exception at 0x0000000110777574 to 0x0000000110777c31
Event: 184.291 Thread 0x00007ff713965800 Implicit null exception at 0x0000000110f29bd0 to 0x0000000110f29eb9

Events (10 events):
Event: 184.325 loading class com/sun/javafx/tk/quantum/QuantumRenderer done
Event: 184.326 Thread 0x00007ff713972000 Uncommon trap: trap_request=0xffffff65 fr.pc=0x0000000110be6a20
Event: 184.326 Thread 0x00007ff713972000 DEOPT PACKING pc=0x0000000110be6a20 sp=0x000070000e2c2660
Event: 184.326 Thread 0x00007ff713972000 DEOPT UNPACKING pc=0x000000010fd7073a sp=0x000070000e2c25e0 mode 2
Event: 184.326 loading class com/sun/javafx/tk/quantum/QuantumToolkit
Event: 184.326 loading class com/sun/javafx/tk/quantum/QuantumToolkit done
Event: 184.326 Thread 0x00007ff713972000 Thread exited: 0x00007ff713972000
Event: 184.326 Thread 0x00007ff714239800 Thread exited: 0x00007ff714239800
Event: 184.326 Thread 0x00007ff71413b000 Thread exited: 0x00007ff71413b000
Event: 184.326 Thread 0x00007ff713965800 Thread exited: 0x00007ff713965800


Dynamic libraries:
0x0000000025db4000 	/System/Library/Frameworks/Cocoa.framework/Versions/A/Cocoa
0x0000000025db4000 	/System/Library/Frameworks/Security.framework/Versions/A/Security
0x0000000025db4000 	/System/Library/Frameworks/ApplicationServices.framework/Versions/A/ApplicationServices
0x0000000025db4000 	/usr/lib/libz.1.dylib
0x0000000025db4000 	/usr/lib/libSystem.B.dylib
0x0000000025db4000 	/usr/lib/libobjc.A.dylib
0x0000000025db4000 	/System/Library/Frameworks/CoreFoundation.framework/Versions/A/CoreFoundation
0x0000000025db4000 	/System/Library/Frameworks/Foundation.framework/Versions/C/Foundation
0x0000000025db4000 	/System/Library/Frameworks/AppKit.framework/Versions/C/AppKit
0x0000000025db4000 	/System/Library/Frameworks/CoreData.framework/Versions/A/CoreData
0x0000000025db4000 	/System/Library/PrivateFrameworks/RemoteViewServices.framework/Versions/A/RemoteViewServices
0x0000000025db4000 	/System/Library/PrivateFrameworks/UIFoundation.framework/Versions/A/UIFoundation
0x0000000025db4000 	/System/Library/PrivateFrameworks/XCTTargetBootstrap.framework/Versions/A/XCTTargetBootstrap
0x0000000025db4000 	/System/Library/PrivateFrameworks/IconServices.framework/Versions/A/IconServices
0x0000000025db4000 	/System/Library/Frameworks/Metal.framework/Versions/A/Metal
0x0000000025db4000 	/System/Library/PrivateFrameworks/DesktopServicesPriv.framework/Versions/A/DesktopServicesPriv
0x0000000025db4000 	/usr/lib/libenergytrace.dylib
0x0000000025db4000 	/System/Library/PrivateFrameworks/SkyLight.framework/Versions/A/SkyLight
0x0000000025db4000 	/System/Library/Frameworks/CoreGraphics.framework/Versions/A/CoreGraphics
0x0000000025db4000 	/System/Library/Frameworks/Accelerate.framework/Versions/A/Accelerate
0x0000000025db4000 	/System/Library/Frameworks/IOSurface.framework/Versions/A/IOSurface
0x0000000025db4000 	/System/Library/PrivateFrameworks/DFRFoundation.framework/Versions/A/DFRFoundation
0x0000000025db4000 	/System/Library/Frameworks/AudioToolbox.framework/Versions/A/AudioToolbox
0x0000000025db4000 	/System/Library/Frameworks/AudioUnit.framework/Versions/A/AudioUnit
0x0000000025db4000 	/System/Library/PrivateFrameworks/DataDetectorsCore.framework/Versions/A/DataDetectorsCore
0x0000000025db4000 	/System/Library/Frameworks/Carbon.framework/Versions/A/Frameworks/HIToolbox.framework/Versions/A/HIToolbox
0x0000000025db4000 	/usr/lib/libicucore.A.dylib
0x0000000025db4000 	/System/Library/Frameworks/QuartzCore.framework/Versions/A/QuartzCore
0x0000000025db4000 	/System/Library/Frameworks/Carbon.framework/Versions/A/Frameworks/SpeechRecognition.framework/Versions/A/SpeechRecognition
0x0000000025db4000 	/usr/lib/libauto.dylib
0x0000000025db4000 	/usr/lib/libxml2.2.dylib
0x0000000025db4000 	/System/Library/PrivateFrameworks/CoreUI.framework/Versions/A/CoreUI
0x0000000025db4000 	/System/Library/Frameworks/CoreAudio.framework/Versions/A/CoreAudio
0x0000000025db4000 	/System/Library/Frameworks/DiskArbitration.framework/Versions/A/DiskArbitration
0x0000000025db4000 	/usr/lib/liblangid.dylib
0x0000000025db4000 	/System/Library/PrivateFrameworks/MultitouchSupport.framework/Versions/A/MultitouchSupport
0x0000000025db4000 	/System/Library/Frameworks/IOKit.framework/Versions/A/IOKit
0x0000000025db4000 	/usr/lib/libDiagnosticMessagesClient.dylib
0x0000000025db4000 	/System/Library/Frameworks/CoreServices.framework/Versions/A/CoreServices
0x0000000025db4000 	/System/Library/PrivateFrameworks/PerformanceAnalysis.framework/Versions/A/PerformanceAnalysis
0x0000000025db4000 	/System/Library/Frameworks/OpenGL.framework/Versions/A/OpenGL
0x0000000025db4000 	/System/Library/Frameworks/ColorSync.framework/Versions/A/ColorSync
0x0000000025db4000 	/System/Library/Frameworks/CoreImage.framework/Versions/A/CoreImage
0x0000000025db4000 	/System/Library/Frameworks/CoreText.framework/Versions/A/CoreText
0x0000000025db4000 	/System/Library/Frameworks/ImageIO.framework/Versions/A/ImageIO
0x0000000025db4000 	/System/Library/PrivateFrameworks/Backup.framework/Versions/A/Backup
0x0000000025db4000 	/usr/lib/libarchive.2.dylib
0x0000000025db4000 	/System/Library/Frameworks/CFNetwork.framework/Versions/A/CFNetwork
0x0000000025db4000 	/System/Library/Frameworks/SystemConfiguration.framework/Versions/A/SystemConfiguration
0x0000000025db4000 	/usr/lib/libCRFSuite.dylib
0x0000000025db4000 	/usr/lib/libc++.1.dylib
0x0000000025db4000 	/usr/lib/libc++abi.dylib
0x0000000025db4000 	/usr/lib/system/libcache.dylib
0x0000000025db4000 	/usr/lib/system/libcommonCrypto.dylib
0x0000000025db4000 	/usr/lib/system/libcompiler_rt.dylib
0x0000000025db4000 	/usr/lib/system/libcopyfile.dylib
0x0000000025db4000 	/usr/lib/system/libcorecrypto.dylib
0x0000000025db4000 	/usr/lib/system/libdispatch.dylib
0x0000000025db4000 	/usr/lib/system/libdyld.dylib
0x0000000025db4000 	/usr/lib/system/libkeymgr.dylib
0x0000000025db4000 	/usr/lib/system/liblaunch.dylib
0x0000000025db4000 	/usr/lib/system/libmacho.dylib
0x0000000025db4000 	/usr/lib/system/libquarantine.dylib
0x0000000025db4000 	/usr/lib/system/libremovefile.dylib
0x0000000025db4000 	/usr/lib/system/libsystem_asl.dylib
0x0000000025db4000 	/usr/lib/system/libsystem_blocks.dylib
0x0000000025db4000 	/usr/lib/system/libsystem_c.dylib
0x0000000025db4000 	/usr/lib/system/libsystem_configuration.dylib
0x0000000025db4000 	/usr/lib/system/libsystem_coreservices.dylib
0x0000000025db4000 	/usr/lib/system/libsystem_darwin.dylib
0x0000000025db4000 	/usr/lib/system/libsystem_dnssd.dylib
0x0000000025db4000 	/usr/lib/system/libsystem_info.dylib
0x0000000025db4000 	/usr/lib/system/libsystem_m.dylib
0x0000000025db4000 	/usr/lib/system/libsystem_malloc.dylib
0x0000000025db4000 	/usr/lib/system/libsystem_networkextension.dylib
0x0000000025db4000 	/usr/lib/system/libsystem_notify.dylib
0x0000000025db4000 	/usr/lib/system/libsystem_sandbox.dylib
0x0000000025db4000 	/usr/lib/system/libsystem_secinit.dylib
0x0000000025db4000 	/usr/lib/system/libsystem_kernel.dylib
0x0000000025db4000 	/usr/lib/system/libsystem_platform.dylib
0x0000000025db4000 	/usr/lib/system/libsystem_pthread.dylib
0x0000000025db4000 	/usr/lib/system/libsystem_symptoms.dylib
0x0000000025db4000 	/usr/lib/system/libsystem_trace.dylib
0x0000000025db4000 	/usr/lib/system/libunwind.dylib
0x0000000025db4000 	/usr/lib/system/libxpc.dylib
0x0000000025db4000 	/usr/lib/libbsm.0.dylib
0x0000000025db4000 	/usr/lib/system/libkxld.dylib
0x0000000025db4000 	/System/Library/PrivateFrameworks/AppleFSCompression.framework/Versions/A/AppleFSCompression
0x0000000025db4000 	/usr/lib/libOpenScriptingUtil.dylib
0x0000000025db4000 	/usr/lib/libcoretls.dylib
0x0000000025db4000 	/usr/lib/libcoretls_cfhelpers.dylib
0x0000000025db4000 	/usr/lib/libpam.2.dylib
0x0000000025db4000 	/usr/lib/libsqlite3.dylib
0x0000000025db4000 	/usr/lib/libxar.1.dylib
0x0000000025db4000 	/usr/lib/libbz2.1.0.dylib
0x0000000025db4000 	/usr/lib/liblzma.5.dylib
0x0000000025db4000 	/usr/lib/libnetwork.dylib
0x0000000025db4000 	/usr/lib/libapple_nghttp2.dylib
0x0000000025db4000 	/usr/lib/libpcap.A.dylib
0x0000000025db4000 	/System/Library/Frameworks/CoreServices.framework/Versions/A/Frameworks/FSEvents.framework/Versions/A/FSEvents
0x0000000025db4000 	/System/Library/Frameworks/CoreServices.framework/Versions/A/Frameworks/CarbonCore.framework/Versions/A/CarbonCore
0x0000000025db4000 	/System/Library/Frameworks/CoreServices.framework/Versions/A/Frameworks/Metadata.framework/Versions/A/Metadata
0x0000000025db4000 	/System/Library/Frameworks/CoreServices.framework/Versions/A/Frameworks/OSServices.framework/Versions/A/OSServices
0x0000000025db4000 	/System/Library/Frameworks/CoreServices.framework/Versions/A/Frameworks/SearchKit.framework/Versions/A/SearchKit
0x0000000025db4000 	/System/Library/Frameworks/CoreServices.framework/Versions/A/Frameworks/AE.framework/Versions/A/AE
0x0000000025db4000 	/System/Library/Frameworks/CoreServices.framework/Versions/A/Frameworks/LaunchServices.framework/Versions/A/LaunchServices
0x0000000025db4000 	/System/Library/Frameworks/CoreServices.framework/Versions/A/Frameworks/DictionaryServices.framework/Versions/A/DictionaryServices
0x0000000025db4000 	/System/Library/Frameworks/CoreServices.framework/Versions/A/Frameworks/SharedFileList.framework/Versions/A/SharedFileList
0x0000000025db4000 	/System/Library/Frameworks/NetFS.framework/Versions/A/NetFS
0x0000000025db4000 	/System/Library/PrivateFrameworks/NetAuth.framework/Versions/A/NetAuth
0x0000000025db4000 	/System/Library/PrivateFrameworks/login.framework/Versions/A/Frameworks/loginsupport.framework/Versions/A/loginsupport
0x0000000025db4000 	/System/Library/PrivateFrameworks/TCC.framework/Versions/A/TCC
0x0000000025db4000 	/System/Library/PrivateFrameworks/CoreNLP.framework/Versions/A/CoreNLP
0x0000000025db4000 	/System/Library/PrivateFrameworks/MetadataUtilities.framework/Versions/A/MetadataUtilities
0x0000000025db4000 	/usr/lib/libmecabra.dylib
0x0000000025db4000 	/System/Library/Frameworks/ApplicationServices.framework/Versions/A/Frameworks/ATS.framework/Versions/A/ATS
0x0000000025db4000 	/System/Library/Frameworks/ApplicationServices.framework/Versions/A/Frameworks/ColorSyncLegacy.framework/Versions/A/ColorSyncLegacy
0x0000000025db4000 	/System/Library/Frameworks/ApplicationServices.framework/Versions/A/Frameworks/HIServices.framework/Versions/A/HIServices
0x0000000025db4000 	/System/Library/Frameworks/ApplicationServices.framework/Versions/A/Frameworks/LangAnalysis.framework/Versions/A/LangAnalysis
0x0000000025db4000 	/System/Library/Frameworks/ApplicationServices.framework/Versions/A/Frameworks/PrintCore.framework/Versions/A/PrintCore
0x0000000025db4000 	/System/Library/Frameworks/ApplicationServices.framework/Versions/A/Frameworks/QD.framework/Versions/A/QD
0x0000000025db4000 	/System/Library/Frameworks/ApplicationServices.framework/Versions/A/Frameworks/SpeechSynthesis.framework/Versions/A/SpeechSynthesis
0x0000000025db4000 	/usr/lib/libcompression.dylib
0x0000000025db4000 	/System/Library/Frameworks/CoreDisplay.framework/Versions/A/CoreDisplay
0x0000000025db4000 	/System/Library/Frameworks/MetalPerformanceShaders.framework/Versions/A/MetalPerformanceShaders
0x0000000025db4000 	/System/Library/Frameworks/Accelerate.framework/Versions/A/Frameworks/vImage.framework/Versions/A/vImage
0x0000000025db4000 	/System/Library/Frameworks/Accelerate.framework/Versions/A/Frameworks/vecLib.framework/Versions/A/vecLib
0x0000000025db4000 	/System/Library/Frameworks/Accelerate.framework/Versions/A/Frameworks/vecLib.framework/Versions/A/libvMisc.dylib
0x0000000025db4000 	/System/Library/Frameworks/Accelerate.framework/Versions/A/Frameworks/vecLib.framework/Versions/A/libvDSP.dylib
0x0000000025db4000 	/System/Library/Frameworks/Accelerate.framework/Versions/A/Frameworks/vecLib.framework/Versions/A/libBLAS.dylib
0x0000000025db4000 	/System/Library/Frameworks/Accelerate.framework/Versions/A/Frameworks/vecLib.framework/Versions/A/libLAPACK.dylib
0x0000000025db4000 	/System/Library/Frameworks/Accelerate.framework/Versions/A/Frameworks/vecLib.framework/Versions/A/libLinearAlgebra.dylib
0x0000000025db4000 	/System/Library/Frameworks/Accelerate.framework/Versions/A/Frameworks/vecLib.framework/Versions/A/libSparseBLAS.dylib
0x0000000025db4000 	/System/Library/Frameworks/Accelerate.framework/Versions/A/Frameworks/vecLib.framework/Versions/A/libQuadrature.dylib
0x0000000025db4000 	/System/Library/Frameworks/Accelerate.framework/Versions/A/Frameworks/vecLib.framework/Versions/A/libBNNS.dylib
0x0000000025db4000 	/System/Library/Frameworks/Accelerate.framework/Versions/A/Frameworks/vecLib.framework/Versions/A/libSparse.dylib
0x0000000025db4000 	/System/Library/PrivateFrameworks/GPUWrangler.framework/Versions/A/GPUWrangler
0x0000000025db4000 	/System/Library/PrivateFrameworks/IOAccelerator.framework/Versions/A/IOAccelerator
0x0000000025db4000 	/System/Library/PrivateFrameworks/IOPresentment.framework/Versions/A/IOPresentment
0x0000000025db4000 	/System/Library/PrivateFrameworks/DSExternalDisplay.framework/Versions/A/DSExternalDisplay
0x0000000025db4000 	/System/Library/Frameworks/OpenGL.framework/Versions/A/Libraries/libCoreFSCache.dylib
0x0000000025db4000 	/System/Library/Frameworks/MetalPerformanceShaders.framework/Frameworks/MPSCore.framework/Versions/A/MPSCore
0x0000000025db4000 	/System/Library/Frameworks/MetalPerformanceShaders.framework/Frameworks/MPSImage.framework/Versions/A/MPSImage
0x0000000025db4000 	/System/Library/Frameworks/MetalPerformanceShaders.framework/Frameworks/MPSNeuralNetwork.framework/Versions/A/MPSNeuralNetwork
0x0000000025db4000 	/System/Library/Frameworks/MetalPerformanceShaders.framework/Frameworks/MPSMatrix.framework/Versions/A/MPSMatrix
0x0000000025db4000 	/System/Library/Frameworks/MetalPerformanceShaders.framework/Frameworks/MPSRayIntersector.framework/Versions/A/MPSRayIntersector
0x0000000025db4000 	/System/Library/PrivateFrameworks/MetalTools.framework/Versions/A/MetalTools
0x0000000025db4000 	/System/Library/PrivateFrameworks/AggregateDictionary.framework/Versions/A/AggregateDictionary
0x0000000025db4000 	/usr/lib/libMobileGestalt.dylib
0x0000000025db4000 	/System/Library/Frameworks/CoreVideo.framework/Versions/A/CoreVideo
0x0000000025db4000 	/System/Library/PrivateFrameworks/GraphVisualizer.framework/Versions/A/GraphVisualizer
0x0000000025db4000 	/System/Library/PrivateFrameworks/FaceCore.framework/Versions/A/FaceCore
0x0000000025db4000 	/System/Library/Frameworks/OpenCL.framework/Versions/A/OpenCL
0x0000000025db4000 	/usr/lib/libFosl_dynamic.dylib
0x0000000025db4000 	/System/Library/PrivateFrameworks/OTSVG.framework/Versions/A/OTSVG
0x0000000025db4000 	/System/Library/Frameworks/ApplicationServices.framework/Versions/A/Frameworks/ATS.framework/Versions/A/Resources/libFontParser.dylib
0x0000000025db4000 	/System/Library/Frameworks/ApplicationServices.framework/Versions/A/Frameworks/ATS.framework/Versions/A/Resources/libFontRegistry.dylib
0x0000000025db4000 	/System/Library/Frameworks/ImageIO.framework/Versions/A/Resources/libJPEG.dylib
0x0000000025db4000 	/System/Library/Frameworks/ImageIO.framework/Versions/A/Resources/libTIFF.dylib
0x0000000025db4000 	/System/Library/Frameworks/ImageIO.framework/Versions/A/Resources/libPng.dylib
0x0000000025db4000 	/System/Library/Frameworks/ImageIO.framework/Versions/A/Resources/libGIF.dylib
0x0000000025db4000 	/System/Library/Frameworks/ImageIO.framework/Versions/A/Resources/libJP2.dylib
0x0000000025db4000 	/System/Library/Frameworks/ImageIO.framework/Versions/A/Resources/libRadiance.dylib
0x0000000025db4000 	/System/Library/PrivateFrameworks/AppleJPEG.framework/Versions/A/AppleJPEG
0x0000000025db4000 	/System/Library/Frameworks/OpenGL.framework/Versions/A/Libraries/libGFXShared.dylib
0x0000000025db4000 	/System/Library/Frameworks/OpenGL.framework/Versions/A/Libraries/libGLU.dylib
0x0000000025db4000 	/System/Library/Frameworks/OpenGL.framework/Versions/A/Libraries/libGL.dylib
0x0000000025db4000 	/System/Library/Frameworks/OpenGL.framework/Versions/A/Libraries/libGLImage.dylib
0x0000000025db4000 	/System/Library/Frameworks/OpenGL.framework/Versions/A/Libraries/libCVMSPluginSupport.dylib
0x0000000025db4000 	/System/Library/Frameworks/OpenGL.framework/Versions/A/Libraries/libCoreVMClient.dylib
0x0000000025db4000 	/usr/lib/libcups.2.dylib
0x0000000025db4000 	/System/Library/Frameworks/Kerberos.framework/Versions/A/Kerberos
0x0000000025db4000 	/System/Library/Frameworks/GSS.framework/Versions/A/GSS
0x0000000025db4000 	/usr/lib/libresolv.9.dylib
0x0000000025db4000 	/usr/lib/libiconv.2.dylib
0x0000000025db4000 	/System/Library/PrivateFrameworks/Heimdal.framework/Versions/A/Heimdal
0x0000000025db4000 	/usr/lib/libheimdal-asn1.dylib
0x0000000025db4000 	/System/Library/Frameworks/OpenDirectory.framework/Versions/A/OpenDirectory
0x0000000025db4000 	/System/Library/PrivateFrameworks/CommonAuth.framework/Versions/A/CommonAuth
0x0000000025db4000 	/System/Library/Frameworks/OpenDirectory.framework/Versions/A/Frameworks/CFOpenDirectory.framework/Versions/A/CFOpenDirectory
0x0000000025db4000 	/System/Library/Frameworks/SecurityFoundation.framework/Versions/A/SecurityFoundation
0x0000000025db4000 	/System/Library/PrivateFrameworks/APFS.framework/Versions/A/APFS
0x0000000025db4000 	/usr/lib/libutil.dylib
0x0000000025db4000 	/usr/lib/libcharset.1.dylib
0x0000000025db4000 	/System/Library/PrivateFrameworks/AppleSauce.framework/Versions/A/AppleSauce
0x0000000025db4000 	/System/Library/PrivateFrameworks/AssertionServices.framework/Versions/A/AssertionServices
0x0000000025db4000 	/System/Library/PrivateFrameworks/BaseBoard.framework/Versions/A/BaseBoard
0x0000000025db4000 	/usr/lib/libmecab.1.0.0.dylib
0x0000000025db4000 	/usr/lib/libgermantok.dylib
0x0000000025db4000 	/usr/lib/libThaiTokenizer.dylib
0x0000000025db4000 	/usr/lib/libChineseTokenizer.dylib
0x0000000025db4000 	/System/Library/PrivateFrameworks/LanguageModeling.framework/Versions/A/LanguageModeling
0x0000000025db4000 	/System/Library/PrivateFrameworks/CoreEmoji.framework/Versions/A/CoreEmoji
0x0000000025db4000 	/System/Library/PrivateFrameworks/Lexicon.framework/Versions/A/Lexicon
0x0000000025db4000 	/System/Library/PrivateFrameworks/LinguisticData.framework/Versions/A/LinguisticData
0x0000000025db4000 	/usr/lib/libcmph.dylib
0x0000000025db4000 	/System/Library/Frameworks/ServiceManagement.framework/Versions/A/ServiceManagement
0x0000000025db4000 	/System/Library/PrivateFrameworks/BackgroundTaskManagement.framework/Versions/A/BackgroundTaskManagement
0x0000000025db4000 	/usr/lib/libxslt.1.dylib
0x0000000025db4000 	/System/Library/Frameworks/Carbon.framework/Versions/A/Frameworks/Ink.framework/Versions/A/Ink
0x0000000025db4000 	/System/Library/PrivateFrameworks/TextureIO.framework/Versions/A/TextureIO
0x0000000025db4000 	/usr/lib/libate.dylib
0x0000000025db4000 	/System/Library/PrivateFrameworks/CrashReporterSupport.framework/Versions/A/CrashReporterSupport
0x0000000025db4000 	/System/Library/PrivateFrameworks/Sharing.framework/Versions/A/Sharing
0x0000000025db4000 	/System/Library/PrivateFrameworks/AuthKit.framework/Versions/A/AuthKit
0x0000000025db4000 	/System/Library/PrivateFrameworks/Apple80211.framework/Versions/A/Apple80211
0x0000000025db4000 	/System/Library/PrivateFrameworks/CoreUtils.framework/Versions/A/CoreUtils
0x0000000025db4000 	/System/Library/Frameworks/CoreWLAN.framework/Versions/A/CoreWLAN
0x0000000025db4000 	/System/Library/Frameworks/IOBluetooth.framework/Versions/A/IOBluetooth
0x0000000025db4000 	/System/Library/PrivateFrameworks/ProtocolBuffer.framework/Versions/A/ProtocolBuffer
0x0000000025db4000 	/System/Library/PrivateFrameworks/MobileKeyBag.framework/Versions/A/MobileKeyBag
0x0000000025db4000 	/System/Library/PrivateFrameworks/CorePhoneNumbers.framework/Versions/A/CorePhoneNumbers
0x0000000025db4000 	/System/Library/PrivateFrameworks/AppleIDAuthSupport.framework/Versions/A/AppleIDAuthSupport
0x0000000025db4000 	/System/Library/PrivateFrameworks/KeychainCircle.framework/Versions/A/KeychainCircle
0x0000000025db4000 	/System/Library/PrivateFrameworks/ROCKit.framework/Versions/A/ROCKit
0x0000000025db4000 	/System/Library/PrivateFrameworks/CoreWiFi.framework/Versions/A/CoreWiFi
0x0000000025db4000 	/System/Library/Frameworks/CoreBluetooth.framework/Versions/A/CoreBluetooth
0x0000000025db4000 	/System/Library/PrivateFrameworks/DebugSymbols.framework/Versions/A/DebugSymbols
0x0000000025db4000 	/System/Library/PrivateFrameworks/CoreSymbolication.framework/Versions/A/CoreSymbolication
0x0000000025db4000 	/System/Library/PrivateFrameworks/Symbolication.framework/Versions/A/Symbolication
0x0000000025db4000 	/System/Library/PrivateFrameworks/SpeechRecognitionCore.framework/Versions/A/SpeechRecognitionCore
0x000000010dc00000 	/Library/Java/JavaVirtualMachines/jdk1.8.0_161.jdk/Contents/Home/jre/lib/server/libjvm.dylib
0x0000000025db4000 	/usr/lib/libstdc++.6.dylib
0x000000010d34d000 	/Library/Java/JavaVirtualMachines/jdk1.8.0_161.jdk/Contents/Home/jre/lib/libverify.dylib
0x000000010d35b000 	/Library/Java/JavaVirtualMachines/jdk1.8.0_161.jdk/Contents/Home/jre/lib/libjava.dylib
0x000000010d3db000 	/Library/Java/JavaVirtualMachines/jdk1.8.0_161.jdk/Contents/Home/jre/lib/libzip.dylib
0x000000012485c000 	/Library/Java/JavaVirtualMachines/jdk1.8.0_161.jdk/Contents/Home/jre/lib/libprism_es2.dylib
0x0000000025db4000 	/System/Library/PrivateFrameworks/CoreServicesInternal.framework/Versions/A/CoreServicesInternal
0x0000000025db4000 	/System/Library/Frameworks/OpenGL.framework/Versions/A/Resources/GLEngine.bundle/GLEngine
0x0000000025db4000 	/System/Library/Frameworks/OpenGL.framework/Versions/A/Libraries/libGLProgrammability.dylib
0x0000000025db4000 	/System/Library/Extensions/AppleIntelKBLGraphicsGLDriver.bundle/Contents/MacOS/AppleIntelKBLGraphicsGLDriver
0x0000000025db4000 	/System/Library/PrivateFrameworks/GPUSupport.framework/Versions/A/Libraries/libGPUSupportMercury.dylib
0x0000000025db4000 	/System/Library/Frameworks/OpenGL.framework/Versions/A/Resources/GLRendererFloat.bundle/GLRendererFloat
0x0000000025db4000 	/System/Library/Frameworks/OpenCL.framework/Versions/A/Libraries/libcldcpuengine.dylib
0x0000000025db4000 	/usr/lib/libcrypto.35.dylib
0x0000000025db4000 	/System/Library/PrivateFrameworks/TrustEvaluationAgent.framework/Versions/A/TrustEvaluationAgent
0x00000001252eb000 	/Library/Java/JavaVirtualMachines/jdk1.8.0_161.jdk/Contents/Home/jre/lib/libglass.dylib
0x0000000025db4000 	/System/Library/CoreServices/RawCamera.bundle/Contents/MacOS/RawCamera
0x0000000025db4000 	/System/Library/PrivateFrameworks/MobileAsset.framework/Versions/A/MobileAsset
0x0000000025db4000 	/System/Library/PrivateFrameworks/StreamingZip.framework/Versions/A/StreamingZip
0x0000000025db4000 	/System/Library/Frameworks/MediaToolbox.framework/Versions/A/MediaToolbox
0x0000000025db4000 	/System/Library/PrivateFrameworks/CoreAVCHD.framework/Versions/A/CoreAVCHD
0x0000000025db4000 	/System/Library/Frameworks/MediaAccessibility.framework/Versions/A/MediaAccessibility
0x0000000025db4000 	/System/Library/PrivateFrameworks/Mangrove.framework/Versions/A/Mangrove
0x0000000025db4000 	/System/Library/Frameworks/CoreMedia.framework/Versions/A/CoreMedia
0x0000000025db4000 	/System/Library/Frameworks/VideoToolbox.framework/Versions/A/VideoToolbox
0x0000000025db4000 	/System/Library/PrivateFrameworks/CoreAUC.framework/Versions/A/CoreAUC
0x0000000025db4000 	/usr/lib/libspindump.dylib
0x0000000025db4000 	/System/Library/PrivateFrameworks/AppleVA.framework/Versions/A/AppleVA
0x0000000025db4000 	/System/Library/Frameworks/Accelerate.framework/Versions/A/Frameworks/vImage.framework/Versions/A/Libraries/libCGInterfaces.dylib
0x0000000025db4000 	/System/Library/PrivateFrameworks/FamilyControls.framework/Versions/A/FamilyControls
0x0000000025db4000 	/System/Library/PrivateFrameworks/CommerceKit.framework/Versions/A/Frameworks/CommerceCore.framework/Versions/A/CommerceCore
0x0000000025db4000 	/System/Library/PrivateFrameworks/SystemAdministration.framework/Versions/A/SystemAdministration
0x0000000025db4000 	/System/Library/PrivateFrameworks/AppContainer.framework/Versions/A/AppContainer
0x0000000025db4000 	/System/Library/PrivateFrameworks/AppSandbox.framework/Versions/A/AppSandbox
0x0000000025db4000 	/System/Library/PrivateFrameworks/SecCodeWrapper.framework/Versions/A/SecCodeWrapper
0x0000000025db4000 	/usr/lib/libsandbox.1.dylib
0x0000000025db4000 	/usr/lib/libMatch.1.dylib
0x0000000025db4000 	/System/Library/PrivateFrameworks/DiskManagement.framework/Versions/A/DiskManagement
0x0000000025db4000 	/System/Library/Frameworks/DirectoryService.framework/Versions/A/DirectoryService
0x0000000025db4000 	/System/Library/PrivateFrameworks/DiskImages.framework/Versions/A/DiskImages
0x0000000025db4000 	/System/Library/PrivateFrameworks/LoginUIKit.framework/Versions/A/Frameworks/LoginUICore.framework/Versions/A/LoginUICore
0x0000000025db4000 	/usr/lib/libCoreStorage.dylib
0x0000000025db4000 	/usr/lib/libcsfde.dylib
0x0000000025db4000 	/usr/lib/libodfde.dylib
0x0000000025db4000 	/System/Library/PrivateFrameworks/MediaKit.framework/Versions/A/MediaKit
0x0000000025db4000 	/System/Library/Frameworks/DiscRecording.framework/Versions/A/DiscRecording
0x0000000025db4000 	/System/Library/PrivateFrameworks/EFILogin.framework/Versions/A/EFILogin
0x0000000025db4000 	/System/Library/PrivateFrameworks/ProtectedCloudStorage.framework/Versions/A/ProtectedCloudStorage
0x0000000025db4000 	/usr/lib/libcurl.4.dylib
0x0000000025db4000 	/usr/lib/libcrypto.42.dylib
0x0000000025db4000 	/usr/lib/libssl.44.dylib
0x0000000025db4000 	/System/Library/Frameworks/LDAP.framework/Versions/A/LDAP
0x0000000025db4000 	/usr/lib/libsasl2.2.dylib
0x0000000025db4000 	/System/Library/PrivateFrameworks/CoreDaemon.framework/Versions/B/CoreDaemon
0x0000000025db4000 	/System/Library/PrivateFrameworks/AppleSRP.framework/Versions/A/AppleSRP
0x0000000025db4000 	/System/Library/PrivateFrameworks/ViewBridge.framework/Versions/A/ViewBridge
0x0000000128f1f000 	/Library/Java/JavaVirtualMachines/jdk1.8.0_161.jdk/Contents/Home/jre/lib/libjavafx_font.dylib
0x0000000025db4000 	/System/Library/Frameworks/ApplicationServices.framework/Versions/A/Frameworks/ATS.framework/Versions/A/Resources/libTrueTypeScaler.dylib
0x0000000124c7a000 	/usr/lib/libobjc-trampolines.dylib
0x00000001292c8000 	/Library/Java/JavaVirtualMachines/jdk1.8.0_161.jdk/Contents/Home/jre/lib/libnet.dylib
0x0000000025db4000 	/System/Library/Extensions/AppleIntelKBLGraphicsMTLDriver.bundle/Contents/MacOS/AppleIntelKBLGraphicsMTLDriver
0x0000000025db4000 	/System/Library/PrivateFrameworks/GPUCompiler.framework/Versions/3902/Libraries/libmetal_timestamp.dylib
0x000000012aa04000 	/Library/Java/JavaVirtualMachines/jdk1.8.0_161.jdk/Contents/Home/jre/lib/libawt.dylib
0x000000012aaae000 	/Library/Java/JavaVirtualMachines/jdk1.8.0_161.jdk/Contents/Home/jre/lib/./libmlib_image.dylib
0x0000000025db4000 	/System/Library/Frameworks/JavaVM.framework/Versions/A/Frameworks/JavaNativeFoundation.framework/Versions/A/JavaNativeFoundation
0x0000000025db4000 	/System/Library/Frameworks/JavaVM.framework/Versions/A/Frameworks/JavaRuntimeSupport.framework/Versions/A/JavaRuntimeSupport
0x0000000025db4000 	/System/Library/Frameworks/JavaVM.framework/Versions/A/JavaVM
0x0000000025db4000 	/System/Library/PrivateFrameworks/JavaLaunching.framework/Versions/A/JavaLaunching
0x0000000025db4000 	/System/Library/Frameworks/Carbon.framework/Versions/A/Carbon
0x0000000025db4000 	/System/Library/Frameworks/Carbon.framework/Versions/A/Frameworks/CommonPanels.framework/Versions/A/CommonPanels
0x0000000025db4000 	/System/Library/Frameworks/Carbon.framework/Versions/A/Frameworks/Help.framework/Versions/A/Help
0x0000000025db4000 	/System/Library/Frameworks/Carbon.framework/Versions/A/Frameworks/ImageCapture.framework/Versions/A/ImageCapture
0x0000000025db4000 	/System/Library/Frameworks/Carbon.framework/Versions/A/Frameworks/OpenScripting.framework/Versions/A/OpenScripting
0x0000000025db4000 	/System/Library/Frameworks/Carbon.framework/Versions/A/Frameworks/Print.framework/Versions/A/Print
0x0000000025db4000 	/System/Library/Frameworks/Carbon.framework/Versions/A/Frameworks/SecurityHI.framework/Versions/A/SecurityHI
0x00000001316ec000 	/Library/Java/JavaVirtualMachines/jdk1.8.0_161.jdk/Contents/Home/jre/lib/libawt_lwawt.dylib
0x00000001292e8000 	/Library/Java/JavaVirtualMachines/jdk1.8.0_161.jdk/Contents/Home/jre/lib/./libosxapp.dylib
0x0000000025db4000 	/System/Library/Frameworks/ExceptionHandling.framework/Versions/A/ExceptionHandling
0x0000000124e06000 	/Library/Java/JavaVirtualMachines/jdk1.8.0_161.jdk/Contents/Home/jre/lib/libprism_common.dylib
0x0000000135920000 	/Library/Java/JavaVirtualMachines/jdk1.8.0_161.jdk/Contents/Home/jre/lib/libfontmanager.dylib
0x0000000124d2e000 	/Library/Java/JavaVirtualMachines/jdk1.8.0_161.jdk/Contents/Home/jre/lib/libnio.dylib
0x0000000124d93000 	/Library/Java/JavaVirtualMachines/jdk1.8.0_161.jdk/Contents/Home/jre/lib/libosxui.dylib
0x0000000135beb000 	/Library/Java/JavaVirtualMachines/jdk1.8.0_161.jdk/Contents/Home/jre/lib/libjpeg.dylib
0x000000016dd07000 	/Library/Java/JavaVirtualMachines/jdk1.8.0_161.jdk/Contents/Home/jre/lib/libdcpr.dylib

VM Arguments:
jvm_args: -Dfile.encoding=UTF-8 
java_command: eu.su.mas.dedale.princ.BlobMain
java_class_path (initial): /Library/Java/JavaVirtualMachines/jdk1.8.0_161.jdk/Contents/Home/jre/lib/resources.jar:/Library/Java/JavaVirtualMachines/jdk1.8.0_161.jdk/Contents/Home/jre/lib/rt.jar:/Library/Java/JavaVirtualMachines/jdk1.8.0_161.jdk/Contents/Home/jre/lib/jsse.jar:/Library/Java/JavaVirtualMachines/jdk1.8.0_161.jdk/Contents/Home/jre/lib/jce.jar:/Library/Java/JavaVirtualMachines/jdk1.8.0_161.jdk/Contents/Home/jre/lib/charsets.jar:/Library/Java/JavaVirtualMachines/jdk1.8.0_161.jdk/Contents/Home/jre/lib/jfr.jar:/Library/Java/JavaVirtualMachines/jdk1.8.0_161.jdk/Contents/Home/jre/lib/ext/sunec.jar:/Library/Java/JavaVirtualMachines/jdk1.8.0_161.jdk/Contents/Home/jre/lib/ext/nashorn.jar:/Library/Java/JavaVirtualMachines/jdk1.8.0_161.jdk/Contents/Home/jre/lib/ext/cldrdata.jar:/Library/Java/JavaVirtualMachines/jdk1.8.0_161.jdk/Contents/Home/jre/lib/ext/jfxrt.jar:/Library/Java/JavaVirtualMachines/jdk1.8.0_161.jdk/Contents/Home/jre/lib/ext/dnsns.jar:/Library/Java/JavaVirtualMachines/jdk1.8.0_161.jdk/Contents/Home/jre/lib/ext/localedata.jar:/Library/Java/JavaVirtualMachines/jdk1.8.0_161.jdk/Contents/Home/jre/lib/ext/sunjce_provider.jar:/Library/Java/JavaVirtualMachines/jdk1.8.0_161.jdk/Contents/Home/jre/lib/ext/sunpkcs11.jar:/Library/Java/JavaVirtualMachines/jdk1.8.0_161.jdk/Contents/Home/jre/lib/ext/jaccess.jar:/Library/Java/JavaVirtualMachines/jdk1.8.0_161.jdk/Contents/Home/jre/lib/ext/zipfs.jar:/Library/gurobi810/mac64/lib/gurobi.jar:/System/Library/Java/Extensions/MRJToolkit.jar:/Users/antoninarberet/git/Blob/target/classes:/Users/antoninarberet/git/Blob/resources:/Users/antoninarberet/git/Blob/libs/mas-0.0.1.jar:/Users/antoninarberet/git/Blob/libs/tools-0.0.1.jar:/Users/antoninarberet/git/Blob/libs/jade-4.5.0.jar:/Users/antoninarberet/.m2/repository/junit/junit/4.12/junit-4.12.jar:/Users/antoninarberet/.m2/repository/org/hamcrest/hamcrest-core/1.3/hamcrest-core-1.3.jar:/Users/antoninarberet/.m2/repository/com/github/graphstream/gs-algo/2.0-alpha/gs-algo-2.0-al
Launcher Type: SUN_STANDARD

Environment Variables:
PATH=/usr/bin:/bin:/usr/sbin:/sbin
SHELL=/bin/zsh
DISPLAY=/private/tmp/com.apple.launchd.vxGEKRxvXD/org.macosforge.xquartz:0

Signal Handlers:
SIGSEGV: [libjvm.dylib+0x5b5439], sa_mask[0]=11111111011111110111111111111111, sa_flags=SA_ONSTACK|SA_RESTART|SA_SIGINFO
SIGBUS: [libjvm.dylib+0x5b5439], sa_mask[0]=11111111011111110111111111111111, sa_flags=SA_RESTART|SA_SIGINFO
SIGFPE: [libjvm.dylib+0x48ae24], sa_mask[0]=11111111011111110111111111111111, sa_flags=SA_RESTART|SA_SIGINFO
SIGPIPE: [libjvm.dylib+0x48ae24], sa_mask[0]=11111111011111110111111111111111, sa_flags=SA_RESTART|SA_SIGINFO
SIGXFSZ: [libjvm.dylib+0x48ae24], sa_mask[0]=11111111011111110111111111111111, sa_flags=SA_RESTART|SA_SIGINFO
SIGILL: [libjvm.dylib+0x48ae24], sa_mask[0]=11111111011111110111111111111111, sa_flags=SA_RESTART|SA_SIGINFO
SIGUSR1: SIG_DFL, sa_mask[0]=00000000000000000000000000000000, sa_flags=none
SIGUSR2: [libjvm.dylib+0x48a942], sa_mask[0]=00100000000000000000000000000000, sa_flags=SA_RESTART|SA_SIGINFO
SIGHUP: [libjvm.dylib+0x488f0d], sa_mask[0]=11111111011111110111111111111111, sa_flags=SA_RESTART|SA_SIGINFO
SIGINT: [libjvm.dylib+0x488f0d], sa_mask[0]=11111111011111110111111111111111, sa_flags=SA_RESTART|SA_SIGINFO
SIGTERM: [libjvm.dylib+0x488f0d], sa_mask[0]=11111111011111110111111111111111, sa_flags=SA_RESTART|SA_SIGINFO
SIGQUIT: [libjvm.dylib+0x488f0d], sa_mask[0]=11111111011111110111111111111111, sa_flags=SA_RESTART|SA_SIGINFO


---------------  S Y S T E M  ---------------

OS:Bsduname:Darwin 18.5.0 Darwin Kernel Version 18.5.0: Mon Mar 11 20:40:32 PDT 2019; root:xnu-4903.251.3~3/RELEASE_X86_64 x86_64
rlimit: STACK 8192k, CORE 0k, NPROC 709, NOFILE 10240, AS infinity
load average:3.13 2.00 1.77

CPU:total 4 (initial active 4) (2 cores per cpu, 2 threads per core) family 6 model 142 stepping 9, cmov, cx8, fxsr, mmx, sse, sse2, sse3, ssse3, sse4.1, sse4.2, popcnt, avx, avx2, aes, clmul, erms, rtm, 3dnowpref, lzcnt, ht, tsc, tscinvbit, bmi1, bmi2, adx

Memory: 4k page, physical 8388608k(187544k free)

/proc/meminfo:


vm_info: Java HotSpot(TM) 64-Bit Server VM (25.161-b12) for bsd-amd64 JRE (1.8.0_161-b12), built on Dec 19 2017 16:22:20 by "java_re" with gcc 4.2.1 (Based on Apple Inc. build 5658) (LLVM build 2336.11.00)

time: Tue Aug 27 13:49:45 2019
elapsed time: 184 seconds (0d 0h 3m 4s)

