#
# A fatal error has been detected by the Java Runtime Environment:
#
#  SIGSEGV (0xb) at pc=0x000000010776b166, pid=60700, tid=0x0000000000000307
#
# JRE version: Java(TM) SE Runtime Environment (8.0_161-b12) (build 1.8.0_161-b12)
# Java VM: Java HotSpot(TM) 64-Bit Server VM (25.161-b12 mixed mode bsd-amd64 compressed oops)
# Problematic frame:
# V  [libjvm.dylib+0x16b166]  ThreadStateTransition::trans_from_native(JavaThreadState)+0xa
#
# Failed to write core dump. Core dumps have been disabled. To enable core dumping, try "ulimit -c unlimited" before starting Java again
#
# If you would like to submit a bug report, please visit:
#   http://bugreport.java.com/bugreport/crash.jsp
#

---------------  T H R E A D  ---------------

Current thread is native thread

siginfo: si_signo: 11 (SIGSEGV), si_code: 1 (SEGV_MAPERR), si_addr: 0x0000000000000270

Registers:
RAX=0x0000000000000000, RBX=0x0000000000000000, RCX=0x0000000107e354a0, RDX=0x0000000000000000
RSP=0x00007ffee8e9d3b0, RBP=0x00007ffee8e9d3c0, RSI=0x0000000000000006, RDI=0x00007ffee8e9d3d0
R8 =0x0000000000000000, R9 =0x0000000000000000, R10=0x00007fffa9b87ed8, R11=0x00007fbb3e6c9550
R12=0x00007fbb3e9ee9f8, R13=0x00007fbb409012b0, R14=0x00007fbb3e6b6798, R15=0x00007fbb3e9ee9f8
RIP=0x000000010776b166, EFLAGS=0x0000000000010246, ERR=0x0000000000000006
  TRAPNO=0x000000000000000e

Top of Stack: (sp=0x00007ffee8e9d3b0)
0x00007ffee8e9d3b0:   0000000000000000 00007fbb3e6b6798
0x00007ffee8e9d3c0:   00007ffee8e9d3f0 00000001079161f2
0x00007ffee8e9d3d0:   0000000000000000 00007fbb40f0c880
0x00007ffee8e9d3e0:   0000000000000008 00007fbb40f0d290
0x00007ffee8e9d3f0:   00007ffee8e9d410 00007fff554efed1
0x00007ffee8e9d400:   00007fbb3e9ee9f8 00007fbb4069e000
0x00007ffee8e9d410:   00007ffee8e9d430 00007fff554efce4
0x00007ffee8e9d420:   00007fbb40f0c800 00007fbb40a441c0
0x00007ffee8e9d430:   00007ffee8e9d490 0000000129773e73
0x00007ffee8e9d440:   00007fff4f5e9b0d 0000000000000000
0x00007ffee8e9d450:   4114306b98913880 00007fbb4069e000
0x00007ffee8e9d460:   00007ffee8e9d490 00007fff7c012680
0x00007ffee8e9d470:   00007fbb40f0d290 00007fbb409012b0
0x00007ffee8e9d480:   00007fbb40f0ddd0 00007fbb4069e000
0x00007ffee8e9d490:   00007ffee8e9d540 00007fff5bec416e
0x00007ffee8e9d4a0:   0000000000000000 0000000000000000
0x00007ffee8e9d4b0:   00007fbb40f0d290 0000000000000000
0x00007ffee8e9d4c0:   000000043f967a00 0000000000000000
0x00007ffee8e9d4d0:   4114306b98913880 00007fbb40f0d290
0x00007ffee8e9d4e0:   00007fbb40f0d290 0000000000000000
0x00007ffee8e9d4f0:   0000000000000000 00007ffee8e9d518
0x00007ffee8e9d500:   00007ffee8e9d540 00007fff5bec3999
0x00007ffee8e9d510:   a714cf663d9f0000 00007fff7c012680
0x00007ffee8e9d520:   0000000000000004 0000000000000000
0x00007ffee8e9d530:   00007fbb40f0d290 00007fff4f5e9b0d
0x00007ffee8e9d540:   00007ffee8e9d5c0 00007fff5bec3766
0x00007ffee8e9d550:   0097000400000000 4077a00000000000
0x00007ffee8e9d560:   4082c00000000000 4000000000000000
0x00007ffee8e9d570:   0000000000000000 0000000000000000
0x00007ffee8e9d580:   4082c00000000000 4077a00000000000
0x00007ffee8e9d590:   a714cf663d9f0000 00007ffee8e9d690
0x00007ffee8e9d5a0:   00007fbb40801110 00007fff7c012680 

Instructions: (pc=0x000000010776b166)
0x000000010776b146:   0e 48 8b 0b 49 8b 56 18 48 63 c0 48 89 0c c2 5b
0x000000010776b156:   41 5e 5d c3 90 90 55 48 89 e5 41 56 53 48 8b 1f
0x000000010776b166:   c7 83 70 02 00 00 05 00 00 00 48 8d 05 d1 ba 78
0x000000010776b176:   00 8b 00 83 f8 01 41 89 f6 75 0c 48 8d 0d 1e 26 

Register to memory mapping:

RAX=0x0000000000000000 is an unknown value
RBX=0x0000000000000000 is an unknown value
RCX=0x0000000107e354a0: jni_NativeInterface+0 in /Library/Java/JavaVirtualMachines/jdk1.8.0_161.jdk/Contents/Home/jre/lib/server/libjvm.dylib at 0x0000000107600000
RDX=0x0000000000000000 is an unknown value
RSP=0x00007ffee8e9d3b0 is an unknown value
RBP=0x00007ffee8e9d3c0 is an unknown value
RSI=0x0000000000000006 is an unknown value
RDI=0x00007ffee8e9d3d0 is an unknown value
R8 =0x0000000000000000 is an unknown value
R9 =0x0000000000000000 is an unknown value
R10=0x00007fffa9b87ed8: OBJC_CLASS_$_JNFWeakJObjectWrapper+0 in /System/Library/Frameworks/JavaVM.framework/Versions/A/Frameworks/JavaNativeFoundation.framework/Versions/A/JavaNativeFoundation at 0x00007fff554e9000
R11=0x00007fbb3e6c9550 is an unknown value
R12=0x00007fbb3e9ee9f8 is an unknown value
R13=0x00007fbb409012b0 is an unknown value
R14=0x00007fbb3e6b6798 is a weak global jni handle
R15=0x00007fbb3e9ee9f8 is an unknown value


Stack: [0x00007ffee86a2000,0x00007ffee8ea2000],  sp=0x00007ffee8e9d3b0,  free space=8172k
Native frames: (J=compiled Java code, j=interpreted, Vv=VM code, C=native code)
V  [libjvm.dylib+0x16b166]  ThreadStateTransition::trans_from_native(JavaThreadState)+0xa
V  [libjvm.dylib+0x3161f2]  jni_IsSameObject+0x30
C  [JavaNativeFoundation+0x6ed1]  -[JNFWeakJObjectWrapper _getWithEnv:]+0x26
C  [JavaNativeFoundation+0x6ce4]  -[JNFJObjectWrapper jObjectWithEnv:]+0x16
C  [libawt_lwawt.dylib+0x1ae73]  -[CGLLayer drawInCGLContext:pixelFormat:forLayerTime:displayTime:]+0xa4
C  [QuartzCore+0xb316e]  CAOpenGLLayerDraw(CAOpenGLLayer*, double, CVTimeStamp const*, unsigned int)+0x79d
C  [QuartzCore+0xb2766]  -[CAOpenGLLayer _display]+0x244
C  [QuartzCore+0x14d1d]  CA::Layer::display_if_needed(CA::Transaction*)+0x273
C  [QuartzCore+0x2f42]  CA::Context::commit_transaction(CA::Transaction*)+0x156
C  [QuartzCore+0x258a]  CA::Transaction::commit()+0x24c
C  [QuartzCore+0x2292]  CA::Transaction::observer_callback(__CFRunLoopObserver*, unsigned long, void*)+0x42
C  [CoreFoundation+0x97e88]  __CFRUNLOOP_IS_CALLING_OUT_TO_AN_OBSERVER_CALLBACK_FUNCTION__+0x17
C  [CoreFoundation+0x97dbd]  __CFRunLoopDoObservers+0x1c3
C  [CoreFoundation+0x3a5f7]  __CFRunLoopRun+0x597
C  [CoreFoundation+0x39e0e]  CFRunLoopRunSpecific+0x1c7
C  [java+0x647a]  CreateExecutionEnvironment+0x367
C  [java+0x212c]  JLI_Launch+0x7a0
C  [java+0x84d7]  main+0x65
C  [java+0x1984]  start+0x34


---------------  P R O C E S S  ---------------

VM state:not at safepoint (normal execution)

VM Mutex/Monitor currently owned by a thread: None

Heap:
 PSYoungGen      total 48640K, used 3952K [0x0000000795580000, 0x0000000798e00000, 0x00000007c0000000)
  eden space 41472K, 2% used [0x0000000795580000,0x00000007956aaa40,0x0000000797e00000)
  from space 7168K, 38% used [0x0000000798700000,0x00000007989b1980,0x0000000798e00000)
  to   space 8192K, 0% used [0x0000000797e00000,0x0000000797e00000,0x0000000798600000)
 ParOldGen       total 96768K, used 13177K [0x0000000740000000, 0x0000000745e80000, 0x0000000795580000)
  object space 96768K, 13% used [0x0000000740000000,0x0000000740cde4c0,0x0000000745e80000)
 Metaspace       used 36226K, capacity 37613K, committed 37800K, reserved 1081344K
  class space    used 4943K, capacity 5214K, committed 5288K, reserved 1048576K

Card table byte_map: [0x00000001089ae000,0x0000000108daf000] byte_map_base: 0x0000000104fae000

Marking Bits: (ParMarkBitMap*) 0x0000000107ef76c0
 Begin Bits: [0x000000010905a000, 0x000000010b05a000)
 End Bits:   [0x000000010b05a000, 0x000000010d05a000)

Polling page: 0x0000000106dd7000

CodeCache: size=245760Kb used=20936Kb max_used=21531Kb free=224823Kb
 bounds [0x00000001146e9000, 0x0000000115c29000, 0x00000001236e9000]
 total_blobs=6914 nmethods=6004 adapters=822
 compilation: enabled

Compilation events (10 events):
Event: 2749.856 Thread 0x00007fbb40020000 7300       3       com.apple.laf.AquaRootPaneUI::updateComponentTreeUIActivation (119 bytes)
Event: 2749.858 Thread 0x00007fbb40020000 nmethod 7300 0x0000000115371e90 code [0x0000000115372100, 0x0000000115373648]
Event: 2749.858 Thread 0x00007fbb40020000 7301       3       javax.swing.AbstractButton::clientPropertyChanged (42 bytes)
Event: 2749.859 Thread 0x00007fbb40020000 nmethod 7301 0x0000000114fc9810 code [0x0000000114fc99a0, 0x0000000114fc9f88]
Event: 2749.897 Thread 0x00007fbb40020000 7302       3       sun.awt.SunToolkit::executeOnEventHandlerThread (14 bytes)
Event: 2749.898 Thread 0x00007fbb40020000 nmethod 7302 0x0000000115a40950 code [0x0000000115a40b40, 0x0000000115a41498]
Event: 2749.899 Thread 0x00007fbb40020000 7304       3       sun.reflect.NativeConstructorAccessorImpl::<init> (10 bytes)
Event: 2749.899 Thread 0x00007fbb40020000 nmethod 7304 0x00000001150b3a10 code [0x00000001150b3b80, 0x00000001150b3e10]
Event: 2749.899 Thread 0x00007fbb40020000 7303       3       sun.awt.PeerEvent::<init> (10 bytes)
Event: 2749.900 Thread 0x00007fbb40020000 nmethod 7303 0x00000001152282d0 code [0x0000000115228460, 0x0000000115228708]

GC Heap History (10 events):
Event: 1675.723 GC heap before
{Heap before GC invocations=12 (full 2):
 PSYoungGen      total 45568K, used 45109K [0x0000000795580000, 0x0000000799480000, 0x00000007c0000000)
  eden space 44032K, 100% used [0x0000000795580000,0x0000000798080000,0x0000000798080000)
  from space 1536K, 70% used [0x0000000798100000,0x000000079820d660,0x0000000798280000)
  to   space 10240K, 0% used [0x0000000798a80000,0x0000000798a80000,0x0000000799480000)
 ParOldGen       total 96768K, used 13150K [0x0000000740000000, 0x0000000745e80000, 0x0000000795580000)
  object space 96768K, 13% used [0x0000000740000000,0x0000000740cd7850,0x0000000745e80000)
 Metaspace       used 36065K, capacity 37435K, committed 37544K, reserved 1081344K
  class space    used 4931K, capacity 5203K, committed 5288K, reserved 1048576K
Event: 1675.730 GC heap after
Heap after GC invocations=12 (full 2):
 PSYoungGen      total 52224K, used 1219K [0x0000000795580000, 0x0000000799300000, 0x00000007c0000000)
  eden space 43520K, 0% used [0x0000000795580000,0x0000000795580000,0x0000000798000000)
  from space 8704K, 14% used [0x0000000798a80000,0x0000000798bb0d50,0x0000000799300000)
  to   space 9728K, 0% used [0x0000000798000000,0x0000000798000000,0x0000000798980000)
 ParOldGen       total 96768K, used 13158K [0x0000000740000000, 0x0000000745e80000, 0x0000000795580000)
  object space 96768K, 13% used [0x0000000740000000,0x0000000740cd9850,0x0000000745e80000)
 Metaspace       used 36065K, capacity 37435K, committed 37544K, reserved 1081344K
  class space    used 4931K, capacity 5203K, committed 5288K, reserved 1048576K
}
Event: 1959.637 GC heap before
{Heap before GC invocations=13 (full 2):
 PSYoungGen      total 52224K, used 44739K [0x0000000795580000, 0x0000000799300000, 0x00000007c0000000)
  eden space 43520K, 100% used [0x0000000795580000,0x0000000798000000,0x0000000798000000)
  from space 8704K, 14% used [0x0000000798a80000,0x0000000798bb0d50,0x0000000799300000)
  to   space 9728K, 0% used [0x0000000798000000,0x0000000798000000,0x0000000798980000)
 ParOldGen       total 96768K, used 13158K [0x0000000740000000, 0x0000000745e80000, 0x0000000795580000)
  object space 96768K, 13% used [0x0000000740000000,0x0000000740cd9850,0x0000000745e80000)
 Metaspace       used 36067K, capacity 37435K, committed 37544K, reserved 1081344K
  class space    used 4932K, capacity 5203K, committed 5288K, reserved 1048576K
Event: 1959.640 GC heap after
Heap after GC invocations=13 (full 2):
 PSYoungGen      total 44544K, used 1479K [0x0000000795580000, 0x0000000799280000, 0x00000007c0000000)
  eden space 43008K, 0% used [0x0000000795580000,0x0000000795580000,0x0000000797f80000)
  from space 1536K, 96% used [0x0000000798000000,0x0000000798171e70,0x0000000798180000)
  to   space 9728K, 0% used [0x0000000798900000,0x0000000798900000,0x0000000799280000)
 ParOldGen       total 96768K, used 13158K [0x0000000740000000, 0x0000000745e80000, 0x0000000795580000)
  object space 96768K, 13% used [0x0000000740000000,0x0000000740cd9850,0x0000000745e80000)
 Metaspace       used 36067K, capacity 37435K, committed 37544K, reserved 1081344K
  class space    used 4932K, capacity 5203K, committed 5288K, reserved 1048576K
}
Event: 2245.646 GC heap before
{Heap before GC invocations=14 (full 2):
 PSYoungGen      total 44544K, used 44487K [0x0000000795580000, 0x0000000799280000, 0x00000007c0000000)
  eden space 43008K, 100% used [0x0000000795580000,0x0000000797f80000,0x0000000797f80000)
  from space 1536K, 96% used [0x0000000798000000,0x0000000798171e70,0x0000000798180000)
  to   space 9728K, 0% used [0x0000000798900000,0x0000000798900000,0x0000000799280000)
 ParOldGen       total 96768K, used 13158K [0x0000000740000000, 0x0000000745e80000, 0x0000000795580000)
  object space 96768K, 13% used [0x0000000740000000,0x0000000740cd9850,0x0000000745e80000)
 Metaspace       used 36077K, capacity 37435K, committed 37544K, reserved 1081344K
  class space    used 4932K, capacity 5203K, committed 5288K, reserved 1048576K
Event: 2245.650 GC heap after
Heap after GC invocations=14 (full 2):
 PSYoungGen      total 50688K, used 981K [0x0000000795580000, 0x0000000799100000, 0x00000007c0000000)
  eden space 42496K, 0% used [0x0000000795580000,0x0000000795580000,0x0000000797f00000)
  from space 8192K, 11% used [0x0000000798900000,0x00000007989f5660,0x0000000799100000)
  to   space 9216K, 0% used [0x0000000797f00000,0x0000000797f00000,0x0000000798800000)
 ParOldGen       total 96768K, used 13166K [0x0000000740000000, 0x0000000745e80000, 0x0000000795580000)
  object space 96768K, 13% used [0x0000000740000000,0x0000000740cdb850,0x0000000745e80000)
 Metaspace       used 36077K, capacity 37435K, committed 37544K, reserved 1081344K
  class space    used 4932K, capacity 5203K, committed 5288K, reserved 1048576K
}
Event: 2528.323 GC heap before
{Heap before GC invocations=15 (full 2):
 PSYoungGen      total 50688K, used 43477K [0x0000000795580000, 0x0000000799100000, 0x00000007c0000000)
  eden space 42496K, 100% used [0x0000000795580000,0x0000000797f00000,0x0000000797f00000)
  from space 8192K, 11% used [0x0000000798900000,0x00000007989f5660,0x0000000799100000)
  to   space 9216K, 0% used [0x0000000797f00000,0x0000000797f00000,0x0000000798800000)
 ParOldGen       total 96768K, used 13167K [0x0000000740000000, 0x0000000745e80000, 0x0000000795580000)
  object space 96768K, 13% used [0x0000000740000000,0x0000000740cdbca0,0x0000000745e80000)
 Metaspace       used 36077K, capacity 37435K, committed 37544K, reserved 1081344K
  class space    used 4932K, capacity 5203K, committed 5288K, reserved 1048576K
Event: 2528.326 GC heap after
Heap after GC invocations=15 (full 2):
 PSYoungGen      total 43520K, used 1123K [0x0000000795580000, 0x0000000798f80000, 0x00000007c0000000)
  eden space 41984K, 0% used [0x0000000795580000,0x0000000795580000,0x0000000797e80000)
  from space 1536K, 73% used [0x0000000797f00000,0x0000000798018d50,0x0000000798080000)
  to   space 8704K, 0% used [0x0000000798700000,0x0000000798700000,0x0000000798f80000)
 ParOldGen       total 96768K, used 13167K [0x0000000740000000, 0x0000000745e80000, 0x0000000795580000)
  object space 96768K, 13% used [0x0000000740000000,0x0000000740cdbca0,0x0000000745e80000)
 Metaspace       used 36077K, capacity 37435K, committed 37544K, reserved 1081344K
  class space    used 4932K, capacity 5203K, committed 5288K, reserved 1048576K
}
Event: 2749.498 GC heap before
{Heap before GC invocations=16 (full 2):
 PSYoungGen      total 43520K, used 43107K [0x0000000795580000, 0x0000000798f80000, 0x00000007c0000000)
  eden space 41984K, 100% used [0x0000000795580000,0x0000000797e80000,0x0000000797e80000)
  from space 1536K, 73% used [0x0000000797f00000,0x0000000798018d50,0x0000000798080000)
  to   space 8704K, 0% used [0x0000000798700000,0x0000000798700000,0x0000000798f80000)
 ParOldGen       total 96768K, used 13169K [0x0000000740000000, 0x0000000745e80000, 0x0000000795580000)
  object space 96768K, 13% used [0x0000000740000000,0x0000000740cdc4c0,0x0000000745e80000)
 Metaspace       used 36197K, capacity 37499K, committed 37800K, reserved 1081344K
  class space    used 4936K, capacity 5203K, committed 5288K, reserved 1048576K
Event: 2749.507 GC heap after
Heap after GC invocations=16 (full 2):
 PSYoungGen      total 48640K, used 2758K [0x0000000795580000, 0x0000000798e00000, 0x00000007c0000000)
  eden space 41472K, 0% used [0x0000000795580000,0x0000000795580000,0x0000000797e00000)
  from space 7168K, 38% used [0x0000000798700000,0x00000007989b1980,0x0000000798e00000)
  to   space 8192K, 0% used [0x0000000797e00000,0x0000000797e00000,0x0000000798600000)
 ParOldGen       total 96768K, used 13177K [0x0000000740000000, 0x0000000745e80000, 0x0000000795580000)
  object space 96768K, 13% used [0x0000000740000000,0x0000000740cde4c0,0x0000000745e80000)
 Metaspace       used 36197K, capacity 37499K, committed 37800K, reserved 1081344K
  class space    used 4936K, capacity 5203K, committed 5288K, reserved 1048576K
}

Deoptimization events (10 events):
Event: 2740.088 Thread 0x00007fbb3e9ee800 Uncommon trap: reason=unstable_if action=reinterpret pc=0x000000011574137c method=javafx.scene.control.FocusModel.isFocused(I)Z @ 19
Event: 2740.388 Thread 0x00007fbb3e9ee800 Uncommon trap: reason=class_check action=maybe_recompile pc=0x000000011533548c method=com.sun.scenario.animation.shared.TimelineClipCore.visitKeyFrame(IJ)V @ 58
Event: 2741.088 Thread 0x00007fbb3e9ee800 Uncommon trap: reason=unstable_if action=reinterpret pc=0x00000001156b7bec method=javafx.scene.control.FocusModel.isFocused(I)Z @ 19
Event: 2749.852 Thread 0x00007fbb3e9ee800 Uncommon trap: reason=class_check action=maybe_recompile pc=0x0000000115559c18 method=com.sun.javafx.event.EventHandlerManager.dispatchCapturingEvent(Ljavafx/event/Event;)Ljavafx/event/Event; @ 1
Event: 2749.852 Thread 0x00007fbb3e9ee800 Uncommon trap: reason=unstable_if action=reinterpret pc=0x0000000114b2addc method=com.sun.javafx.event.EventDispatchChainImpl.ensureCapacity(I)V @ 19
Event: 2749.852 Thread 0x00007fbb3e9ee800 Uncommon trap: reason=class_check action=maybe_recompile pc=0x0000000115559c18 method=com.sun.javafx.event.EventHandlerManager.dispatchCapturingEvent(Ljavafx/event/Event;)Ljavafx/event/Event; @ 1
Event: 2749.853 Thread 0x00007fbb3e9ee800 Uncommon trap: reason=unstable_if action=reinterpret pc=0x00000001153cd890 method=com.sun.javafx.tk.quantum.QuantumToolkit.runWithoutRenderLock(Ljava/util/function/Supplier;)Ljava/lang/Object; @ 8
Event: 2749.857 Thread 0x00007fbb3e9ee800 Uncommon trap: reason=class_check action=maybe_recompile pc=0x0000000115559c18 method=com.sun.javafx.event.EventHandlerManager.dispatchCapturingEvent(Ljavafx/event/Event;)Ljavafx/event/Event; @ 1
Event: 2749.897 Thread 0x00007fbb3f202800 Uncommon trap: reason=unstable_if action=reinterpret pc=0x0000000115bcd728 method=com.sun.javafx.application.PlatformImpl.runLater(Ljava/lang/Runnable;Z)V @ 48
Event: 2749.908 Thread 0x00007fbb3f20a000 Uncommon trap: reason=unstable_if action=reinterpret pc=0x000000011536fb60 method=java.util.concurrent.locks.AbstractQueuedSynchronizer$ConditionObject.checkInterruptWhileWaiting(Ljava/util/concurrent/locks/AbstractQueuedSynchronizer$Node;)I @ 3

Classes redefined (0 events):
No events

Internal exceptions (10 events):
Event: 3.495 Thread 0x00007fbb3f54f800 Exception <a 'java/lang/ArrayIndexOutOfBoundsException': 0> (0x00000007959226a0) thrown at [/Users/java_re/workspace/8-2-build-macosx-x86_64/jdk8u161/10277/hotspot/src/share/vm/interpreter/interpreterRuntime.cpp, line 366]
Event: 3.497 Thread 0x00007fbb3f54f800 Exception <a 'java/lang/ArrayIndexOutOfBoundsException': 0> (0x000000079595c7b8) thrown at [/Users/java_re/workspace/8-2-build-macosx-x86_64/jdk8u161/10277/hotspot/src/share/vm/interpreter/interpreterRuntime.cpp, line 366]
Event: 3.497 Thread 0x00007fbb3f54f800 Exception <a 'java/lang/ArrayIndexOutOfBoundsException': 0> (0x000000079595cd68) thrown at [/Users/java_re/workspace/8-2-build-macosx-x86_64/jdk8u161/10277/hotspot/src/share/vm/interpreter/interpreterRuntime.cpp, line 366]
Event: 1011.418 Thread 0x00007fbb4027f000 Implicit null exception at 0x0000000115821011 to 0x00000001158212a5
Event: 1012.619 Thread 0x00007fbb3e9ee800 Implicit null exception at 0x00000001159dd600 to 0x00000001159e351d
Event: 1191.474 Thread 0x00007fbb3f20a000 Implicit null exception at 0x000000011500fda0 to 0x000000011500fe79
Event: 1191.481 Thread 0x00007fbb3f20a000 Implicit null exception at 0x00000001157195a8 to 0x0000000115719899
Event: 1191.481 Thread 0x00007fbb3f20a000 Implicit null exception at 0x00000001156a7241 to 0x00000001156a8f4a
Event: 1191.492 Thread 0x00007fbb3f20a000 Implicit null exception at 0x0000000115104690 to 0x00000001151046c5
Event: 2749.852 Thread 0x00007fbb3e9ee800 Implicit null exception at 0x0000000114b2aad0 to 0x0000000114b2adc1

Events (10 events):
Event: 2749.907 loading class com/sun/javafx/tk/quantum/QuantumRenderer done
Event: 2749.908 Thread 0x00007fbb3f20a000 Uncommon trap: trap_request=0xffffff65 fr.pc=0x000000011536fb60
Event: 2749.908 Thread 0x00007fbb3f20a000 DEOPT PACKING pc=0x000000011536fb60 sp=0x000070000e0705c0
Event: 2749.908 Thread 0x00007fbb3f20a000 DEOPT UNPACKING pc=0x000000011472e73a sp=0x000070000e070538 mode 2
Event: 2749.908 loading class com/sun/javafx/tk/quantum/QuantumToolkit
Event: 2749.908 loading class com/sun/javafx/tk/quantum/QuantumToolkit done
Event: 2749.908 Thread 0x00007fbb3f20a000 Thread exited: 0x00007fbb3f20a000
Event: 2749.908 Thread 0x00007fbb3f202800 Thread exited: 0x00007fbb3f202800
Event: 2749.908 Thread 0x00007fbb3e9ee800 Thread exited: 0x00007fbb3e9ee800
Event: 2749.908 Thread 0x00007fbb3e9d9000 Thread exited: 0x00007fbb3e9d9000


Dynamic libraries:
0x0000000025db4000 	/System/Library/Frameworks/Cocoa.framework/Versions/A/Cocoa
0x0000000025db4000 	/System/Library/Frameworks/Security.framework/Versions/A/Security
0x0000000025db4000 	/System/Library/Frameworks/ApplicationServices.framework/Versions/A/ApplicationServices
0x0000000025db4000 	/usr/lib/libz.1.dylib
0x0000000025db4000 	/usr/lib/libSystem.B.dylib
0x0000000025db4000 	/usr/lib/libobjc.A.dylib
0x0000000025db4000 	/System/Library/Frameworks/CoreFoundation.framework/Versions/A/CoreFoundation
0x0000000025db4000 	/System/Library/Frameworks/Foundation.framework/Versions/C/Foundation
0x0000000025db4000 	/System/Library/Frameworks/AppKit.framework/Versions/C/AppKit
0x0000000025db4000 	/System/Library/Frameworks/CoreData.framework/Versions/A/CoreData
0x0000000025db4000 	/System/Library/PrivateFrameworks/RemoteViewServices.framework/Versions/A/RemoteViewServices
0x0000000025db4000 	/System/Library/PrivateFrameworks/UIFoundation.framework/Versions/A/UIFoundation
0x0000000025db4000 	/System/Library/PrivateFrameworks/XCTTargetBootstrap.framework/Versions/A/XCTTargetBootstrap
0x0000000025db4000 	/System/Library/PrivateFrameworks/IconServices.framework/Versions/A/IconServices
0x0000000025db4000 	/System/Library/Frameworks/Metal.framework/Versions/A/Metal
0x0000000025db4000 	/System/Library/PrivateFrameworks/DesktopServicesPriv.framework/Versions/A/DesktopServicesPriv
0x0000000025db4000 	/usr/lib/libenergytrace.dylib
0x0000000025db4000 	/System/Library/PrivateFrameworks/SkyLight.framework/Versions/A/SkyLight
0x0000000025db4000 	/System/Library/Frameworks/CoreGraphics.framework/Versions/A/CoreGraphics
0x0000000025db4000 	/System/Library/Frameworks/Accelerate.framework/Versions/A/Accelerate
0x0000000025db4000 	/System/Library/Frameworks/IOSurface.framework/Versions/A/IOSurface
0x0000000025db4000 	/System/Library/PrivateFrameworks/DFRFoundation.framework/Versions/A/DFRFoundation
0x0000000025db4000 	/System/Library/Frameworks/AudioToolbox.framework/Versions/A/AudioToolbox
0x0000000025db4000 	/System/Library/Frameworks/AudioUnit.framework/Versions/A/AudioUnit
0x0000000025db4000 	/System/Library/PrivateFrameworks/DataDetectorsCore.framework/Versions/A/DataDetectorsCore
0x0000000025db4000 	/System/Library/Frameworks/Carbon.framework/Versions/A/Frameworks/HIToolbox.framework/Versions/A/HIToolbox
0x0000000025db4000 	/usr/lib/libicucore.A.dylib
0x0000000025db4000 	/System/Library/Frameworks/QuartzCore.framework/Versions/A/QuartzCore
0x0000000025db4000 	/System/Library/Frameworks/Carbon.framework/Versions/A/Frameworks/SpeechRecognition.framework/Versions/A/SpeechRecognition
0x0000000025db4000 	/usr/lib/libauto.dylib
0x0000000025db4000 	/usr/lib/libxml2.2.dylib
0x0000000025db4000 	/System/Library/PrivateFrameworks/CoreUI.framework/Versions/A/CoreUI
0x0000000025db4000 	/System/Library/Frameworks/CoreAudio.framework/Versions/A/CoreAudio
0x0000000025db4000 	/System/Library/Frameworks/DiskArbitration.framework/Versions/A/DiskArbitration
0x0000000025db4000 	/usr/lib/liblangid.dylib
0x0000000025db4000 	/System/Library/PrivateFrameworks/MultitouchSupport.framework/Versions/A/MultitouchSupport
0x0000000025db4000 	/System/Library/Frameworks/IOKit.framework/Versions/A/IOKit
0x0000000025db4000 	/usr/lib/libDiagnosticMessagesClient.dylib
0x0000000025db4000 	/System/Library/Frameworks/CoreServices.framework/Versions/A/CoreServices
0x0000000025db4000 	/System/Library/PrivateFrameworks/PerformanceAnalysis.framework/Versions/A/PerformanceAnalysis
0x0000000025db4000 	/System/Library/Frameworks/OpenGL.framework/Versions/A/OpenGL
0x0000000025db4000 	/System/Library/Frameworks/ColorSync.framework/Versions/A/ColorSync
0x0000000025db4000 	/System/Library/Frameworks/CoreImage.framework/Versions/A/CoreImage
0x0000000025db4000 	/System/Library/Frameworks/CoreText.framework/Versions/A/CoreText
0x0000000025db4000 	/System/Library/Frameworks/ImageIO.framework/Versions/A/ImageIO
0x0000000025db4000 	/System/Library/PrivateFrameworks/Backup.framework/Versions/A/Backup
0x0000000025db4000 	/usr/lib/libarchive.2.dylib
0x0000000025db4000 	/System/Library/Frameworks/CFNetwork.framework/Versions/A/CFNetwork
0x0000000025db4000 	/System/Library/Frameworks/SystemConfiguration.framework/Versions/A/SystemConfiguration
0x0000000025db4000 	/usr/lib/libCRFSuite.dylib
0x0000000025db4000 	/usr/lib/libc++.1.dylib
0x0000000025db4000 	/usr/lib/libc++abi.dylib
0x0000000025db4000 	/usr/lib/system/libcache.dylib
0x0000000025db4000 	/usr/lib/system/libcommonCrypto.dylib
0x0000000025db4000 	/usr/lib/system/libcompiler_rt.dylib
0x0000000025db4000 	/usr/lib/system/libcopyfile.dylib
0x0000000025db4000 	/usr/lib/system/libcorecrypto.dylib
0x0000000025db4000 	/usr/lib/system/libdispatch.dylib
0x0000000025db4000 	/usr/lib/system/libdyld.dylib
0x0000000025db4000 	/usr/lib/system/libkeymgr.dylib
0x0000000025db4000 	/usr/lib/system/liblaunch.dylib
0x0000000025db4000 	/usr/lib/system/libmacho.dylib
0x0000000025db4000 	/usr/lib/system/libquarantine.dylib
0x0000000025db4000 	/usr/lib/system/libremovefile.dylib
0x0000000025db4000 	/usr/lib/system/libsystem_asl.dylib
0x0000000025db4000 	/usr/lib/system/libsystem_blocks.dylib
0x0000000025db4000 	/usr/lib/system/libsystem_c.dylib
0x0000000025db4000 	/usr/lib/system/libsystem_configuration.dylib
0x0000000025db4000 	/usr/lib/system/libsystem_coreservices.dylib
0x0000000025db4000 	/usr/lib/system/libsystem_darwin.dylib
0x0000000025db4000 	/usr/lib/system/libsystem_dnssd.dylib
0x0000000025db4000 	/usr/lib/system/libsystem_info.dylib
0x0000000025db4000 	/usr/lib/system/libsystem_m.dylib
0x0000000025db4000 	/usr/lib/system/libsystem_malloc.dylib
0x0000000025db4000 	/usr/lib/system/libsystem_networkextension.dylib
0x0000000025db4000 	/usr/lib/system/libsystem_notify.dylib
0x0000000025db4000 	/usr/lib/system/libsystem_sandbox.dylib
0x0000000025db4000 	/usr/lib/system/libsystem_secinit.dylib
0x0000000025db4000 	/usr/lib/system/libsystem_kernel.dylib
0x0000000025db4000 	/usr/lib/system/libsystem_platform.dylib
0x0000000025db4000 	/usr/lib/system/libsystem_pthread.dylib
0x0000000025db4000 	/usr/lib/system/libsystem_symptoms.dylib
0x0000000025db4000 	/usr/lib/system/libsystem_trace.dylib
0x0000000025db4000 	/usr/lib/system/libunwind.dylib
0x0000000025db4000 	/usr/lib/system/libxpc.dylib
0x0000000025db4000 	/usr/lib/libbsm.0.dylib
0x0000000025db4000 	/usr/lib/system/libkxld.dylib
0x0000000025db4000 	/System/Library/PrivateFrameworks/AppleFSCompression.framework/Versions/A/AppleFSCompression
0x0000000025db4000 	/usr/lib/libOpenScriptingUtil.dylib
0x0000000025db4000 	/usr/lib/libcoretls.dylib
0x0000000025db4000 	/usr/lib/libcoretls_cfhelpers.dylib
0x0000000025db4000 	/usr/lib/libpam.2.dylib
0x0000000025db4000 	/usr/lib/libsqlite3.dylib
0x0000000025db4000 	/usr/lib/libxar.1.dylib
0x0000000025db4000 	/usr/lib/libbz2.1.0.dylib
0x0000000025db4000 	/usr/lib/liblzma.5.dylib
0x0000000025db4000 	/usr/lib/libnetwork.dylib
0x0000000025db4000 	/usr/lib/libapple_nghttp2.dylib
0x0000000025db4000 	/usr/lib/libpcap.A.dylib
0x0000000025db4000 	/System/Library/Frameworks/CoreServices.framework/Versions/A/Frameworks/FSEvents.framework/Versions/A/FSEvents
0x0000000025db4000 	/System/Library/Frameworks/CoreServices.framework/Versions/A/Frameworks/CarbonCore.framework/Versions/A/CarbonCore
0x0000000025db4000 	/System/Library/Frameworks/CoreServices.framework/Versions/A/Frameworks/Metadata.framework/Versions/A/Metadata
0x0000000025db4000 	/System/Library/Frameworks/CoreServices.framework/Versions/A/Frameworks/OSServices.framework/Versions/A/OSServices
0x0000000025db4000 	/System/Library/Frameworks/CoreServices.framework/Versions/A/Frameworks/SearchKit.framework/Versions/A/SearchKit
0x0000000025db4000 	/System/Library/Frameworks/CoreServices.framework/Versions/A/Frameworks/AE.framework/Versions/A/AE
0x0000000025db4000 	/System/Library/Frameworks/CoreServices.framework/Versions/A/Frameworks/LaunchServices.framework/Versions/A/LaunchServices
0x0000000025db4000 	/System/Library/Frameworks/CoreServices.framework/Versions/A/Frameworks/DictionaryServices.framework/Versions/A/DictionaryServices
0x0000000025db4000 	/System/Library/Frameworks/CoreServices.framework/Versions/A/Frameworks/SharedFileList.framework/Versions/A/SharedFileList
0x0000000025db4000 	/System/Library/Frameworks/NetFS.framework/Versions/A/NetFS
0x0000000025db4000 	/System/Library/PrivateFrameworks/NetAuth.framework/Versions/A/NetAuth
0x0000000025db4000 	/System/Library/PrivateFrameworks/login.framework/Versions/A/Frameworks/loginsupport.framework/Versions/A/loginsupport
0x0000000025db4000 	/System/Library/PrivateFrameworks/TCC.framework/Versions/A/TCC
0x0000000025db4000 	/System/Library/PrivateFrameworks/CoreNLP.framework/Versions/A/CoreNLP
0x0000000025db4000 	/System/Library/PrivateFrameworks/MetadataUtilities.framework/Versions/A/MetadataUtilities
0x0000000025db4000 	/usr/lib/libmecabra.dylib
0x0000000025db4000 	/System/Library/Frameworks/ApplicationServices.framework/Versions/A/Frameworks/ATS.framework/Versions/A/ATS
0x0000000025db4000 	/System/Library/Frameworks/ApplicationServices.framework/Versions/A/Frameworks/ColorSyncLegacy.framework/Versions/A/ColorSyncLegacy
0x0000000025db4000 	/System/Library/Frameworks/ApplicationServices.framework/Versions/A/Frameworks/HIServices.framework/Versions/A/HIServices
0x0000000025db4000 	/System/Library/Frameworks/ApplicationServices.framework/Versions/A/Frameworks/LangAnalysis.framework/Versions/A/LangAnalysis
0x0000000025db4000 	/System/Library/Frameworks/ApplicationServices.framework/Versions/A/Frameworks/PrintCore.framework/Versions/A/PrintCore
0x0000000025db4000 	/System/Library/Frameworks/ApplicationServices.framework/Versions/A/Frameworks/QD.framework/Versions/A/QD
0x0000000025db4000 	/System/Library/Frameworks/ApplicationServices.framework/Versions/A/Frameworks/SpeechSynthesis.framework/Versions/A/SpeechSynthesis
0x0000000025db4000 	/usr/lib/libcompression.dylib
0x0000000025db4000 	/System/Library/Frameworks/CoreDisplay.framework/Versions/A/CoreDisplay
0x0000000025db4000 	/System/Library/Frameworks/MetalPerformanceShaders.framework/Versions/A/MetalPerformanceShaders
0x0000000025db4000 	/System/Library/Frameworks/Accelerate.framework/Versions/A/Frameworks/vImage.framework/Versions/A/vImage
0x0000000025db4000 	/System/Library/Frameworks/Accelerate.framework/Versions/A/Frameworks/vecLib.framework/Versions/A/vecLib
0x0000000025db4000 	/System/Library/Frameworks/Accelerate.framework/Versions/A/Frameworks/vecLib.framework/Versions/A/libvMisc.dylib
0x0000000025db4000 	/System/Library/Frameworks/Accelerate.framework/Versions/A/Frameworks/vecLib.framework/Versions/A/libvDSP.dylib
0x0000000025db4000 	/System/Library/Frameworks/Accelerate.framework/Versions/A/Frameworks/vecLib.framework/Versions/A/libBLAS.dylib
0x0000000025db4000 	/System/Library/Frameworks/Accelerate.framework/Versions/A/Frameworks/vecLib.framework/Versions/A/libLAPACK.dylib
0x0000000025db4000 	/System/Library/Frameworks/Accelerate.framework/Versions/A/Frameworks/vecLib.framework/Versions/A/libLinearAlgebra.dylib
0x0000000025db4000 	/System/Library/Frameworks/Accelerate.framework/Versions/A/Frameworks/vecLib.framework/Versions/A/libSparseBLAS.dylib
0x0000000025db4000 	/System/Library/Frameworks/Accelerate.framework/Versions/A/Frameworks/vecLib.framework/Versions/A/libQuadrature.dylib
0x0000000025db4000 	/System/Library/Frameworks/Accelerate.framework/Versions/A/Frameworks/vecLib.framework/Versions/A/libBNNS.dylib
0x0000000025db4000 	/System/Library/Frameworks/Accelerate.framework/Versions/A/Frameworks/vecLib.framework/Versions/A/libSparse.dylib
0x0000000025db4000 	/System/Library/PrivateFrameworks/GPUWrangler.framework/Versions/A/GPUWrangler
0x0000000025db4000 	/System/Library/PrivateFrameworks/IOAccelerator.framework/Versions/A/IOAccelerator
0x0000000025db4000 	/System/Library/PrivateFrameworks/IOPresentment.framework/Versions/A/IOPresentment
0x0000000025db4000 	/System/Library/PrivateFrameworks/DSExternalDisplay.framework/Versions/A/DSExternalDisplay
0x0000000025db4000 	/System/Library/Frameworks/OpenGL.framework/Versions/A/Libraries/libCoreFSCache.dylib
0x0000000025db4000 	/System/Library/Frameworks/MetalPerformanceShaders.framework/Frameworks/MPSCore.framework/Versions/A/MPSCore
0x0000000025db4000 	/System/Library/Frameworks/MetalPerformanceShaders.framework/Frameworks/MPSImage.framework/Versions/A/MPSImage
0x0000000025db4000 	/System/Library/Frameworks/MetalPerformanceShaders.framework/Frameworks/MPSNeuralNetwork.framework/Versions/A/MPSNeuralNetwork
0x0000000025db4000 	/System/Library/Frameworks/MetalPerformanceShaders.framework/Frameworks/MPSMatrix.framework/Versions/A/MPSMatrix
0x0000000025db4000 	/System/Library/Frameworks/MetalPerformanceShaders.framework/Frameworks/MPSRayIntersector.framework/Versions/A/MPSRayIntersector
0x0000000025db4000 	/System/Library/PrivateFrameworks/MetalTools.framework/Versions/A/MetalTools
0x0000000025db4000 	/System/Library/PrivateFrameworks/AggregateDictionary.framework/Versions/A/AggregateDictionary
0x0000000025db4000 	/usr/lib/libMobileGestalt.dylib
0x0000000025db4000 	/System/Library/Frameworks/CoreVideo.framework/Versions/A/CoreVideo
0x0000000025db4000 	/System/Library/PrivateFrameworks/GraphVisualizer.framework/Versions/A/GraphVisualizer
0x0000000025db4000 	/System/Library/PrivateFrameworks/FaceCore.framework/Versions/A/FaceCore
0x0000000025db4000 	/System/Library/Frameworks/OpenCL.framework/Versions/A/OpenCL
0x0000000025db4000 	/usr/lib/libFosl_dynamic.dylib
0x0000000025db4000 	/System/Library/PrivateFrameworks/OTSVG.framework/Versions/A/OTSVG
0x0000000025db4000 	/System/Library/Frameworks/ApplicationServices.framework/Versions/A/Frameworks/ATS.framework/Versions/A/Resources/libFontParser.dylib
0x0000000025db4000 	/System/Library/Frameworks/ApplicationServices.framework/Versions/A/Frameworks/ATS.framework/Versions/A/Resources/libFontRegistry.dylib
0x0000000025db4000 	/System/Library/Frameworks/ImageIO.framework/Versions/A/Resources/libJPEG.dylib
0x0000000025db4000 	/System/Library/Frameworks/ImageIO.framework/Versions/A/Resources/libTIFF.dylib
0x0000000025db4000 	/System/Library/Frameworks/ImageIO.framework/Versions/A/Resources/libPng.dylib
0x0000000025db4000 	/System/Library/Frameworks/ImageIO.framework/Versions/A/Resources/libGIF.dylib
0x0000000025db4000 	/System/Library/Frameworks/ImageIO.framework/Versions/A/Resources/libJP2.dylib
0x0000000025db4000 	/System/Library/Frameworks/ImageIO.framework/Versions/A/Resources/libRadiance.dylib
0x0000000025db4000 	/System/Library/PrivateFrameworks/AppleJPEG.framework/Versions/A/AppleJPEG
0x0000000025db4000 	/System/Library/Frameworks/OpenGL.framework/Versions/A/Libraries/libGFXShared.dylib
0x0000000025db4000 	/System/Library/Frameworks/OpenGL.framework/Versions/A/Libraries/libGLU.dylib
0x0000000025db4000 	/System/Library/Frameworks/OpenGL.framework/Versions/A/Libraries/libGL.dylib
0x0000000025db4000 	/System/Library/Frameworks/OpenGL.framework/Versions/A/Libraries/libGLImage.dylib
0x0000000025db4000 	/System/Library/Frameworks/OpenGL.framework/Versions/A/Libraries/libCVMSPluginSupport.dylib
0x0000000025db4000 	/System/Library/Frameworks/OpenGL.framework/Versions/A/Libraries/libCoreVMClient.dylib
0x0000000025db4000 	/usr/lib/libcups.2.dylib
0x0000000025db4000 	/System/Library/Frameworks/Kerberos.framework/Versions/A/Kerberos
0x0000000025db4000 	/System/Library/Frameworks/GSS.framework/Versions/A/GSS
0x0000000025db4000 	/usr/lib/libresolv.9.dylib
0x0000000025db4000 	/usr/lib/libiconv.2.dylib
0x0000000025db4000 	/System/Library/PrivateFrameworks/Heimdal.framework/Versions/A/Heimdal
0x0000000025db4000 	/usr/lib/libheimdal-asn1.dylib
0x0000000025db4000 	/System/Library/Frameworks/OpenDirectory.framework/Versions/A/OpenDirectory
0x0000000025db4000 	/System/Library/PrivateFrameworks/CommonAuth.framework/Versions/A/CommonAuth
0x0000000025db4000 	/System/Library/Frameworks/OpenDirectory.framework/Versions/A/Frameworks/CFOpenDirectory.framework/Versions/A/CFOpenDirectory
0x0000000025db4000 	/System/Library/Frameworks/SecurityFoundation.framework/Versions/A/SecurityFoundation
0x0000000025db4000 	/System/Library/PrivateFrameworks/APFS.framework/Versions/A/APFS
0x0000000025db4000 	/usr/lib/libutil.dylib
0x0000000025db4000 	/usr/lib/libcharset.1.dylib
0x0000000025db4000 	/System/Library/PrivateFrameworks/AppleSauce.framework/Versions/A/AppleSauce
0x0000000025db4000 	/System/Library/PrivateFrameworks/AssertionServices.framework/Versions/A/AssertionServices
0x0000000025db4000 	/System/Library/PrivateFrameworks/BaseBoard.framework/Versions/A/BaseBoard
0x0000000025db4000 	/usr/lib/libmecab.1.0.0.dylib
0x0000000025db4000 	/usr/lib/libgermantok.dylib
0x0000000025db4000 	/usr/lib/libThaiTokenizer.dylib
0x0000000025db4000 	/usr/lib/libChineseTokenizer.dylib
0x0000000025db4000 	/System/Library/PrivateFrameworks/LanguageModeling.framework/Versions/A/LanguageModeling
0x0000000025db4000 	/System/Library/PrivateFrameworks/CoreEmoji.framework/Versions/A/CoreEmoji
0x0000000025db4000 	/System/Library/PrivateFrameworks/Lexicon.framework/Versions/A/Lexicon
0x0000000025db4000 	/System/Library/PrivateFrameworks/LinguisticData.framework/Versions/A/LinguisticData
0x0000000025db4000 	/usr/lib/libcmph.dylib
0x0000000025db4000 	/System/Library/Frameworks/ServiceManagement.framework/Versions/A/ServiceManagement
0x0000000025db4000 	/System/Library/PrivateFrameworks/BackgroundTaskManagement.framework/Versions/A/BackgroundTaskManagement
0x0000000025db4000 	/usr/lib/libxslt.1.dylib
0x0000000025db4000 	/System/Library/Frameworks/Carbon.framework/Versions/A/Frameworks/Ink.framework/Versions/A/Ink
0x0000000025db4000 	/System/Library/PrivateFrameworks/TextureIO.framework/Versions/A/TextureIO
0x0000000025db4000 	/usr/lib/libate.dylib
0x0000000025db4000 	/System/Library/PrivateFrameworks/CrashReporterSupport.framework/Versions/A/CrashReporterSupport
0x0000000025db4000 	/System/Library/PrivateFrameworks/Sharing.framework/Versions/A/Sharing
0x0000000025db4000 	/System/Library/PrivateFrameworks/AuthKit.framework/Versions/A/AuthKit
0x0000000025db4000 	/System/Library/PrivateFrameworks/Apple80211.framework/Versions/A/Apple80211
0x0000000025db4000 	/System/Library/PrivateFrameworks/CoreUtils.framework/Versions/A/CoreUtils
0x0000000025db4000 	/System/Library/Frameworks/CoreWLAN.framework/Versions/A/CoreWLAN
0x0000000025db4000 	/System/Library/Frameworks/IOBluetooth.framework/Versions/A/IOBluetooth
0x0000000025db4000 	/System/Library/PrivateFrameworks/ProtocolBuffer.framework/Versions/A/ProtocolBuffer
0x0000000025db4000 	/System/Library/PrivateFrameworks/MobileKeyBag.framework/Versions/A/MobileKeyBag
0x0000000025db4000 	/System/Library/PrivateFrameworks/CorePhoneNumbers.framework/Versions/A/CorePhoneNumbers
0x0000000025db4000 	/System/Library/PrivateFrameworks/AppleIDAuthSupport.framework/Versions/A/AppleIDAuthSupport
0x0000000025db4000 	/System/Library/PrivateFrameworks/KeychainCircle.framework/Versions/A/KeychainCircle
0x0000000025db4000 	/System/Library/PrivateFrameworks/ROCKit.framework/Versions/A/ROCKit
0x0000000025db4000 	/System/Library/PrivateFrameworks/CoreWiFi.framework/Versions/A/CoreWiFi
0x0000000025db4000 	/System/Library/Frameworks/CoreBluetooth.framework/Versions/A/CoreBluetooth
0x0000000025db4000 	/System/Library/PrivateFrameworks/DebugSymbols.framework/Versions/A/DebugSymbols
0x0000000025db4000 	/System/Library/PrivateFrameworks/CoreSymbolication.framework/Versions/A/CoreSymbolication
0x0000000025db4000 	/System/Library/PrivateFrameworks/Symbolication.framework/Versions/A/Symbolication
0x0000000025db4000 	/System/Library/PrivateFrameworks/SpeechRecognitionCore.framework/Versions/A/SpeechRecognitionCore
0x0000000107600000 	/Library/Java/JavaVirtualMachines/jdk1.8.0_161.jdk/Contents/Home/jre/lib/server/libjvm.dylib
0x0000000025db4000 	/usr/lib/libstdc++.6.dylib
0x0000000106d93000 	/Library/Java/JavaVirtualMachines/jdk1.8.0_161.jdk/Contents/Home/jre/lib/libverify.dylib
0x0000000106da1000 	/Library/Java/JavaVirtualMachines/jdk1.8.0_161.jdk/Contents/Home/jre/lib/libjava.dylib
0x0000000106de1000 	/Library/Java/JavaVirtualMachines/jdk1.8.0_161.jdk/Contents/Home/jre/lib/libzip.dylib
0x000000010f1e8000 	/Library/Java/JavaVirtualMachines/jdk1.8.0_161.jdk/Contents/Home/jre/lib/libprism_es2.dylib
0x0000000025db4000 	/System/Library/PrivateFrameworks/CoreServicesInternal.framework/Versions/A/CoreServicesInternal
0x0000000025db4000 	/System/Library/Frameworks/OpenGL.framework/Versions/A/Resources/GLEngine.bundle/GLEngine
0x0000000025db4000 	/System/Library/Frameworks/OpenGL.framework/Versions/A/Libraries/libGLProgrammability.dylib
0x0000000025db4000 	/System/Library/Extensions/AppleIntelKBLGraphicsGLDriver.bundle/Contents/MacOS/AppleIntelKBLGraphicsGLDriver
0x0000000025db4000 	/System/Library/PrivateFrameworks/GPUSupport.framework/Versions/A/Libraries/libGPUSupportMercury.dylib
0x0000000025db4000 	/System/Library/Frameworks/OpenGL.framework/Versions/A/Resources/GLRendererFloat.bundle/GLRendererFloat
0x0000000025db4000 	/System/Library/Frameworks/OpenCL.framework/Versions/A/Libraries/libcldcpuengine.dylib
0x0000000025db4000 	/usr/lib/libcrypto.35.dylib
0x0000000025db4000 	/System/Library/PrivateFrameworks/TrustEvaluationAgent.framework/Versions/A/TrustEvaluationAgent
0x000000010fcaf000 	/Library/Java/JavaVirtualMachines/jdk1.8.0_161.jdk/Contents/Home/jre/lib/libglass.dylib
0x0000000025db4000 	/System/Library/CoreServices/RawCamera.bundle/Contents/MacOS/RawCamera
0x0000000025db4000 	/System/Library/PrivateFrameworks/MobileAsset.framework/Versions/A/MobileAsset
0x0000000025db4000 	/System/Library/PrivateFrameworks/StreamingZip.framework/Versions/A/StreamingZip
0x0000000025db4000 	/System/Library/Frameworks/MediaToolbox.framework/Versions/A/MediaToolbox
0x0000000025db4000 	/System/Library/PrivateFrameworks/CoreAVCHD.framework/Versions/A/CoreAVCHD
0x0000000025db4000 	/System/Library/Frameworks/MediaAccessibility.framework/Versions/A/MediaAccessibility
0x0000000025db4000 	/System/Library/PrivateFrameworks/Mangrove.framework/Versions/A/Mangrove
0x0000000025db4000 	/System/Library/Frameworks/CoreMedia.framework/Versions/A/CoreMedia
0x0000000025db4000 	/System/Library/Frameworks/VideoToolbox.framework/Versions/A/VideoToolbox
0x0000000025db4000 	/System/Library/PrivateFrameworks/CoreAUC.framework/Versions/A/CoreAUC
0x0000000025db4000 	/usr/lib/libspindump.dylib
0x0000000025db4000 	/System/Library/PrivateFrameworks/AppleVA.framework/Versions/A/AppleVA
0x0000000025db4000 	/System/Library/Frameworks/Accelerate.framework/Versions/A/Frameworks/vImage.framework/Versions/A/Libraries/libCGInterfaces.dylib
0x0000000025db4000 	/System/Library/PrivateFrameworks/FamilyControls.framework/Versions/A/FamilyControls
0x0000000025db4000 	/System/Library/PrivateFrameworks/CommerceKit.framework/Versions/A/Frameworks/CommerceCore.framework/Versions/A/CommerceCore
0x0000000025db4000 	/System/Library/PrivateFrameworks/SystemAdministration.framework/Versions/A/SystemAdministration
0x0000000025db4000 	/System/Library/PrivateFrameworks/AppContainer.framework/Versions/A/AppContainer
0x0000000025db4000 	/System/Library/PrivateFrameworks/AppSandbox.framework/Versions/A/AppSandbox
0x0000000025db4000 	/System/Library/PrivateFrameworks/SecCodeWrapper.framework/Versions/A/SecCodeWrapper
0x0000000025db4000 	/usr/lib/libsandbox.1.dylib
0x0000000025db4000 	/usr/lib/libMatch.1.dylib
0x0000000025db4000 	/System/Library/PrivateFrameworks/DiskManagement.framework/Versions/A/DiskManagement
0x0000000025db4000 	/System/Library/Frameworks/DirectoryService.framework/Versions/A/DirectoryService
0x0000000025db4000 	/System/Library/PrivateFrameworks/DiskImages.framework/Versions/A/DiskImages
0x0000000025db4000 	/System/Library/PrivateFrameworks/LoginUIKit.framework/Versions/A/Frameworks/LoginUICore.framework/Versions/A/LoginUICore
0x0000000025db4000 	/usr/lib/libCoreStorage.dylib
0x0000000025db4000 	/usr/lib/libcsfde.dylib
0x0000000025db4000 	/usr/lib/libodfde.dylib
0x0000000025db4000 	/System/Library/PrivateFrameworks/MediaKit.framework/Versions/A/MediaKit
0x0000000025db4000 	/System/Library/Frameworks/DiscRecording.framework/Versions/A/DiscRecording
0x0000000025db4000 	/System/Library/PrivateFrameworks/EFILogin.framework/Versions/A/EFILogin
0x0000000025db4000 	/System/Library/PrivateFrameworks/ProtectedCloudStorage.framework/Versions/A/ProtectedCloudStorage
0x0000000025db4000 	/usr/lib/libcurl.4.dylib
0x0000000025db4000 	/usr/lib/libcrypto.42.dylib
0x0000000025db4000 	/usr/lib/libssl.44.dylib
0x0000000025db4000 	/System/Library/Frameworks/LDAP.framework/Versions/A/LDAP
0x0000000025db4000 	/usr/lib/libsasl2.2.dylib
0x0000000025db4000 	/System/Library/PrivateFrameworks/CoreDaemon.framework/Versions/B/CoreDaemon
0x0000000025db4000 	/System/Library/PrivateFrameworks/AppleSRP.framework/Versions/A/AppleSRP
0x0000000025db4000 	/System/Library/PrivateFrameworks/ViewBridge.framework/Versions/A/ViewBridge
0x0000000113e06000 	/Library/Java/JavaVirtualMachines/jdk1.8.0_161.jdk/Contents/Home/jre/lib/libjavafx_font.dylib
0x0000000025db4000 	/System/Library/Frameworks/ApplicationServices.framework/Versions/A/Frameworks/ATS.framework/Versions/A/Resources/libTrueTypeScaler.dylib
0x000000010ef79000 	/usr/lib/libobjc-trampolines.dylib
0x0000000113dcd000 	/Library/Java/JavaVirtualMachines/jdk1.8.0_161.jdk/Contents/Home/jre/lib/libnet.dylib
0x0000000025db4000 	/System/Library/Extensions/AppleIntelKBLGraphicsMTLDriver.bundle/Contents/MacOS/AppleIntelKBLGraphicsMTLDriver
0x0000000025db4000 	/System/Library/PrivateFrameworks/GPUCompiler.framework/Versions/3902/Libraries/libmetal_timestamp.dylib
0x0000000129a42000 	/Library/Java/JavaVirtualMachines/jdk1.8.0_161.jdk/Contents/Home/jre/lib/libawt.dylib
0x0000000129f9f000 	/Library/Java/JavaVirtualMachines/jdk1.8.0_161.jdk/Contents/Home/jre/lib/./libmlib_image.dylib
0x0000000025db4000 	/System/Library/Frameworks/JavaVM.framework/Versions/A/Frameworks/JavaNativeFoundation.framework/Versions/A/JavaNativeFoundation
0x0000000025db4000 	/System/Library/Frameworks/JavaVM.framework/Versions/A/Frameworks/JavaRuntimeSupport.framework/Versions/A/JavaRuntimeSupport
0x0000000025db4000 	/System/Library/Frameworks/JavaVM.framework/Versions/A/JavaVM
0x0000000025db4000 	/System/Library/PrivateFrameworks/JavaLaunching.framework/Versions/A/JavaLaunching
0x0000000025db4000 	/System/Library/Frameworks/Carbon.framework/Versions/A/Carbon
0x0000000025db4000 	/System/Library/Frameworks/Carbon.framework/Versions/A/Frameworks/CommonPanels.framework/Versions/A/CommonPanels
0x0000000025db4000 	/System/Library/Frameworks/Carbon.framework/Versions/A/Frameworks/Help.framework/Versions/A/Help
0x0000000025db4000 	/System/Library/Frameworks/Carbon.framework/Versions/A/Frameworks/ImageCapture.framework/Versions/A/ImageCapture
0x0000000025db4000 	/System/Library/Frameworks/Carbon.framework/Versions/A/Frameworks/OpenScripting.framework/Versions/A/OpenScripting
0x0000000025db4000 	/System/Library/Frameworks/Carbon.framework/Versions/A/Frameworks/Print.framework/Versions/A/Print
0x0000000025db4000 	/System/Library/Frameworks/Carbon.framework/Versions/A/Frameworks/SecurityHI.framework/Versions/A/SecurityHI
0x0000000129759000 	/Library/Java/JavaVirtualMachines/jdk1.8.0_161.jdk/Contents/Home/jre/lib/libawt_lwawt.dylib
0x0000000112a70000 	/Library/Java/JavaVirtualMachines/jdk1.8.0_161.jdk/Contents/Home/jre/lib/./libosxapp.dylib
0x0000000025db4000 	/System/Library/Frameworks/ExceptionHandling.framework/Versions/A/ExceptionHandling
0x000000010f7a4000 	/Library/Java/JavaVirtualMachines/jdk1.8.0_161.jdk/Contents/Home/jre/lib/libprism_common.dylib
0x000000012f49c000 	/Library/Java/JavaVirtualMachines/jdk1.8.0_161.jdk/Contents/Home/jre/lib/libfontmanager.dylib
0x000000010f760000 	/Library/Java/JavaVirtualMachines/jdk1.8.0_161.jdk/Contents/Home/jre/lib/libnio.dylib
0x000000010f770000 	/Library/Java/JavaVirtualMachines/jdk1.8.0_161.jdk/Contents/Home/jre/lib/libosxui.dylib
0x000000012f7b8000 	/Library/Java/JavaVirtualMachines/jdk1.8.0_161.jdk/Contents/Home/jre/lib/libjpeg.dylib
0x0000000161c9d000 	/Library/Java/JavaVirtualMachines/jdk1.8.0_161.jdk/Contents/Home/jre/lib/libdcpr.dylib

VM Arguments:
jvm_args: -Dfile.encoding=UTF-8 
java_command: eu.su.mas.dedale.princ.BlobMain
java_class_path (initial): /Library/Java/JavaVirtualMachines/jdk1.8.0_161.jdk/Contents/Home/jre/lib/resources.jar:/Library/Java/JavaVirtualMachines/jdk1.8.0_161.jdk/Contents/Home/jre/lib/rt.jar:/Library/Java/JavaVirtualMachines/jdk1.8.0_161.jdk/Contents/Home/jre/lib/jsse.jar:/Library/Java/JavaVirtualMachines/jdk1.8.0_161.jdk/Contents/Home/jre/lib/jce.jar:/Library/Java/JavaVirtualMachines/jdk1.8.0_161.jdk/Contents/Home/jre/lib/charsets.jar:/Library/Java/JavaVirtualMachines/jdk1.8.0_161.jdk/Contents/Home/jre/lib/jfr.jar:/Library/Java/JavaVirtualMachines/jdk1.8.0_161.jdk/Contents/Home/jre/lib/ext/sunec.jar:/Library/Java/JavaVirtualMachines/jdk1.8.0_161.jdk/Contents/Home/jre/lib/ext/nashorn.jar:/Library/Java/JavaVirtualMachines/jdk1.8.0_161.jdk/Contents/Home/jre/lib/ext/cldrdata.jar:/Library/Java/JavaVirtualMachines/jdk1.8.0_161.jdk/Contents/Home/jre/lib/ext/jfxrt.jar:/Library/Java/JavaVirtualMachines/jdk1.8.0_161.jdk/Contents/Home/jre/lib/ext/dnsns.jar:/Library/Java/JavaVirtualMachines/jdk1.8.0_161.jdk/Contents/Home/jre/lib/ext/localedata.jar:/Library/Java/JavaVirtualMachines/jdk1.8.0_161.jdk/Contents/Home/jre/lib/ext/sunjce_provider.jar:/Library/Java/JavaVirtualMachines/jdk1.8.0_161.jdk/Contents/Home/jre/lib/ext/sunpkcs11.jar:/Library/Java/JavaVirtualMachines/jdk1.8.0_161.jdk/Contents/Home/jre/lib/ext/jaccess.jar:/Library/Java/JavaVirtualMachines/jdk1.8.0_161.jdk/Contents/Home/jre/lib/ext/zipfs.jar:/Library/gurobi810/mac64/lib/gurobi.jar:/System/Library/Java/Extensions/MRJToolkit.jar:/Users/antoninarberet/git/Blob/target/classes:/Users/antoninarberet/git/Blob/resources:/Users/antoninarberet/git/Blob/libs/mas-0.0.1.jar:/Users/antoninarberet/git/Blob/libs/tools-0.0.1.jar:/Users/antoninarberet/git/Blob/libs/jade-4.5.0.jar:/Users/antoninarberet/.m2/repository/junit/junit/4.12/junit-4.12.jar:/Users/antoninarberet/.m2/repository/org/hamcrest/hamcrest-core/1.3/hamcrest-core-1.3.jar:/Users/antoninarberet/.m2/repository/com/github/graphstream/gs-algo/2.0-alpha/gs-algo-2.0-al
Launcher Type: SUN_STANDARD

Environment Variables:
PATH=/usr/bin:/bin:/usr/sbin:/sbin
SHELL=/bin/zsh
DISPLAY=/private/tmp/com.apple.launchd.vxGEKRxvXD/org.macosforge.xquartz:0

Signal Handlers:
SIGSEGV: [libjvm.dylib+0x5b5439], sa_mask[0]=11111111011111110111111111111111, sa_flags=SA_ONSTACK|SA_RESTART|SA_SIGINFO
SIGBUS: [libjvm.dylib+0x5b5439], sa_mask[0]=11111111011111110111111111111111, sa_flags=SA_RESTART|SA_SIGINFO
SIGFPE: [libjvm.dylib+0x48ae24], sa_mask[0]=11111111011111110111111111111111, sa_flags=SA_RESTART|SA_SIGINFO
SIGPIPE: [libjvm.dylib+0x48ae24], sa_mask[0]=11111111011111110111111111111111, sa_flags=SA_RESTART|SA_SIGINFO
SIGXFSZ: [libjvm.dylib+0x48ae24], sa_mask[0]=11111111011111110111111111111111, sa_flags=SA_RESTART|SA_SIGINFO
SIGILL: [libjvm.dylib+0x48ae24], sa_mask[0]=11111111011111110111111111111111, sa_flags=SA_RESTART|SA_SIGINFO
SIGUSR1: SIG_DFL, sa_mask[0]=00000000000000000000000000000000, sa_flags=none
SIGUSR2: [libjvm.dylib+0x48a942], sa_mask[0]=00100000000000000000000000000000, sa_flags=SA_RESTART|SA_SIGINFO
SIGHUP: [libjvm.dylib+0x488f0d], sa_mask[0]=11111111011111110111111111111111, sa_flags=SA_RESTART|SA_SIGINFO
SIGINT: [libjvm.dylib+0x488f0d], sa_mask[0]=11111111011111110111111111111111, sa_flags=SA_RESTART|SA_SIGINFO
SIGTERM: [libjvm.dylib+0x488f0d], sa_mask[0]=11111111011111110111111111111111, sa_flags=SA_RESTART|SA_SIGINFO
SIGQUIT: [libjvm.dylib+0x488f0d], sa_mask[0]=11111111011111110111111111111111, sa_flags=SA_RESTART|SA_SIGINFO


---------------  S Y S T E M  ---------------

OS:Bsduname:Darwin 18.5.0 Darwin Kernel Version 18.5.0: Mon Mar 11 20:40:32 PDT 2019; root:xnu-4903.251.3~3/RELEASE_X86_64 x86_64
rlimit: STACK 8192k, CORE 0k, NPROC 709, NOFILE 10240, AS infinity
load average:1.32 1.69 1.83

CPU:total 4 (initial active 4) (2 cores per cpu, 2 threads per core) family 6 model 142 stepping 9, cmov, cx8, fxsr, mmx, sse, sse2, sse3, ssse3, sse4.1, sse4.2, popcnt, avx, avx2, aes, clmul, erms, rtm, 3dnowpref, lzcnt, ht, tsc, tscinvbit, bmi1, bmi2, adx

Memory: 4k page, physical 8388608k(771992k free)

/proc/meminfo:


vm_info: Java HotSpot(TM) 64-Bit Server VM (25.161-b12) for bsd-amd64 JRE (1.8.0_161-b12), built on Dec 19 2017 16:22:20 by "java_re" with gcc 4.2.1 (Based on Apple Inc. build 5658) (LLVM build 2336.11.00)

time: Sat Aug 24 18:33:03 2019
elapsed time: 2749 seconds (0d 0h 45m 49s)

